#
# There is insufficient memory for the Java Runtime Environment to continue.
# Native memory allocation (mmap) failed to map 206569472 bytes for G1 virtual space
# Possible reasons:
#   The system is out of physical RAM or swap space
#   The process is running with CompressedOops enabled, and the Java Heap may be blocking the growth of the native heap
# Possible solutions:
#   Reduce memory load on the system
#   Increase physical memory or swap space
#   Check if swap backing store is full
#   Decrease Java heap size (-Xmx/-Xms)
#   Decrease number of Java threads
#   Decrease Java thread stack sizes (-Xss)
#   Set larger code cache with -XX:ReservedCodeCacheSize=
#   JVM is running with Unscaled Compressed Oops mode in which the Java heap is
#     placed in the first 4GB address space. The Java Heap base address is the
#     maximum limit for the native heap growth. Please use -XX:HeapBaseMinAddress
#     to set the Java Heap base and to place the Java Heap above 4GB virtual address.
# This output file may be truncated or incomplete.
#
#  Out of Memory Error (os_windows.cpp:3557), pid=13644, tid=10600
#
# JRE version: OpenJDK Runtime Environment Temurin-17.0.6+10 (17.0.6+10) (build 17.0.6+10)
# Java VM: OpenJDK 64-Bit Server VM Temurin-17.0.6+10 (17.0.6+10, mixed mode, emulated-client, tiered, compressed oops, compressed class ptrs, g1 gc, windows-amd64)
# No core dump will be written. Minidumps are not enabled by default on client versions of Windows
#

---------------  S U M M A R Y ------------

Command Line: -XX:+HeapDumpOnOutOfMemoryError -Xmx1024m -Dsts.lsp.client=vscode -Dsts.log.file=/dev/null -XX:TieredStopAtLevel=1 -Xlog:jni+resolve=off -Dspring.config.location=file:c:\Users\Vidusha\.vscode\extensions\vmware.vscode-spring-boot-1.44.0\language-server\BOOT-INF\classes\application.properties org.springframework.ide.vscode.boot.app.BootLanguageServerBootApp

Host: 11th Gen Intel(R) Core(TM) i7-1165G7 @ 2.80GHz, 8 cores, 7G,  Windows 11 , 64 bit Build 22621 (10.0.22621.1194)
Time: Sat Mar  4 19:03:21 2023 Sri Lanka Standard Time elapsed time: 1.867985 seconds (0d 0h 0m 1s)

---------------  T H R E A D  ---------------

Current thread (0x000002143ad29b30):  VMThread "VM Thread" [stack: 0x0000009b64700000,0x0000009b64800000] [id=10600]

Stack: [0x0000009b64700000,0x0000009b64800000]
Native frames: (J=compiled Java code, j=interpreted, Vv=VM code, C=native code)
V  [jvm.dll+0x67741a]
V  [jvm.dll+0x834434]
V  [jvm.dll+0x835bde]
V  [jvm.dll+0x836243]
V  [jvm.dll+0x2457b5]
V  [jvm.dll+0x674329]
V  [jvm.dll+0x6689da]
V  [jvm.dll+0x30489b]
V  [jvm.dll+0x30bd96]
V  [jvm.dll+0x35b57e]
V  [jvm.dll+0x35b7af]
V  [jvm.dll+0x2db778]
V  [jvm.dll+0x2d9a2c]
V  [jvm.dll+0x2d8ffc]
V  [jvm.dll+0x31cdcb]
V  [jvm.dll+0x83a6eb]
V  [jvm.dll+0x83b424]
V  [jvm.dll+0x83b93c]
V  [jvm.dll+0x83bd14]
V  [jvm.dll+0x83bde0]
V  [jvm.dll+0x7e483a]
V  [jvm.dll+0x6762c5]
C  [ucrtbase.dll+0x29363]
C  [KERNEL32.DLL+0x126bd]
C  [ntdll.dll+0x5dfb8]

VM_Operation (0x0000009b667fe170): G1CollectForAllocation, mode: safepoint, requested by thread 0x000002143ceefed0


---------------  P R O C E S S  ---------------

Threads class SMR info:
_java_thread_list=0x000002143ced9580, length=35, elements={
0x000002143ad3f380, 0x000002143ad3ff30, 0x000002143ad4b8d0, 0x000002143ad4c280,
0x000002143ad4cc30, 0x000002143ad4d5e0, 0x000002143b834020, 0x000002143b8462c0,
0x000002143ba3b090, 0x000002143ba4c600, 0x000002143ba57340, 0x000002143bff4c10,
0x000002143c88e840, 0x000002143ccf0c30, 0x000002143ccc3830, 0x000002143cc6a330,
0x000002143cc97860, 0x000002142fee4230, 0x000002143cdc58d0, 0x000002143cdc8340,
0x000002143cdc8810, 0x000002143cef2550, 0x000002143cef03a0, 0x000002143ceefed0,
0x000002143cef0870, 0x000002143cef0d40, 0x000002143cef1bb0, 0x000002143ceefa00,
0x000002143ceef060, 0x000002143cef16e0, 0x000002143cef2a20, 0x000002143cef1210,
0x000002143cef2080, 0x000002143ceef530, 0x000002143cfc4090
}

Java Threads: ( => current thread )
  0x000002143ad3f380 JavaThread "Reference Handler" daemon [_thread_blocked, id=16412, stack(0x0000009b64800000,0x0000009b64900000)]
  0x000002143ad3ff30 JavaThread "Finalizer" daemon [_thread_blocked, id=19932, stack(0x0000009b64900000,0x0000009b64a00000)]
  0x000002143ad4b8d0 JavaThread "Signal Dispatcher" daemon [_thread_blocked, id=3140, stack(0x0000009b64a00000,0x0000009b64b00000)]
  0x000002143ad4c280 JavaThread "Attach Listener" daemon [_thread_blocked, id=19852, stack(0x0000009b64b00000,0x0000009b64c00000)]
  0x000002143ad4cc30 JavaThread "Service Thread" daemon [_thread_blocked, id=5116, stack(0x0000009b64c00000,0x0000009b64d00000)]
  0x000002143ad4d5e0 JavaThread "Monitor Deflation Thread" daemon [_thread_blocked, id=12476, stack(0x0000009b64d00000,0x0000009b64e00000)]
  0x000002143b834020 JavaThread "C1 CompilerThread0" daemon [_thread_blocked, id=13436, stack(0x0000009b64e00000,0x0000009b64f00000)]
  0x000002143b8462c0 JavaThread "Sweeper thread" daemon [_thread_blocked, id=11668, stack(0x0000009b64f00000,0x0000009b65000000)]
  0x000002143ba3b090 JavaThread "C1 CompilerThread1" daemon [_thread_blocked, id=15584, stack(0x0000009b65000000,0x0000009b65100000)]
  0x000002143ba4c600 JavaThread "Notification Thread" daemon [_thread_blocked, id=18868, stack(0x0000009b65100000,0x0000009b65200000)]
  0x000002143ba57340 JavaThread "Common-Cleaner" daemon [_thread_blocked, id=2708, stack(0x0000009b65300000,0x0000009b65400000)]
  0x000002143bff4c10 JavaThread "C1 CompilerThread2" daemon [_thread_blocked, id=3112, stack(0x0000009b65400000,0x0000009b65500000)]
  0x000002143c88e840 JavaThread "C1 CompilerThread3" daemon [_thread_blocked, id=20216, stack(0x0000009b65d00000,0x0000009b65e00000)]
  0x000002143ccf0c30 JavaThread "boundedElastic-evictor-1" daemon [_thread_blocked, id=20288, stack(0x0000009b65c00000,0x0000009b65d00000)]
  0x000002143ccc3830 JavaThread "boundedElastic-evictor-2" daemon [_thread_blocked, id=18060, stack(0x0000009b65f00000,0x0000009b66000000)]
  0x000002143cc6a330 JavaThread "pool-10-thread-1" [_thread_blocked, id=18052, stack(0x0000009b66000000,0x0000009b66100000)]
  0x000002143cc97860 JavaThread "LanguageServerApp-lifecycle" [_thread_blocked, id=13444, stack(0x0000009b66100000,0x0000009b66200000)]
  0x000002142fee4230 JavaThread "DestroyJavaVM" [_thread_blocked, id=13688, stack(0x0000009b64100000,0x0000009b64200000)]
  0x000002143cdc58d0 JavaThread "pool-11-thread-1" [_thread_in_native, id=12020, stack(0x0000009b66200000,0x0000009b66300000)]
  0x000002143cdc8340 JavaThread "Simple-Language-Server main thread" daemon [_thread_blocked, id=11472, stack(0x0000009b66300000,0x0000009b66400000)]
  0x000002143cdc8810 JavaThread "ForkJoinPool.commonPool-worker-1" daemon [_thread_blocked, id=13792, stack(0x0000009b66400000,0x0000009b66500000)]
  0x000002143cef2550 JavaThread "ClassGraph-worker-0" daemon [_thread_blocked, id=8056, stack(0x0000009b66500000,0x0000009b66600000)]
  0x000002143cef03a0 JavaThread "ClassGraph-worker-1" daemon [_thread_blocked, id=7052, stack(0x0000009b66600000,0x0000009b66700000)]
  0x000002143ceefed0 JavaThread "ClassGraph-worker-2" daemon [_thread_blocked, id=5076, stack(0x0000009b66700000,0x0000009b66800000)]
  0x000002143cef0870 JavaThread "ClassGraph-worker-3" daemon [_thread_blocked, id=16860, stack(0x0000009b66800000,0x0000009b66900000)]
  0x000002143cef0d40 JavaThread "ClassGraph-worker-4" daemon [_thread_blocked, id=19488, stack(0x0000009b66900000,0x0000009b66a00000)]
  0x000002143cef1bb0 JavaThread "ClassGraph-worker-5" daemon [_thread_blocked, id=12556, stack(0x0000009b66a00000,0x0000009b66b00000)]
  0x000002143ceefa00 JavaThread "ClassGraph-worker-6" daemon [_thread_blocked, id=4424, stack(0x0000009b66b00000,0x0000009b66c00000)]
  0x000002143ceef060 JavaThread "ClassGraph-worker-7" daemon [_thread_blocked, id=14692, stack(0x0000009b66c00000,0x0000009b66d00000)]
  0x000002143cef16e0 JavaThread "ClassGraph-worker-8" daemon [_thread_blocked, id=14112, stack(0x0000009b66d00000,0x0000009b66e00000)]
  0x000002143cef2a20 JavaThread "ClassGraph-worker-9" daemon [_thread_blocked, id=12300, stack(0x0000009b66e00000,0x0000009b66f00000)]
  0x000002143cef1210 JavaThread "ClassGraph-worker-10" daemon [_thread_blocked, id=3852, stack(0x0000009b66f00000,0x0000009b67000000)]
  0x000002143cef2080 JavaThread "ClassGraph-worker-11" daemon [_thread_blocked, id=13416, stack(0x0000009b67000000,0x0000009b67100000)]
  0x000002143ceef530 JavaThread "ClassGraph-worker-12" daemon [_thread_blocked, id=6668, stack(0x0000009b67100000,0x0000009b67200000)]
  0x000002143cfc4090 JavaThread "ClassGraph-worker-13" daemon [_thread_blocked, id=18524, stack(0x0000009b67200000,0x0000009b67300000)]

Other Threads:
=>0x000002143ad29b30 VMThread "VM Thread" [stack: 0x0000009b64700000,0x0000009b64800000] [id=10600]
  0x000002143ba4eef0 WatcherThread [stack: 0x0000009b65200000,0x0000009b65300000] [id=4508]
  0x000002142ff23900 GCTaskThread "GC Thread#0" [stack: 0x0000009b64200000,0x0000009b64300000] [id=18504]
  0x000002143c26d660 GCTaskThread "GC Thread#1" [stack: 0x0000009b65500000,0x0000009b65600000] [id=6356]
  0x000002143c4eeec0 GCTaskThread "GC Thread#2" [stack: 0x0000009b65600000,0x0000009b65700000] [id=11792]
  0x000002143c4ef170 GCTaskThread "GC Thread#3" [stack: 0x0000009b65700000,0x0000009b65800000] [id=1656]
  0x000002143c4ef420 GCTaskThread "GC Thread#4" [stack: 0x0000009b65800000,0x0000009b65900000] [id=4536]
  0x000002143c750ba0 GCTaskThread "GC Thread#5" [stack: 0x0000009b65900000,0x0000009b65a00000] [id=13608]
  0x000002143c750e50 GCTaskThread "GC Thread#6" [stack: 0x0000009b65a00000,0x0000009b65b00000] [id=14032]
  0x000002143c753110 GCTaskThread "GC Thread#7" [stack: 0x0000009b65b00000,0x0000009b65c00000] [id=14036]
  0x000002142ff2ddb0 ConcurrentGCThread "G1 Main Marker" [stack: 0x0000009b64300000,0x0000009b64400000] [id=20344]
  0x000002142ff2ef60 ConcurrentGCThread "G1 Conc#0" [stack: 0x0000009b64400000,0x0000009b64500000] [id=14208]
  0x000002143c74fb90 ConcurrentGCThread "G1 Conc#1" [stack: 0x0000009b65e00000,0x0000009b65f00000] [id=17184]
  0x000002143ab89100 ConcurrentGCThread "G1 Refine#0" [stack: 0x0000009b64500000,0x0000009b64600000] [id=10744]
  0x000002143d04c6f0 ConcurrentGCThread "G1 Refine#1" [stack: 0x0000009b67300000,0x0000009b67400000] [id=14116]
  0x000002143d22a030 ConcurrentGCThread "G1 Refine#2" [stack: 0x0000009b67400000,0x0000009b67500000] [id=20588]
  0x000002143d228ef0 ConcurrentGCThread "G1 Refine#3" [stack: 0x0000009b67500000,0x0000009b67600000] [id=20148]
  0x000002143ab8a7e0 ConcurrentGCThread "G1 Service" [stack: 0x0000009b64600000,0x0000009b64700000] [id=16036]

Threads with active compile tasks:
C1 CompilerThread0     1879 3735   !   1       io.github.classgraph.Scanner$ClassfileScannerWorkUnitProcessor::processWorkUnit (291 bytes)
C1 CompilerThread1     1879 3724       1       io.github.classgraph.Classfile::readMethods (1501 bytes)
C1 CompilerThread2     1879 3737       1       io.github.classgraph.ClasspathElementModule$1::openClassfile (13 bytes)
C1 CompilerThread3     1879 3736   !   1       io.github.classgraph.Classfile::<init> (860 bytes)

VM state: at safepoint (normal execution)

VM Mutex/Monitor currently owned by a thread:  ([mutex/lock_event])
[0x000002142de2e800] Threads_lock - owner thread: 0x000002143ad29b30
[0x000002142fee2970] Heap_lock - owner thread: 0x000002143ceefed0

Heap address: 0x00000000c0000000, size: 1024 MB, Compressed Oops mode: 32-bit

CDS archive(s) not mapped
Compressed class space mapped at: 0x0000000100000000-0x0000000140000000, reserved size: 1073741824
Narrow klass base: 0x0000000000000000, Narrow klass shift: 3, Narrow klass range: 0x140000000

GC Precious Log:
 CPUs: 8 total, 8 available
 Memory: 7886M
 Large Page Support: Disabled
 NUMA Support: Disabled
 Compressed Oops: Enabled (32-bit)
 Heap Region Size: 1M
 Heap Min Capacity: 8M
 Heap Initial Capacity: 124M
 Heap Max Capacity: 1G
 Pre-touch: Disabled
 Parallel Workers: 8
 Concurrent Workers: 2
 Concurrent Refinement Workers: 8
 Periodic GC: Disabled

Heap:
 garbage-first heap   total 126976K, used 66682K [0x00000000c0000000, 0x0000000100000000)
  region size 1024K, 2 young (2048K), 2 survivors (2048K)
 Metaspace       used 35319K, committed 35712K, reserved 1081344K
  class space    used 4580K, committed 4800K, reserved 1048576K

Heap Regions: E=young(eden), S=young(survivor), O=old, HS=humongous(starts), HC=humongous(continues), CS=collection set, F=free, OA=open archive, CA=closed archive, TAMS=top-at-mark-start (previous, next)
|   0|0x00000000c0000000, 0x00000000c0100000, 0x00000000c0100000|100%| O|  |TAMS 0x00000000c0100000, 0x00000000c0100000| Untracked 
|   1|0x00000000c0100000, 0x00000000c0200000, 0x00000000c0200000|100%| O|  |TAMS 0x00000000c0200000, 0x00000000c0200000| Untracked 
|   2|0x00000000c0200000, 0x00000000c0300000, 0x00000000c0300000|100%| O|  |TAMS 0x00000000c0300000, 0x00000000c0300000| Untracked 
|   3|0x00000000c0300000, 0x00000000c0400000, 0x00000000c0400000|100%| O|  |TAMS 0x00000000c0400000, 0x00000000c0400000| Untracked 
|   4|0x00000000c0400000, 0x00000000c0500000, 0x00000000c0500000|100%| O|  |TAMS 0x00000000c0500000, 0x00000000c0500000| Untracked 
|   5|0x00000000c0500000, 0x00000000c0600000, 0x00000000c0600000|100%| O|  |TAMS 0x00000000c0600000, 0x00000000c0600000| Untracked 
|   6|0x00000000c0600000, 0x00000000c0700000, 0x00000000c0700000|100%| O|  |TAMS 0x00000000c0700000, 0x00000000c0700000| Untracked 
|   7|0x00000000c0700000, 0x00000000c07a6a00, 0x00000000c0800000| 65%| O|  |TAMS 0x00000000c07a6a00, 0x00000000c07a6a00| Untracked 
|   8|0x00000000c0800000, 0x00000000c0900000, 0x00000000c0900000|100%| O|  |TAMS 0x00000000c0900000, 0x00000000c0900000| Untracked 
|   9|0x00000000c0900000, 0x00000000c0a00000, 0x00000000c0a00000|100%| O|  |TAMS 0x00000000c0a00000, 0x00000000c0a00000| Untracked 
|  10|0x00000000c0a00000, 0x00000000c0b00000, 0x00000000c0b00000|100%| O|  |TAMS 0x00000000c0b00000, 0x00000000c0b00000| Untracked 
|  11|0x00000000c0b00000, 0x00000000c0c00000, 0x00000000c0c00000|100%| O|  |TAMS 0x00000000c0c00000, 0x00000000c0c00000| Untracked 
|  12|0x00000000c0c00000, 0x00000000c0d00000, 0x00000000c0d00000|100%| O|  |TAMS 0x00000000c0d00000, 0x00000000c0d00000| Untracked 
|  13|0x00000000c0d00000, 0x00000000c0e00000, 0x00000000c0e00000|100%| O|  |TAMS 0x00000000c0e00000, 0x00000000c0e00000| Untracked 
|  14|0x00000000c0e00000, 0x00000000c0f00000, 0x00000000c0f00000|100%| O|  |TAMS 0x00000000c0f00000, 0x00000000c0f00000| Untracked 
|  15|0x00000000c0f00000, 0x00000000c1000000, 0x00000000c1000000|100%| O|  |TAMS 0x00000000c1000000, 0x00000000c1000000| Untracked 
|  16|0x00000000c1000000, 0x00000000c1100000, 0x00000000c1100000|100%| O|  |TAMS 0x00000000c1100000, 0x00000000c1100000| Untracked 
|  17|0x00000000c1100000, 0x00000000c1200000, 0x00000000c1200000|100%| O|  |TAMS 0x00000000c1200000, 0x00000000c1200000| Untracked 
|  18|0x00000000c1200000, 0x00000000c1300000, 0x00000000c1300000|100%| O|  |TAMS 0x00000000c1300000, 0x00000000c1300000| Untracked 
|  19|0x00000000c1300000, 0x00000000c1400000, 0x00000000c1400000|100%| O|  |TAMS 0x00000000c1400000, 0x00000000c1400000| Untracked 
|  20|0x00000000c1400000, 0x00000000c1500000, 0x00000000c1500000|100%| O|  |TAMS 0x00000000c1500000, 0x00000000c1500000| Untracked 
|  21|0x00000000c1500000, 0x00000000c1600000, 0x00000000c1600000|100%| O|  |TAMS 0x00000000c1600000, 0x00000000c1600000| Untracked 
|  22|0x00000000c1600000, 0x00000000c1700000, 0x00000000c1700000|100%| O|  |TAMS 0x00000000c1700000, 0x00000000c1700000| Untracked 
|  23|0x00000000c1700000, 0x00000000c1700000, 0x00000000c1800000|  0%| F|  |TAMS 0x00000000c1700000, 0x00000000c1700000| Untracked 
|  24|0x00000000c1800000, 0x00000000c1900000, 0x00000000c1900000|100%| O|  |TAMS 0x00000000c1900000, 0x00000000c1900000| Untracked 
|  25|0x00000000c1900000, 0x00000000c1a00000, 0x00000000c1a00000|100%| O|  |TAMS 0x00000000c1a00000, 0x00000000c1a00000| Untracked 
|  26|0x00000000c1a00000, 0x00000000c1b00000, 0x00000000c1b00000|100%| O|  |TAMS 0x00000000c1b00000, 0x00000000c1b00000| Untracked 
|  27|0x00000000c1b00000, 0x00000000c1c00000, 0x00000000c1c00000|100%| O|  |TAMS 0x00000000c1c00000, 0x00000000c1c00000| Untracked 
|  28|0x00000000c1c00000, 0x00000000c1d00000, 0x00000000c1d00000|100%| O|  |TAMS 0x00000000c1d00000, 0x00000000c1d00000| Untracked 
|  29|0x00000000c1d00000, 0x00000000c1e00000, 0x00000000c1e00000|100%| O|  |TAMS 0x00000000c1e00000, 0x00000000c1e00000| Untracked 
|  30|0x00000000c1e00000, 0x00000000c1f00000, 0x00000000c1f00000|100%| O|  |TAMS 0x00000000c1f00000, 0x00000000c1f00000| Untracked 
|  31|0x00000000c1f00000, 0x00000000c2000000, 0x00000000c2000000|100%| O|  |TAMS 0x00000000c2000000, 0x00000000c2000000| Untracked 
|  32|0x00000000c2000000, 0x00000000c2100000, 0x00000000c2100000|100%| O|  |TAMS 0x00000000c2100000, 0x00000000c2100000| Untracked 
|  33|0x00000000c2100000, 0x00000000c2200000, 0x00000000c2200000|100%| O|  |TAMS 0x00000000c2200000, 0x00000000c2200000| Untracked 
|  34|0x00000000c2200000, 0x00000000c2300000, 0x00000000c2300000|100%| O|  |TAMS 0x00000000c2300000, 0x00000000c2300000| Untracked 
|  35|0x00000000c2300000, 0x00000000c2400000, 0x00000000c2400000|100%| O|  |TAMS 0x00000000c2400000, 0x00000000c2400000| Untracked 
|  36|0x00000000c2400000, 0x00000000c2500000, 0x00000000c2500000|100%| O|  |TAMS 0x00000000c2500000, 0x00000000c2500000| Untracked 
|  37|0x00000000c2500000, 0x00000000c2600000, 0x00000000c2600000|100%| O|  |TAMS 0x00000000c2600000, 0x00000000c2600000| Untracked 
|  38|0x00000000c2600000, 0x00000000c2700000, 0x00000000c2700000|100%| O|  |TAMS 0x00000000c2700000, 0x00000000c2700000| Untracked 
|  39|0x00000000c2700000, 0x00000000c2800000, 0x00000000c2800000|100%| O|  |TAMS 0x00000000c2800000, 0x00000000c2800000| Untracked 
|  40|0x00000000c2800000, 0x00000000c2900000, 0x00000000c2900000|100%| O|  |TAMS 0x00000000c2900000, 0x00000000c2900000| Untracked 
|  41|0x00000000c2900000, 0x00000000c2a00000, 0x00000000c2a00000|100%| O|  |TAMS 0x00000000c2a00000, 0x00000000c2a00000| Untracked 
|  42|0x00000000c2a00000, 0x00000000c2b00000, 0x00000000c2b00000|100%| O|  |TAMS 0x00000000c2a73000, 0x00000000c2b00000| Untracked 
|  43|0x00000000c2b00000, 0x00000000c2c00000, 0x00000000c2c00000|100%| O|  |TAMS 0x00000000c2b00000, 0x00000000c2c00000| Untracked 
|  44|0x00000000c2c00000, 0x00000000c2d00000, 0x00000000c2d00000|100%| O|  |TAMS 0x00000000c2c00000, 0x00000000c2d00000| Untracked 
|  45|0x00000000c2d00000, 0x00000000c2e00000, 0x00000000c2e00000|100%| O|  |TAMS 0x00000000c2d00000, 0x00000000c2e00000| Untracked 
|  46|0x00000000c2e00000, 0x00000000c2f00000, 0x00000000c2f00000|100%| O|  |TAMS 0x00000000c2e00000, 0x00000000c2f00000| Untracked 
|  47|0x00000000c2f00000, 0x00000000c3000000, 0x00000000c3000000|100%|HS|  |TAMS 0x00000000c2f00000, 0x00000000c3000000| Complete 
|  48|0x00000000c3000000, 0x00000000c3100000, 0x00000000c3100000|100%|HS|  |TAMS 0x00000000c3000000, 0x00000000c3100000| Complete 
|  49|0x00000000c3100000, 0x00000000c3200000, 0x00000000c3200000|100%| O|  |TAMS 0x00000000c3100000, 0x00000000c3200000| Untracked 
|  50|0x00000000c3200000, 0x00000000c3300000, 0x00000000c3300000|100%| O|  |TAMS 0x00000000c3200000, 0x00000000c3300000| Untracked 
|  51|0x00000000c3300000, 0x00000000c3400000, 0x00000000c3400000|100%| O|  |TAMS 0x00000000c3300000, 0x00000000c3400000| Untracked 
|  52|0x00000000c3400000, 0x00000000c3500000, 0x00000000c3500000|100%| O|  |TAMS 0x00000000c3400000, 0x00000000c3500000| Untracked 
|  53|0x00000000c3500000, 0x00000000c3600000, 0x00000000c3600000|100%| O|  |TAMS 0x00000000c3500000, 0x00000000c3600000| Untracked 
|  54|0x00000000c3600000, 0x00000000c3700000, 0x00000000c3700000|100%| O|  |TAMS 0x00000000c3600000, 0x00000000c3700000| Untracked 
|  55|0x00000000c3700000, 0x00000000c3800000, 0x00000000c3800000|100%| O|  |TAMS 0x00000000c3700000, 0x00000000c3800000| Untracked 
|  56|0x00000000c3800000, 0x00000000c3900000, 0x00000000c3900000|100%| O|  |TAMS 0x00000000c3800000, 0x00000000c3900000| Untracked 
|  57|0x00000000c3900000, 0x00000000c3a00000, 0x00000000c3a00000|100%| O|  |TAMS 0x00000000c3900000, 0x00000000c3a00000| Untracked 
|  58|0x00000000c3a00000, 0x00000000c3b00000, 0x00000000c3b00000|100%| O|  |TAMS 0x00000000c3a00000, 0x00000000c3b00000| Untracked 
|  59|0x00000000c3b00000, 0x00000000c3c00000, 0x00000000c3c00000|100%| O|  |TAMS 0x00000000c3b00000, 0x00000000c3c00000| Untracked 
|  60|0x00000000c3c00000, 0x00000000c3d00000, 0x00000000c3d00000|100%| O|  |TAMS 0x00000000c3c00000, 0x00000000c3d00000| Untracked 
|  61|0x00000000c3d00000, 0x00000000c3e00000, 0x00000000c3e00000|100%| O|  |TAMS 0x00000000c3d00000, 0x00000000c3e00000| Untracked 
|  62|0x00000000c3e00000, 0x00000000c3f00000, 0x00000000c3f00000|100%| O|  |TAMS 0x00000000c3e00000, 0x00000000c3f00000| Untracked 
|  63|0x00000000c3f00000, 0x00000000c4000000, 0x00000000c4000000|100%| O|  |TAMS 0x00000000c3f00000, 0x00000000c4000000| Untracked 
|  64|0x00000000c4000000, 0x00000000c4077e00, 0x00000000c4100000| 46%| O|  |TAMS 0x00000000c4000000, 0x00000000c4033200| Untracked 
|  65|0x00000000c4100000, 0x00000000c4100000, 0x00000000c4200000|  0%| F|  |TAMS 0x00000000c4100000, 0x00000000c4100000| Untracked 
|  66|0x00000000c4200000, 0x00000000c4200000, 0x00000000c4300000|  0%| F|  |TAMS 0x00000000c4200000, 0x00000000c4200000| Untracked 
|  67|0x00000000c4300000, 0x00000000c4300000, 0x00000000c4400000|  0%| F|  |TAMS 0x00000000c4300000, 0x00000000c4300000| Untracked 
|  68|0x00000000c4400000, 0x00000000c4400000, 0x00000000c4500000|  0%| F|  |TAMS 0x00000000c4400000, 0x00000000c4400000| Untracked 
|  69|0x00000000c4500000, 0x00000000c4500000, 0x00000000c4600000|  0%| F|  |TAMS 0x00000000c4500000, 0x00000000c4500000| Untracked 
|  70|0x00000000c4600000, 0x00000000c4600000, 0x00000000c4700000|  0%| F|  |TAMS 0x00000000c4600000, 0x00000000c4600000| Untracked 
|  71|0x00000000c4700000, 0x00000000c4700000, 0x00000000c4800000|  0%| F|  |TAMS 0x00000000c4700000, 0x00000000c4700000| Untracked 
|  72|0x00000000c4800000, 0x00000000c4800000, 0x00000000c4900000|  0%| F|  |TAMS 0x00000000c4800000, 0x00000000c4800000| Untracked 
|  73|0x00000000c4900000, 0x00000000c4900000, 0x00000000c4a00000|  0%| F|  |TAMS 0x00000000c4900000, 0x00000000c4900000| Untracked 
|  74|0x00000000c4a00000, 0x00000000c4a00000, 0x00000000c4b00000|  0%| F|  |TAMS 0x00000000c4a00000, 0x00000000c4a00000| Untracked 
|  75|0x00000000c4b00000, 0x00000000c4b00000, 0x00000000c4c00000|  0%| F|  |TAMS 0x00000000c4b00000, 0x00000000c4b00000| Untracked 
|  76|0x00000000c4c00000, 0x00000000c4c00000, 0x00000000c4d00000|  0%| F|  |TAMS 0x00000000c4c00000, 0x00000000c4c00000| Untracked 
|  77|0x00000000c4d00000, 0x00000000c4d00000, 0x00000000c4e00000|  0%| F|  |TAMS 0x00000000c4d00000, 0x00000000c4d00000| Untracked 
|  78|0x00000000c4e00000, 0x00000000c4e00000, 0x00000000c4f00000|  0%| F|  |TAMS 0x00000000c4e00000, 0x00000000c4e00000| Untracked 
|  79|0x00000000c4f00000, 0x00000000c4f00000, 0x00000000c5000000|  0%| F|  |TAMS 0x00000000c4f00000, 0x00000000c4f00000| Untracked 
|  80|0x00000000c5000000, 0x00000000c5000000, 0x00000000c5100000|  0%| F|  |TAMS 0x00000000c5000000, 0x00000000c5000000| Untracked 
|  81|0x00000000c5100000, 0x00000000c5100000, 0x00000000c5200000|  0%| F|  |TAMS 0x00000000c5100000, 0x00000000c5100000| Untracked 
|  82|0x00000000c5200000, 0x00000000c5200000, 0x00000000c5300000|  0%| F|  |TAMS 0x00000000c5200000, 0x00000000c5200000| Untracked 
|  83|0x00000000c5300000, 0x00000000c5300000, 0x00000000c5400000|  0%| F|  |TAMS 0x00000000c5300000, 0x00000000c5300000| Untracked 
|  84|0x00000000c5400000, 0x00000000c5400000, 0x00000000c5500000|  0%| F|  |TAMS 0x00000000c5400000, 0x00000000c5400000| Untracked 
|  85|0x00000000c5500000, 0x00000000c5500000, 0x00000000c5600000|  0%| F|  |TAMS 0x00000000c5500000, 0x00000000c5500000| Untracked 
|  86|0x00000000c5600000, 0x00000000c5600000, 0x00000000c5700000|  0%| F|  |TAMS 0x00000000c5600000, 0x00000000c5600000| Untracked 
|  87|0x00000000c5700000, 0x00000000c5700000, 0x00000000c5800000|  0%| F|  |TAMS 0x00000000c5700000, 0x00000000c5700000| Untracked 
|  88|0x00000000c5800000, 0x00000000c5800000, 0x00000000c5900000|  0%| F|  |TAMS 0x00000000c5800000, 0x00000000c5800000| Untracked 
|  89|0x00000000c5900000, 0x00000000c5a00000, 0x00000000c5a00000|100%| S|CS|TAMS 0x00000000c5900000, 0x00000000c5900000| Complete 
|  90|0x00000000c5a00000, 0x00000000c5b00000, 0x00000000c5b00000|100%| S|CS|TAMS 0x00000000c5a00000, 0x00000000c5a00000| Complete 
|  91|0x00000000c5b00000, 0x00000000c5b00000, 0x00000000c5c00000|  0%| F|  |TAMS 0x00000000c5b00000, 0x00000000c5b00000| Untracked 
|  92|0x00000000c5c00000, 0x00000000c5c00000, 0x00000000c5d00000|  0%| F|  |TAMS 0x00000000c5c00000, 0x00000000c5c00000| Untracked 
|  93|0x00000000c5d00000, 0x00000000c5d00000, 0x00000000c5e00000|  0%| F|  |TAMS 0x00000000c5d00000, 0x00000000c5d00000| Untracked 
|  94|0x00000000c5e00000, 0x00000000c5e00000, 0x00000000c5f00000|  0%| F|  |TAMS 0x00000000c5e00000, 0x00000000c5e00000| Untracked 
|  95|0x00000000c5f00000, 0x00000000c5f00000, 0x00000000c6000000|  0%| F|  |TAMS 0x00000000c5f00000, 0x00000000c5f00000| Untracked 
|  96|0x00000000c6000000, 0x00000000c6000000, 0x00000000c6100000|  0%| F|  |TAMS 0x00000000c6000000, 0x00000000c6000000| Untracked 
|  97|0x00000000c6100000, 0x00000000c6100000, 0x00000000c6200000|  0%| F|  |TAMS 0x00000000c6100000, 0x00000000c6100000| Untracked 
|  98|0x00000000c6200000, 0x00000000c6200000, 0x00000000c6300000|  0%| F|  |TAMS 0x00000000c6200000, 0x00000000c6200000| Untracked 
|  99|0x00000000c6300000, 0x00000000c6300000, 0x00000000c6400000|  0%| F|  |TAMS 0x00000000c6300000, 0x00000000c6300000| Untracked 
| 100|0x00000000c6400000, 0x00000000c6400000, 0x00000000c6500000|  0%| F|  |TAMS 0x00000000c6400000, 0x00000000c6400000| Untracked 
| 101|0x00000000c6500000, 0x00000000c6500000, 0x00000000c6600000|  0%| F|  |TAMS 0x00000000c6500000, 0x00000000c6500000| Untracked 
| 102|0x00000000c6600000, 0x00000000c6600000, 0x00000000c6700000|  0%| F|  |TAMS 0x00000000c6600000, 0x00000000c6600000| Untracked 
| 103|0x00000000c6700000, 0x00000000c6700000, 0x00000000c6800000|  0%| F|  |TAMS 0x00000000c6700000, 0x00000000c6700000| Untracked 
| 104|0x00000000c6800000, 0x00000000c6800000, 0x00000000c6900000|  0%| F|  |TAMS 0x00000000c6800000, 0x00000000c6800000| Untracked 
| 105|0x00000000c6900000, 0x00000000c6900000, 0x00000000c6a00000|  0%| F|  |TAMS 0x00000000c6900000, 0x00000000c6900000| Untracked 
| 106|0x00000000c6a00000, 0x00000000c6a00000, 0x00000000c6b00000|  0%| F|  |TAMS 0x00000000c6a00000, 0x00000000c6a00000| Untracked 
| 107|0x00000000c6b00000, 0x00000000c6b00000, 0x00000000c6c00000|  0%| F|  |TAMS 0x00000000c6b00000, 0x00000000c6b00000| Untracked 
| 108|0x00000000c6c00000, 0x00000000c6c00000, 0x00000000c6d00000|  0%| F|  |TAMS 0x00000000c6c00000, 0x00000000c6c00000| Untracked 
| 109|0x00000000c6d00000, 0x00000000c6d00000, 0x00000000c6e00000|  0%| F|  |TAMS 0x00000000c6d00000, 0x00000000c6d00000| Untracked 
| 110|0x00000000c6e00000, 0x00000000c6e00000, 0x00000000c6f00000|  0%| F|  |TAMS 0x00000000c6e00000, 0x00000000c6e00000| Untracked 
| 111|0x00000000c6f00000, 0x00000000c6f00000, 0x00000000c7000000|  0%| F|  |TAMS 0x00000000c6f00000, 0x00000000c6f00000| Untracked 
| 112|0x00000000c7000000, 0x00000000c7000000, 0x00000000c7100000|  0%| F|  |TAMS 0x00000000c7000000, 0x00000000c7000000| Untracked 
| 113|0x00000000c7100000, 0x00000000c7100000, 0x00000000c7200000|  0%| F|  |TAMS 0x00000000c7100000, 0x00000000c7100000| Untracked 
| 114|0x00000000c7200000, 0x00000000c7200000, 0x00000000c7300000|  0%| F|  |TAMS 0x00000000c7200000, 0x00000000c7200000| Untracked 
| 115|0x00000000c7300000, 0x00000000c7300000, 0x00000000c7400000|  0%| F|  |TAMS 0x00000000c7300000, 0x00000000c7300000| Untracked 
| 116|0x00000000c7400000, 0x00000000c7400000, 0x00000000c7500000|  0%| F|  |TAMS 0x00000000c7400000, 0x00000000c7400000| Untracked 
| 117|0x00000000c7500000, 0x00000000c7500000, 0x00000000c7600000|  0%| F|  |TAMS 0x00000000c7500000, 0x00000000c7500000| Untracked 
| 118|0x00000000c7600000, 0x00000000c7600000, 0x00000000c7700000|  0%| F|  |TAMS 0x00000000c7600000, 0x00000000c7600000| Untracked 
| 119|0x00000000c7700000, 0x00000000c7700000, 0x00000000c7800000|  0%| F|  |TAMS 0x00000000c7700000, 0x00000000c7700000| Untracked 
| 120|0x00000000c7800000, 0x00000000c7800000, 0x00000000c7900000|  0%| F|  |TAMS 0x00000000c7800000, 0x00000000c7800000| Untracked 
| 121|0x00000000c7900000, 0x00000000c7900000, 0x00000000c7a00000|  0%| F|  |TAMS 0x00000000c7900000, 0x00000000c7900000| Untracked 
| 122|0x00000000c7a00000, 0x00000000c7a00000, 0x00000000c7b00000|  0%| F|  |TAMS 0x00000000c7a00000, 0x00000000c7a00000| Untracked 
| 123|0x00000000c7b00000, 0x00000000c7b00000, 0x00000000c7c00000|  0%| F|  |TAMS 0x00000000c7b00000, 0x00000000c7b00000| Untracked 

Card table byte_map: [0x0000021435e70000,0x0000021436070000] _byte_map_base: 0x0000021435870000

Marking Bits (Prev, Next): (CMBitMap*) 0x000002142ff23f50, (CMBitMap*) 0x000002142ff23f10
 Prev Bits: [0x0000021437270000, 0x0000021438270000)
 Next Bits: [0x0000021436270000, 0x0000021437270000)

Polling page: 0x000002142f6a0000

Metaspace:

Usage:
  Non-class:     30.02 MB used.
      Class:      4.47 MB used.
       Both:     34.49 MB used.

Virtual space:
  Non-class space:       32.00 MB reserved,      30.19 MB ( 94%) committed,  4 nodes.
      Class space:        1.00 GB reserved,       4.69 MB ( <1%) committed,  1 nodes.
             Both:        1.03 GB reserved,      34.88 MB (  3%) committed. 

Chunk freelists:
   Non-Class:  1.33 MB
       Class:  3.23 MB
        Both:  4.56 MB

MaxMetaspaceSize: unlimited
CompressedClassSpaceSize: 1.00 GB
Initial GC threshold: 21.00 MB
Current GC threshold: 58.12 MB
CDS: off
MetaspaceReclaimPolicy: balanced
 - commit_granule_bytes: 65536.
 - commit_granule_words: 8192.
 - virtual_space_node_default_size: 1048576.
 - enlarge_chunks_in_place: 1.
 - new_chunks_are_fully_committed: 0.
 - uncommit_free_chunks: 1.
 - use_allocation_guard: 0.
 - handle_deallocations: 1.


Internal statistics:

num_allocs_failed_limit: 5.
num_arena_births: 452.
num_arena_deaths: 0.
num_vsnodes_births: 5.
num_vsnodes_deaths: 0.
num_space_committed: 558.
num_space_uncommitted: 0.
num_chunks_returned_to_freelist: 5.
num_chunks_taken_from_freelist: 1484.
num_chunk_merges: 5.
num_chunk_splits: 1009.
num_chunks_enlarged: 745.
num_purges: 0.
num_inconsistent_stats: 0.

CodeCache: size=49152Kb used=8975Kb max_used=8975Kb free=40176Kb
 bounds [0x0000021432b60000, 0x0000021433430000, 0x0000021435b60000]
 total_blobs=4273 nmethods=3734 adapters=463
 compilation: enabled
              stopped_count=0, restarted_count=0
 full_count=0

Compilation events (20 events):
Event: 1.860 Thread 0x000002143b834020 nmethod 3726 0x000002143341a490 code [0x000002143341a620, 0x000002143341a6f8]
Event: 1.860 Thread 0x000002143b834020 3727   !   1       java.util.zip.Inflater::end (37 bytes)
Event: 1.860 Thread 0x000002143c88e840 3728       1       java.util.zip.Inflater$InflaterZStreamRef::clean (10 bytes)
Event: 1.861 Thread 0x000002143c88e840 nmethod 3728 0x000002143341ab90 code [0x000002143341ad40, 0x000002143341aea8]
Event: 1.861 Thread 0x000002143c88e840 3729  s    1       java.util.zip.Inflater$InflaterZStreamRef::run (21 bytes)
Event: 1.861 Thread 0x000002143b834020 nmethod 3727 0x000002143341b010 code [0x000002143341b1e0, 0x000002143341b4e8]
Event: 1.861 Thread 0x000002143c88e840 nmethod 3729 0x000002143341b710 code [0x000002143341b8a0, 0x000002143341ba48]
Event: 1.861 Thread 0x000002143c88e840 3731       1       jdk.internal.module.SystemModuleFinders$SystemModuleReader::findImageLocation (42 bytes)
Event: 1.861 Thread 0x000002143b834020 3732       1       jdk.internal.module.SystemModuleFinders$SystemModuleReader::read (25 bytes)
Event: 1.861 Thread 0x000002143c88e840 nmethod 3731 0x000002143341bb10 code [0x000002143341bce0, 0x000002143341bfd8]
Event: 1.861 Thread 0x000002143c88e840 3739   !   1       nonapi.io.github.classgraph.reflection.ReflectionUtils::invokeMethod (106 bytes)
Event: 1.861 Thread 0x000002143b834020 nmethod 3732 0x000002143341c190 code [0x000002143341c360, 0x000002143341c6b8]
Event: 1.861 Thread 0x000002143b834020 3734       1       io.github.classgraph.Scanner$ClassfileScannerWorkUnitProcessor::processWorkUnit (11 bytes)
Event: 1.861 Thread 0x000002143b834020 nmethod 3734 0x000002143341c890 code [0x000002143341ca20, 0x000002143341cb28]
Event: 1.861 Thread 0x000002143b834020 3735   !   1       io.github.classgraph.Scanner$ClassfileScannerWorkUnitProcessor::processWorkUnit (291 bytes)
Event: 1.861 Thread 0x000002143c88e840 nmethod 3739 0x000002143341cc10 code [0x000002143341cea0, 0x000002143341d8a8]
Event: 1.862 Thread 0x000002143c88e840 3736   !   1       io.github.classgraph.Classfile::<init> (860 bytes)
Event: 1.862 Thread 0x000002143bff4c10 nmethod 3721 0x000002143341de90 code [0x000002143341e520, 0x0000021433420b88]
Event: 1.862 Thread 0x000002143bff4c10 3737       1       io.github.classgraph.ClasspathElementModule$1::openClassfile (13 bytes)
Event: 1.862 Thread 0x000002143b834020 nmethod 3735 0x0000021433422390 code [0x0000021433422740, 0x00000214334236b8]

GC Heap History (20 events):
Event: 1.455 GC heap after
{Heap after GC invocations=8 (full 0):
 garbage-first heap   total 58368K, used 18790K [0x00000000c0000000, 0x0000000100000000)
  region size 1024K, 2 young (2048K), 2 survivors (2048K)
 Metaspace       used 33898K, committed 34240K, reserved 1081344K
  class space    used 4390K, committed 4544K, reserved 1048576K
}
Event: 1.566 GC heap before
{Heap before GC invocations=8 (full 0):
 garbage-first heap   total 58368K, used 41318K [0x00000000c0000000, 0x0000000100000000)
  region size 1024K, 25 young (25600K), 2 survivors (2048K)
 Metaspace       used 35145K, committed 35456K, reserved 1081344K
  class space    used 4550K, committed 4672K, reserved 1048576K
}
Event: 1.569 GC heap after
{Heap after GC invocations=9 (full 0):
 garbage-first heap   total 58368K, used 23159K [0x00000000c0000000, 0x0000000100000000)
  region size 1024K, 4 young (4096K), 4 survivors (4096K)
 Metaspace       used 35145K, committed 35456K, reserved 1081344K
  class space    used 4550K, committed 4672K, reserved 1048576K
}
Event: 1.603 GC heap before
{Heap before GC invocations=9 (full 0):
 garbage-first heap   total 58368K, used 41591K [0x00000000c0000000, 0x0000000100000000)
  region size 1024K, 23 young (23552K), 4 survivors (4096K)
 Metaspace       used 35145K, committed 35456K, reserved 1081344K
  class space    used 4550K, committed 4672K, reserved 1048576K
}
Event: 1.607 GC heap after
{Heap after GC invocations=10 (full 0):
 garbage-first heap   total 58368K, used 27290K [0x00000000c0000000, 0x0000000100000000)
  region size 1024K, 3 young (3072K), 3 survivors (3072K)
 Metaspace       used 35145K, committed 35456K, reserved 1081344K
  class space    used 4550K, committed 4672K, reserved 1048576K
}
Event: 1.635 GC heap before
{Heap before GC invocations=10 (full 0):
 garbage-first heap   total 58368K, used 41626K [0x00000000c0000000, 0x0000000100000000)
  region size 1024K, 18 young (18432K), 3 survivors (3072K)
 Metaspace       used 35265K, committed 35712K, reserved 1081344K
  class space    used 4569K, committed 4800K, reserved 1048576K
}
Event: 1.638 GC heap after
{Heap after GC invocations=11 (full 0):
 garbage-first heap   total 58368K, used 30462K [0x00000000c0000000, 0x0000000100000000)
  region size 1024K, 3 young (3072K), 3 survivors (3072K)
 Metaspace       used 35265K, committed 35712K, reserved 1081344K
  class space    used 4569K, committed 4800K, reserved 1048576K
}
Event: 1.652 GC heap before
{Heap before GC invocations=11 (full 0):
 garbage-first heap   total 58368K, used 42750K [0x00000000c0000000, 0x0000000100000000)
  region size 1024K, 15 young (15360K), 3 survivors (3072K)
 Metaspace       used 35265K, committed 35712K, reserved 1081344K
  class space    used 4569K, committed 4800K, reserved 1048576K
}
Event: 1.654 GC heap after
{Heap after GC invocations=12 (full 0):
 garbage-first heap   total 94208K, used 32640K [0x00000000c0000000, 0x0000000100000000)
  region size 1024K, 2 young (2048K), 2 survivors (2048K)
 Metaspace       used 35265K, committed 35712K, reserved 1081344K
  class space    used 4569K, committed 4800K, reserved 1048576K
}
Event: 1.699 GC heap before
{Heap before GC invocations=13 (full 0):
 garbage-first heap   total 94208K, used 65408K [0x00000000c0000000, 0x0000000100000000)
  region size 1024K, 34 young (34816K), 2 survivors (2048K)
 Metaspace       used 35265K, committed 35712K, reserved 1081344K
  class space    used 4569K, committed 4800K, reserved 1048576K
}
Event: 1.703 GC heap after
{Heap after GC invocations=14 (full 0):
 garbage-first heap   total 94208K, used 39798K [0x00000000c0000000, 0x0000000100000000)
  region size 1024K, 5 young (5120K), 5 survivors (5120K)
 Metaspace       used 35265K, committed 35712K, reserved 1081344K
  class space    used 4569K, committed 4800K, reserved 1048576K
}
Event: 1.729 GC heap before
{Heap before GC invocations=14 (full 0):
 garbage-first heap   total 94208K, used 67446K [0x00000000c0000000, 0x0000000100000000)
  region size 1024K, 32 young (32768K), 5 survivors (5120K)
 Metaspace       used 35265K, committed 35712K, reserved 1081344K
  class space    used 4569K, committed 4800K, reserved 1048576K
}
Event: 1.734 GC heap after
{Heap after GC invocations=15 (full 0):
 garbage-first heap   total 94208K, used 47206K [0x00000000c0000000, 0x0000000100000000)
  region size 1024K, 4 young (4096K), 4 survivors (4096K)
 Metaspace       used 35265K, committed 35712K, reserved 1081344K
  class space    used 4569K, committed 4800K, reserved 1048576K
}
Event: 1.788 GC heap before
{Heap before GC invocations=15 (full 0):
 garbage-first heap   total 94208K, used 57446K [0x00000000c0000000, 0x0000000100000000)
  region size 1024K, 16 young (16384K), 4 survivors (4096K)
 Metaspace       used 35265K, committed 35712K, reserved 1081344K
  class space    used 4569K, committed 4800K, reserved 1048576K
}
Event: 1.792 GC heap after
{Heap after GC invocations=16 (full 0):
 garbage-first heap   total 94208K, used 51252K [0x00000000c0000000, 0x0000000100000000)
  region size 1024K, 4 young (4096K), 4 survivors (4096K)
 Metaspace       used 35265K, committed 35712K, reserved 1081344K
  class space    used 4569K, committed 4800K, reserved 1048576K
}
Event: 1.833 GC heap before
{Heap before GC invocations=17 (full 0):
 garbage-first heap   total 109568K, used 71732K [0x00000000c0000000, 0x0000000100000000)
  region size 1024K, 23 young (23552K), 4 survivors (4096K)
 Metaspace       used 35267K, committed 35712K, reserved 1081344K
  class space    used 4571K, committed 4800K, reserved 1048576K
}
Event: 1.840 GC heap after
{Heap after GC invocations=18 (full 0):
 garbage-first heap   total 109568K, used 63044K [0x00000000c0000000, 0x0000000100000000)
  region size 1024K, 3 young (3072K), 3 survivors (3072K)
 Metaspace       used 35267K, committed 35712K, reserved 1081344K
  class space    used 4571K, committed 4800K, reserved 1048576K
}
Event: 1.844 GC heap before
{Heap before GC invocations=18 (full 0):
 garbage-first heap   total 109568K, used 65092K [0x00000000c0000000, 0x0000000100000000)
  region size 1024K, 5 young (5120K), 3 survivors (3072K)
 Metaspace       used 35267K, committed 35712K, reserved 1081344K
  class space    used 4571K, committed 4800K, reserved 1048576K
}
Event: 1.852 GC heap after
{Heap after GC invocations=19 (full 0):
 garbage-first heap   total 109568K, used 65383K [0x00000000c0000000, 0x0000000100000000)
  region size 1024K, 1 young (1024K), 1 survivors (1024K)
 Metaspace       used 35267K, committed 35712K, reserved 1081344K
  class space    used 4571K, committed 4800K, reserved 1048576K
}
Event: 1.862 GC heap before
{Heap before GC invocations=19 (full 0):
 garbage-first heap   total 109568K, used 79719K [0x00000000c0000000, 0x0000000100000000)
  region size 1024K, 16 young (16384K), 1 survivors (1024K)
 Metaspace       used 35319K, committed 35712K, reserved 1081344K
  class space    used 4580K, committed 4800K, reserved 1048576K
}

Dll operation events (8 events):
Event: 0.005 Loaded shared library c:\Users\Vidusha\.vscode\extensions\redhat.java-1.15.0-win32-x64\jre\17.0.6-win32-x86_64\bin\java.dll
Event: 0.122 Loaded shared library C:\Users\Vidusha\.vscode\extensions\redhat.java-1.15.0-win32-x64\jre\17.0.6-win32-x86_64\bin\net.dll
Event: 0.123 Loaded shared library C:\Users\Vidusha\.vscode\extensions\redhat.java-1.15.0-win32-x64\jre\17.0.6-win32-x86_64\bin\nio.dll
Event: 0.127 Loaded shared library C:\Users\Vidusha\.vscode\extensions\redhat.java-1.15.0-win32-x64\jre\17.0.6-win32-x86_64\bin\zip.dll
Event: 0.207 Loaded shared library C:\Users\Vidusha\.vscode\extensions\redhat.java-1.15.0-win32-x64\jre\17.0.6-win32-x86_64\bin\jimage.dll
Event: 0.259 Loaded shared library c:\Users\Vidusha\.vscode\extensions\redhat.java-1.15.0-win32-x64\jre\17.0.6-win32-x86_64\bin\verify.dll
Event: 1.364 Loaded shared library C:\Users\Vidusha\.vscode\extensions\redhat.java-1.15.0-win32-x64\jre\17.0.6-win32-x86_64\bin\management.dll
Event: 1.365 Loaded shared library C:\Users\Vidusha\.vscode\extensions\redhat.java-1.15.0-win32-x64\jre\17.0.6-win32-x86_64\bin\management_ext.dll

Deoptimization events (10 events):
Event: 0.753 Thread 0x000002142fee4230 DEOPT PACKING pc=0x00000214330f1999 sp=0x0000009b641fd7d0
Event: 0.753 Thread 0x000002142fee4230 DEOPT UNPACKING pc=0x0000021432bbace3 sp=0x0000009b641fccb0 mode 3
Event: 1.485 Thread 0x000002143cdc8340 DEOPT PACKING pc=0x00000214332f40b5 sp=0x0000009b663fd580
Event: 1.485 Thread 0x000002143cdc8340 DEOPT UNPACKING pc=0x0000021432bbace3 sp=0x0000009b663fca98 mode 3
Event: 1.519 Thread 0x000002143cdc8810 DEOPT PACKING pc=0x000002143330a3ab sp=0x0000009b664fe590
Event: 1.519 Thread 0x000002143cdc8810 DEOPT UNPACKING pc=0x0000021432bbace3 sp=0x0000009b664fdad8 mode 3
Event: 1.613 Thread 0x000002143cef0d40 DEOPT PACKING pc=0x00000214330f0081 sp=0x0000009b669feaa0
Event: 1.613 Thread 0x000002143cef0d40 DEOPT UNPACKING pc=0x0000021432bbace3 sp=0x0000009b669fdf30 mode 3
Event: 1.776 Thread 0x000002143cfc4090 DEOPT PACKING pc=0x00000214330ed497 sp=0x0000009b672ff1c0
Event: 1.776 Thread 0x000002143cfc4090 DEOPT UNPACKING pc=0x0000021432bbace3 sp=0x0000009b672fe618 mode 3

Classes unloaded (0 events):
No events

Classes redefined (0 events):
No events

Internal exceptions (20 events):
Event: 1.535 Thread 0x000002143cef03a0 Exception <a 'sun/nio/fs/WindowsException'{0x00000000c311d620}> (0x00000000c311d620) 
thrown [s\src\hotspot\share\prims\jni.cpp, line 516]
Event: 1.535 Thread 0x000002143cef03a0 Exception <a 'sun/nio/fs/WindowsException'{0x00000000c311da00}> (0x00000000c311da00) 
thrown [s\src\hotspot\share\prims\jni.cpp, line 516]
Event: 1.535 Thread 0x000002143cef03a0 Exception <a 'sun/nio/fs/WindowsException'{0x00000000c311e450}> (0x00000000c311e450) 
thrown [s\src\hotspot\share\prims\jni.cpp, line 516]
Event: 1.535 Thread 0x000002143cef03a0 Exception <a 'sun/nio/fs/WindowsException'{0x00000000c311e860}> (0x00000000c311e860) 
thrown [s\src\hotspot\share\prims\jni.cpp, line 516]
Event: 1.535 Thread 0x000002143cef03a0 Exception <a 'sun/nio/fs/WindowsException'{0x00000000c311f288}> (0x00000000c311f288) 
thrown [s\src\hotspot\share\prims\jni.cpp, line 516]
Event: 1.535 Thread 0x000002143cef03a0 Exception <a 'sun/nio/fs/WindowsException'{0x00000000c311f668}> (0x00000000c311f668) 
thrown [s\src\hotspot\share\prims\jni.cpp, line 516]
Event: 1.535 Thread 0x000002143cef03a0 Exception <a 'sun/nio/fs/WindowsException'{0x00000000c3120068}> (0x00000000c3120068) 
thrown [s\src\hotspot\share\prims\jni.cpp, line 516]
Event: 1.535 Thread 0x000002143cef03a0 Exception <a 'sun/nio/fs/WindowsException'{0x00000000c3120418}> (0x00000000c3120418) 
thrown [s\src\hotspot\share\prims\jni.cpp, line 516]
Event: 1.535 Thread 0x000002143cef03a0 Exception <a 'sun/nio/fs/WindowsException'{0x00000000c3120e20}> (0x00000000c3120e20) 
thrown [s\src\hotspot\share\prims\jni.cpp, line 516]
Event: 1.535 Thread 0x000002143cef03a0 Exception <a 'sun/nio/fs/WindowsException'{0x00000000c31211e0}> (0x00000000c31211e0) 
thrown [s\src\hotspot\share\prims\jni.cpp, line 516]
Event: 1.535 Thread 0x000002143cef03a0 Exception <a 'sun/nio/fs/WindowsException'{0x00000000c3121be0}> (0x00000000c3121be0) 
thrown [s\src\hotspot\share\prims\jni.cpp, line 516]
Event: 1.535 Thread 0x000002143cef03a0 Exception <a 'sun/nio/fs/WindowsException'{0x00000000c3121f90}> (0x00000000c3121f90) 
thrown [s\src\hotspot\share\prims\jni.cpp, line 516]
Event: 1.535 Thread 0x000002143cef03a0 Exception <a 'sun/nio/fs/WindowsException'{0x00000000c3122998}> (0x00000000c3122998) 
thrown [s\src\hotspot\share\prims\jni.cpp, line 516]
Event: 1.535 Thread 0x000002143cef03a0 Exception <a 'sun/nio/fs/WindowsException'{0x00000000c3122d58}> (0x00000000c3122d58) 
thrown [s\src\hotspot\share\prims\jni.cpp, line 516]
Event: 1.535 Thread 0x000002143cef03a0 Exception <a 'sun/nio/fs/WindowsException'{0x00000000c3123780}> (0x00000000c3123780) 
thrown [s\src\hotspot\share\prims\jni.cpp, line 516]
Event: 1.536 Thread 0x000002143cef03a0 Exception <a 'sun/nio/fs/WindowsException'{0x00000000c3123b60}> (0x00000000c3123b60) 
thrown [s\src\hotspot\share\prims\jni.cpp, line 516]
Event: 1.536 Thread 0x000002143cef03a0 Exception <a 'sun/nio/fs/WindowsException'{0x00000000c3022af8}> (0x00000000c3022af8) 
thrown [s\src\hotspot\share\prims\jni.cpp, line 516]
Event: 1.536 Thread 0x000002143cef03a0 Exception <a 'sun/nio/fs/WindowsException'{0x00000000c3022ee8}> (0x00000000c3022ee8) 
thrown [s\src\hotspot\share\prims\jni.cpp, line 516]
Event: 1.536 Thread 0x000002143cef03a0 Exception <a 'sun/nio/fs/WindowsException'{0x00000000c3023918}> (0x00000000c3023918) 
thrown [s\src\hotspot\share\prims\jni.cpp, line 516]
Event: 1.536 Thread 0x000002143cef03a0 Exception <a 'sun/nio/fs/WindowsException'{0x00000000c3023d08}> (0x00000000c3023d08) 
thrown [s\src\hotspot\share\prims\jni.cpp, line 516]

VM Operations (20 events):
Event: 1.673 Executing VM operation: G1Concurrent done
Event: 1.693 Executing VM operation: HandshakeAllThreads
Event: 1.693 Executing VM operation: HandshakeAllThreads done
Event: 1.699 Executing VM operation: G1CollectForAllocation
Event: 1.704 Executing VM operation: G1CollectForAllocation done
Event: 1.729 Executing VM operation: G1CollectForAllocation
Event: 1.734 Executing VM operation: G1CollectForAllocation done
Event: 1.788 Executing VM operation: G1TryInitiateConcMark
Event: 1.792 Executing VM operation: G1TryInitiateConcMark done
Event: 1.812 Executing VM operation: G1Concurrent
Event: 1.815 Executing VM operation: G1Concurrent done
Event: 1.829 Executing VM operation: G1Concurrent
Event: 1.830 Executing VM operation: G1Concurrent done
Event: 1.833 Executing VM operation: G1CollectForAllocation
Event: 1.840 Executing VM operation: G1CollectForAllocation done
Event: 1.844 Executing VM operation: G1CollectForAllocation
Event: 1.852 Executing VM operation: G1CollectForAllocation done
Event: 1.862 Executing VM operation: G1CollectForAllocation
Event: 1.862 Executing VM operation: G1CollectForAllocation done
Event: 1.862 Executing VM operation: G1CollectForAllocation

Events (20 events):
Event: 1.616 loading class java/util/stream/Collectors$1PairBox
Event: 1.616 loading class java/util/stream/Collectors$1PairBox done
Event: 1.616 loading class java/util/concurrent/locks/AbstractQueuedSynchronizer$SharedNode
Event: 1.616 loading class java/util/concurrent/locks/AbstractQueuedSynchronizer$SharedNode done
Event: 1.617 loading class jdk/internal/module/SystemModuleFinders$ModuleContentSpliterator
Event: 1.617 loading class jdk/internal/module/SystemModuleFinders$ModuleContentSpliterator done
Event: 1.617 loading class jdk/internal/jimage/ImageReader$Directory
Event: 1.617 loading class jdk/internal/jimage/ImageReader$Node
Event: 1.617 loading class jdk/internal/jimage/ImageReader$Node done
Event: 1.617 loading class jdk/internal/jimage/ImageReader$Directory done
Event: 1.617 loading class jdk/internal/jimage/ImageReader$SharedImageReader$LocationVisitor
Event: 1.617 loading class jdk/internal/jimage/ImageReader$SharedImageReader$LocationVisitor done
Event: 1.617 loading class java/nio/ByteBufferAsIntBufferL
Event: 1.617 loading class java/nio/ByteBufferAsIntBufferL done
Event: 1.618 loading class jdk/internal/jimage/ImageReader$Resource
Event: 1.618 loading class jdk/internal/jimage/ImageReader$Resource done
Event: 1.618 loading class java/util/stream/LongStream
Event: 1.618 loading class java/util/stream/LongStream done
Event: 1.618 loading class java/util/stream/DoubleStream
Event: 1.618 loading class java/util/stream/DoubleStream done


Dynamic libraries:
0x00007ff7222e0000 - 0x00007ff7222ee000 	c:\Users\Vidusha\.vscode\extensions\redhat.java-1.15.0-win32-x64\jre\17.0.6-win32-x86_64\bin\java.exe
0x00007ff81b870000 - 0x00007ff81ba84000 	C:\WINDOWS\SYSTEM32\ntdll.dll
0x00007ff81aa60000 - 0x00007ff81ab23000 	C:\WINDOWS\System32\KERNEL32.DLL
0x00007ff818e60000 - 0x00007ff8191fc000 	C:\WINDOWS\System32\KERNELBASE.dll
0x00007ff8192a0000 - 0x00007ff8193b1000 	C:\WINDOWS\System32\ucrtbase.dll
0x00007ff8086d0000 - 0x00007ff8086e9000 	c:\Users\Vidusha\.vscode\extensions\redhat.java-1.15.0-win32-x64\jre\17.0.6-win32-x86_64\bin\VCRUNTIME140.dll
0x00007ff808710000 - 0x00007ff808727000 	c:\Users\Vidusha\.vscode\extensions\redhat.java-1.15.0-win32-x64\jre\17.0.6-win32-x86_64\bin\jli.dll
0x00007ff81ab30000 - 0x00007ff81acdd000 	C:\WINDOWS\System32\USER32.dll
0x00007ff819650000 - 0x00007ff819676000 	C:\WINDOWS\System32\win32u.dll
0x00007ff81b160000 - 0x00007ff81b189000 	C:\WINDOWS\System32\GDI32.dll
0x00007ffff8cc0000 - 0x00007ffff8f4e000 	C:\WINDOWS\WinSxS\amd64_microsoft.windows.common-controls_6595b64144ccf1df_6.0.22621.608_none_a9444ca7c10bb01d\COMCTL32.dll
0x00007ff819530000 - 0x00007ff819642000 	C:\WINDOWS\System32\gdi32full.dll
0x00007ff81b680000 - 0x00007ff81b727000 	C:\WINDOWS\System32\msvcrt.dll
0x00007ff819200000 - 0x00007ff81929a000 	C:\WINDOWS\System32\msvcp_win.dll
0x00007ff81b3d0000 - 0x00007ff81b402000 	C:\WINDOWS\System32\IMM32.DLL
0x00007ff80f2c0000 - 0x00007ff80f2cc000 	c:\Users\Vidusha\.vscode\extensions\redhat.java-1.15.0-win32-x64\jre\17.0.6-win32-x86_64\bin\vcruntime140_1.dll
0x00007fffd01b0000 - 0x00007fffd0241000 	c:\Users\Vidusha\.vscode\extensions\redhat.java-1.15.0-win32-x64\jre\17.0.6-win32-x86_64\bin\msvcp140.dll
0x00007fffc1ef0000 - 0x00007fffc2b37000 	c:\Users\Vidusha\.vscode\extensions\redhat.java-1.15.0-win32-x64\jre\17.0.6-win32-x86_64\bin\server\jvm.dll
0x00007ff819da0000 - 0x00007ff819e4e000 	C:\WINDOWS\System32\ADVAPI32.dll
0x00007ff819c10000 - 0x00007ff819cb4000 	C:\WINDOWS\System32\sechost.dll
0x00007ff81b560000 - 0x00007ff81b675000 	C:\WINDOWS\System32\RPCRT4.dll
0x00007ff810d70000 - 0x00007ff810d79000 	C:\WINDOWS\SYSTEM32\WSOCK32.dll
0x00007ff80de00000 - 0x00007ff80de34000 	C:\WINDOWS\SYSTEM32\WINMM.dll
0x00007ff819cc0000 - 0x00007ff819d31000 	C:\WINDOWS\System32\WS2_32.dll
0x00007ff80baa0000 - 0x00007ff80baaa000 	C:\WINDOWS\SYSTEM32\VERSION.dll
0x00007ff817df0000 - 0x00007ff817e08000 	C:\WINDOWS\SYSTEM32\kernel.appcore.dll
0x00007ff80bde0000 - 0x00007ff80bdea000 	c:\Users\Vidusha\.vscode\extensions\redhat.java-1.15.0-win32-x64\jre\17.0.6-win32-x86_64\bin\jimage.dll
0x00007ff8165d0000 - 0x00007ff8167fe000 	C:\WINDOWS\SYSTEM32\DBGHELP.DLL
0x00007ff819820000 - 0x00007ff819baa000 	C:\WINDOWS\System32\combase.dll
0x00007ff81b410000 - 0x00007ff81b4e7000 	C:\WINDOWS\System32\OLEAUT32.dll
0x00007ff8077f0000 - 0x00007ff807822000 	C:\WINDOWS\SYSTEM32\dbgcore.DLL
0x00007ff818d20000 - 0x00007ff818d9b000 	C:\WINDOWS\System32\bcryptPrimitives.dll
0x00007ff808570000 - 0x00007ff808595000 	c:\Users\Vidusha\.vscode\extensions\redhat.java-1.15.0-win32-x64\jre\17.0.6-win32-x86_64\bin\java.dll
0x00007ff8084a0000 - 0x00007ff8084b8000 	c:\Users\Vidusha\.vscode\extensions\redhat.java-1.15.0-win32-x64\jre\17.0.6-win32-x86_64\bin\zip.dll
0x00007ff81a170000 - 0x00007ff81a95f000 	C:\WINDOWS\System32\SHELL32.dll
0x00007ff816ce0000 - 0x00007ff8175a8000 	C:\WINDOWS\SYSTEM32\windows.storage.dll
0x00007ff816ba0000 - 0x00007ff816cde000 	C:\WINDOWS\SYSTEM32\wintypes.dll
0x00007ff81b730000 - 0x00007ff81b821000 	C:\WINDOWS\System32\SHCORE.dll
0x00007ff819bb0000 - 0x00007ff819c0e000 	C:\WINDOWS\System32\shlwapi.dll
0x00007ff818be0000 - 0x00007ff818c01000 	C:\WINDOWS\SYSTEM32\profapi.dll
0x00007ff808480000 - 0x00007ff808499000 	C:\Users\Vidusha\.vscode\extensions\redhat.java-1.15.0-win32-x64\jre\17.0.6-win32-x86_64\bin\net.dll
0x00007ff810df0000 - 0x00007ff810f1f000 	C:\WINDOWS\SYSTEM32\WINHTTP.dll
0x00007ff818260000 - 0x00007ff8182c9000 	C:\WINDOWS\system32\mswsock.dll
0x00007ff800970000 - 0x00007ff800985000 	C:\Users\Vidusha\.vscode\extensions\redhat.java-1.15.0-win32-x64\jre\17.0.6-win32-x86_64\bin\nio.dll
0x00007ff80a800000 - 0x00007ff80a810000 	c:\Users\Vidusha\.vscode\extensions\redhat.java-1.15.0-win32-x64\jre\17.0.6-win32-x86_64\bin\verify.dll
0x00007ff8184b0000 - 0x00007ff8184cb000 	C:\WINDOWS\SYSTEM32\CRYPTSP.dll
0x00007ff817d60000 - 0x00007ff817d95000 	C:\WINDOWS\system32\rsaenh.dll
0x00007ff818350000 - 0x00007ff818378000 	C:\WINDOWS\SYSTEM32\USERENV.dll
0x00007ff818670000 - 0x00007ff818698000 	C:\WINDOWS\SYSTEM32\bcrypt.dll
0x00007ff8184d0000 - 0x00007ff8184dc000 	C:\WINDOWS\SYSTEM32\CRYPTBASE.dll
0x00007ff817900000 - 0x00007ff81792d000 	C:\WINDOWS\SYSTEM32\IPHLPAPI.DLL
0x00007ff81a040000 - 0x00007ff81a049000 	C:\WINDOWS\System32\NSI.dll
0x00007ff80f420000 - 0x00007ff80f439000 	C:\WINDOWS\SYSTEM32\dhcpcsvc6.DLL
0x00007ff80ed60000 - 0x00007ff80ed7f000 	C:\WINDOWS\SYSTEM32\dhcpcsvc.DLL
0x00007ff817930000 - 0x00007ff817a23000 	C:\WINDOWS\SYSTEM32\DNSAPI.dll
0x00007ff811580000 - 0x00007ff811589000 	C:\Users\Vidusha\.vscode\extensions\redhat.java-1.15.0-win32-x64\jre\17.0.6-win32-x86_64\bin\management.dll
0x00007ff810d50000 - 0x00007ff810d5b000 	C:\Users\Vidusha\.vscode\extensions\redhat.java-1.15.0-win32-x64\jre\17.0.6-win32-x86_64\bin\management_ext.dll
0x00007ff81aa50000 - 0x00007ff81aa58000 	C:\WINDOWS\System32\PSAPI.DLL

dbghelp: loaded successfully - version: 4.0.5 - missing functions: none
symbol engine: initialized successfully - sym options: 0x614 - pdb path: .;c:\Users\Vidusha\.vscode\extensions\redhat.java-1.15.0-win32-x64\jre\17.0.6-win32-x86_64\bin;C:\WINDOWS\SYSTEM32;C:\WINDOWS\WinSxS\amd64_microsoft.windows.common-controls_6595b64144ccf1df_6.0.22621.608_none_a9444ca7c10bb01d;c:\Users\Vidusha\.vscode\extensions\redhat.java-1.15.0-win32-x64\jre\17.0.6-win32-x86_64\bin\server

VM Arguments:
jvm_args: -XX:+HeapDumpOnOutOfMemoryError -Xmx1024m -Dsts.lsp.client=vscode -Dsts.log.file=/dev/null -XX:TieredStopAtLevel=1 -Xlog:jni+resolve=off -Dspring.config.location=file:c:\Users\Vidusha\.vscode\extensions\vmware.vscode-spring-boot-1.44.0\language-server\BOOT-INF\classes\application.properties 
java_command: org.springframework.ide.vscode.boot.app.BootLanguageServerBootApp
java_class_path (initial): c:\Users\Vidusha\.vscode\extensions\vmware.vscode-spring-boot-1.44.0\language-server\BOOT-INF\classes;c:\Users\Vidusha\.vscode\extensions\vmware.vscode-spring-boot-1.44.0\language-server\BOOT-INF\lib\annotations-24.0.0.jar;c:\Users\Vidusha\.vscode\extensions\vmware.vscode-spring-boot-1.44.0\language-server\BOOT-INF\lib\ant-1.10.13.jar;c:\Users\Vidusha\.vscode\extensions\vmware.vscode-spring-boot-1.44.0\language-server\BOOT-INF\lib\ant-launcher-1.10.13.jar;c:\Users\Vidusha\.vscode\extensions\vmware.vscode-spring-boot-1.44.0\language-server\BOOT-INF\lib\antlr-runtime-3.5.2.jar;c:\Users\Vidusha\.vscode\extensions\vmware.vscode-spring-boot-1.44.0\language-server\BOOT-INF\lib\antlr4-4.9.3.jar;c:\Users\Vidusha\.vscode\extensions\vmware.vscode-spring-boot-1.44.0\language-server\BOOT-INF\lib\antlr4-runtime-4.9.3.jar;c:\Users\Vidusha\.vscode\extensions\vmware.vscode-spring-boot-1.44.0\language-server\BOOT-INF\lib\apiguardian-api-1.1.2.jar;c:\Users\Vidusha\.vscode\extensions\vmware.vscode-spring-boot-1.44.0\language-server\BOOT-INF\lib\asm-9.4.jar;c:\Users\Vidusha\.vscode\extensions\vmware.vscode-spring-boot-1.44.0\language-server\BOOT-INF\lib\asm-analysis-9.4.jar;c:\Users\Vidusha\.vscode\extensions\vmware.vscode-spring-boot-1.44.0\language-server\BOOT-INF\lib\asm-tree-9.4.jar;c:\Users\Vidusha\.vscode\extensions\vmware.vscode-spring-boot-1.44.0\language-server\BOOT-INF\lib\asm-util-9.4.jar;c:\Users\Vidusha\.vscode\extensions\vmware.vscode-spring-boot-1.44.0\language-server\BOOT-INF\lib\caffeine-3.1.2.jar;c:\Users\Vidusha\.vscode\extensions\vmware.vscode-spring-boot-1.44.0\language-server\BOOT-INF\lib\checker-qual-3.12.0.jar;c:\Users\Vidusha\.vscode\extensions\vmware.vscode-spring-boot-1.44.0\language-server\BOOT-INF\lib\ci-environment-9.1.0.jar;c:\Users\Vidusha\.vscode\extensions\vmware.vscode-spring-boot-1.44.0\language-server\BOOT-INF\lib\classgraph-4.8.149.jar;c:\Users\Vidusha\.vscode\extensions\vmware.vscode-spring-boot-1.44.0\language-server\
Launcher Type: SUN_STANDARD

[Global flags]
     intx CICompilerCount                          = 4                                         {product} {ergonomic}
     uint ConcGCThreads                            = 2                                         {product} {ergonomic}
     uint G1ConcRefinementThreads                  = 8                                         {product} {ergonomic}
   size_t G1HeapRegionSize                         = 1048576                                   {product} {ergonomic}
    uintx GCDrainStackTargetSize                   = 64                                        {product} {ergonomic}
     bool HeapDumpOnOutOfMemoryError               = true                                   {manageable} {command line}
   size_t InitialHeapSize                          = 130023424                                 {product} {ergonomic}
   size_t MarkStackSize                            = 4194304                                   {product} {ergonomic}
   size_t MaxHeapSize                              = 1073741824                                {product} {command line}
   size_t MaxNewSize                               = 643825664                                 {product} {ergonomic}
   size_t MinHeapDeltaBytes                        = 1048576                                   {product} {ergonomic}
   size_t MinHeapSize                              = 8388608                                   {product} {ergonomic}
    uintx NonProfiledCodeHeapSize                  = 0                                      {pd product} {ergonomic}
     bool ProfileInterpreter                       = false                                  {pd product} {command line}
    uintx ProfiledCodeHeapSize                     = 0                                      {pd product} {ergonomic}
   size_t SoftMaxHeapSize                          = 1073741824                             {manageable} {ergonomic}
     intx TieredStopAtLevel                        = 1                                         {product} {command line}
     bool UseCompressedClassPointers               = true                           {product lp64_product} {ergonomic}
     bool UseCompressedOops                        = true                           {product lp64_product} {ergonomic}
     bool UseG1GC                                  = true                                      {product} {ergonomic}
     bool UseLargePagesIndividualAllocation        = false                                  {pd product} {ergonomic}

Logging:
Log output configuration:
 #0: stdout all=warning,jni+resolve=off uptime,level,tags
 #1: stderr all=off uptime,level,tags

Environment Variables:
PATH=C:\Program Files\Java\jdk1.8.0_271\bin;C:\Program Files\Java\jdk-11.0.16.1\bin;C:\Program Files\Common Files\Oracle\Java\javapath;C:\Program Files (x86)\Common Files\Oracle\Java\javapath;C:\Windows\system32;C:\Windows;C:\Windows\System32\Wbem;C:\Windows\System32\WindowsPowerShell\v1.0\;C:\Windows\System32\OpenSSH\;C:\Program Files (x86)\NVIDIA Corporation\PhysX\Common;C:\Program Files\MySQL\MySQL Server 8.0\bin;C:\Program Files\Git\cmd;C:\WINDOWS\system32;C:\WINDOWS;C:\WINDOWS\System32\Wbem;C:\WINDOWS\System32\WindowsPowerShell\v1.0\;C:\WINDOWS\System32\OpenSSH\;C:\Program Files\nodejs\;C:\Users\Vidusha\AppData\Local\Android\Sdk\platform-tools;C:\Program Files\MySQL\MySQL Shell 8.0\bin\;C:\Users\Vidusha\AppData\Local\Microsoft\WindowsApps;C:\Program Files\JetBrains\IntelliJ IDEA Community Edition 2020.3.3\bin;;C:\Users\Vidusha\AppData\Local\Programs\Microsoft VS Code\bin;C:\Users\Vidusha\AppData\Local\GitHubDesktop\bin;C:\Users\Vidusha\AppData\Roaming\npm;
USERNAME=Vidusha
OS=Windows_NT
PROCESSOR_IDENTIFIER=Intel64 Family 6 Model 140 Stepping 1, GenuineIntel
TMP=C:\Users\Vidusha\AppData\Local\Temp
TEMP=C:\Users\Vidusha\AppData\Local\Temp



---------------  S Y S T E M  ---------------

OS:
 Windows 11 , 64 bit Build 22621 (10.0.22621.1194)
OS uptime: 0 days 3:22 hours

CPU: total 8 (initial active 8) (4 cores per cpu, 2 threads per core) family 6 model 140 stepping 1 microcode 0x9a, cx8, cmov, fxsr, ht, mmx, 3dnowpref, sse, sse2, sse3, ssse3, sse4.1, sse4.2, popcnt, lzcnt, tsc, tscinvbit, avx, avx2, aes, erms, clmul, bmi1, bmi2, adx, avx512f, avx512dq, avx512cd, avx512bw, avx512vl, sha, fma, vzeroupper, avx512_vpopcntdq, avx512_vpclmulqdq, avx512_vaes, avx512_vnni, clflush, clflushopt, clwb, avx512_vbmi2, avx512_vbmi

Memory: 4k page, system-wide physical 7886M (766M free)
TotalPageFile size 17882M (AvailPageFile size 194M)
current process WorkingSet (physical memory assigned to process): 204M, peak: 204M
current process commit charge ("private bytes"): 262M, peak: 459M

vm_info: OpenJDK 64-Bit Server VM (17.0.6+10) for windows-amd64 JRE (17.0.6+10), built on Jan 18 2023 10:08:59 by "temurin" with MS VC++ 16.7 (VS2019)

END.
