#
# There is insufficient memory for the Java Runtime Environment to continue.
# Native memory allocation (mmap) failed to map 273678336 bytes for G1 virtual space
# Possible reasons:
#   The system is out of physical RAM or swap space
#   The process is running with CompressedOops enabled, and the Java Heap may be blocking the growth of the native heap
# Possible solutions:
#   Reduce memory load on the system
#   Increase physical memory or swap space
#   Check if swap backing store is full
#   Decrease Java heap size (-Xmx/-Xms)
#   Decrease number of Java threads
#   Decrease Java thread stack sizes (-Xss)
#   Set larger code cache with -XX:ReservedCodeCacheSize=
#   JVM is running with Unscaled Compressed Oops mode in which the Java heap is
#     placed in the first 4GB address space. The Java Heap base address is the
#     maximum limit for the native heap growth. Please use -XX:HeapBaseMinAddress
#     to set the Java Heap base and to place the Java Heap above 4GB virtual address.
# This output file may be truncated or incomplete.
#
#  Out of Memory Error (os_windows.cpp:3557), pid=15892, tid=13316
#
# JRE version: OpenJDK Runtime Environment Temurin-17.0.6+10 (17.0.6+10) (build 17.0.6+10)
# Java VM: OpenJDK 64-Bit Server VM Temurin-17.0.6+10 (17.0.6+10, mixed mode, emulated-client, tiered, compressed oops, compressed class ptrs, g1 gc, windows-amd64)
# No core dump will be written. Minidumps are not enabled by default on client versions of Windows
#

---------------  S U M M A R Y ------------

Command Line: -XX:+HeapDumpOnOutOfMemoryError -Xmx1024m -Dsts.lsp.client=vscode -Dsts.log.file=/dev/null -XX:TieredStopAtLevel=1 -Xlog:jni+resolve=off -Dspring.config.location=file:c:\Users\Vidusha\.vscode\extensions\vmware.vscode-spring-boot-1.44.0\language-server\BOOT-INF\classes\application.properties org.springframework.ide.vscode.boot.app.BootLanguageServerBootApp

Host: 11th Gen Intel(R) Core(TM) i7-1165G7 @ 2.80GHz, 8 cores, 7G,  Windows 11 , 64 bit Build 22621 (10.0.22621.1194)
Time: Sat Mar  4 17:28:30 2023 Sri Lanka Standard Time elapsed time: 2.689101 seconds (0d 0h 0m 2s)

---------------  T H R E A D  ---------------

Current thread (0x000001dd8a417bf0):  VMThread "VM Thread" [stack: 0x00000037d6300000,0x00000037d6400000] [id=13316]

Stack: [0x00000037d6300000,0x00000037d6400000]
Native frames: (J=compiled Java code, j=interpreted, Vv=VM code, C=native code)
V  [jvm.dll+0x67741a]
V  [jvm.dll+0x834434]
V  [jvm.dll+0x835bde]
V  [jvm.dll+0x836243]
V  [jvm.dll+0x2457b5]
V  [jvm.dll+0x674329]
V  [jvm.dll+0x6689da]
V  [jvm.dll+0x30489b]
V  [jvm.dll+0x30bd96]
V  [jvm.dll+0x35b57e]
V  [jvm.dll+0x35b7af]
V  [jvm.dll+0x2db778]
V  [jvm.dll+0x2d9a2c]
V  [jvm.dll+0x2d8ffc]
V  [jvm.dll+0x31cdcb]
V  [jvm.dll+0x83a6eb]
V  [jvm.dll+0x83b424]
V  [jvm.dll+0x83b93c]
V  [jvm.dll+0x83bd14]
V  [jvm.dll+0x83bde0]
V  [jvm.dll+0x7e483a]
V  [jvm.dll+0x6762c5]
C  [ucrtbase.dll+0x29363]
C  [KERNEL32.DLL+0x126bd]
C  [ntdll.dll+0x5dfb8]

VM_Operation (0x00000037d87fdd00): G1CollectForAllocation, mode: safepoint, requested by thread 0x000001dd8c83d680


---------------  P R O C E S S  ---------------

Threads class SMR info:
_java_thread_list=0x000001dd8c8b0e40, length=39, elements={
0x000001dd8b017390, 0x000001dd8b01a270, 0x000001dd8a429310, 0x000001dd8b032290,
0x000001dd8b032b50, 0x000001dd8b035420, 0x000001dd8b03d600, 0x000001dd8b06a550,
0x000001dd8b24dcd0, 0x000001dd8b26d590, 0x000001dd8b278430, 0x000001dd8bf53df0,
0x000001dd8bfc7470, 0x000001dd8c6dd840, 0x000001dd8c75b440, 0x000001dd8c6de2e0,
0x000001dd8c795010, 0x000001ddff5f6280, 0x000001dd8c7bd7f0, 0x000001dd8c7d0e90,
0x000001dd8c7d28c0, 0x000001dd8c807010, 0x000001dd8c83e020, 0x000001dd8c83e9c0,
0x000001dd8c83cce0, 0x000001dd8c83d1b0, 0x000001dd8c83e4f0, 0x000001dd8c83d680,
0x000001dd8c83f360, 0x000001dd8c83ee90, 0x000001dd8c83f830, 0x000001dd8c83c810,
0x000001dd8c83db50, 0x000001dd8c83be70, 0x000001dd8c83c340, 0x000001dd8c8afc80,
0x000001dd8c8ac2c0, 0x000001dd8c8aaab0, 0x000001dd8c8ae940
}

Java Threads: ( => current thread )
  0x000001dd8b017390 JavaThread "Reference Handler" daemon [_thread_blocked, id=13464, stack(0x00000037d6400000,0x00000037d6500000)]
  0x000001dd8b01a270 JavaThread "Finalizer" daemon [_thread_blocked, id=7540, stack(0x00000037d6500000,0x00000037d6600000)]
  0x000001dd8a429310 JavaThread "Signal Dispatcher" daemon [_thread_blocked, id=17040, stack(0x00000037d6600000,0x00000037d6700000)]
  0x000001dd8b032290 JavaThread "Attach Listener" daemon [_thread_blocked, id=18308, stack(0x00000037d6700000,0x00000037d6800000)]
  0x000001dd8b032b50 JavaThread "Service Thread" daemon [_thread_blocked, id=10128, stack(0x00000037d6800000,0x00000037d6900000)]
  0x000001dd8b035420 JavaThread "Monitor Deflation Thread" daemon [_thread_blocked, id=7736, stack(0x00000037d6900000,0x00000037d6a00000)]
  0x000001dd8b03d600 JavaThread "C1 CompilerThread0" daemon [_thread_blocked, id=16044, stack(0x00000037d6a00000,0x00000037d6b00000)]
  0x000001dd8b06a550 JavaThread "Sweeper thread" daemon [_thread_blocked, id=7296, stack(0x00000037d6b00000,0x00000037d6c00000)]
  0x000001dd8b24dcd0 JavaThread "C1 CompilerThread1" daemon [_thread_blocked, id=8828, stack(0x00000037d6c00000,0x00000037d6d00000)]
  0x000001dd8b26d590 JavaThread "Notification Thread" daemon [_thread_blocked, id=12912, stack(0x00000037d6d00000,0x00000037d6e00000)]
  0x000001dd8b278430 JavaThread "Common-Cleaner" daemon [_thread_blocked, id=960, stack(0x00000037d6f00000,0x00000037d7000000)]
  0x000001dd8bf53df0 JavaThread "C1 CompilerThread2" daemon [_thread_blocked, id=14260, stack(0x00000037d7800000,0x00000037d7900000)]
  0x000001dd8bfc7470 JavaThread "C1 CompilerThread3" daemon [_thread_blocked, id=676, stack(0x00000037d7900000,0x00000037d7a00000)]
  0x000001dd8c6dd840 JavaThread "boundedElastic-evictor-1" daemon [_thread_blocked, id=12304, stack(0x00000037d7700000,0x00000037d7800000)]
  0x000001dd8c75b440 JavaThread "boundedElastic-evictor-2" daemon [_thread_blocked, id=3360, stack(0x00000037d7b00000,0x00000037d7c00000)]
  0x000001dd8c6de2e0 JavaThread "pool-10-thread-1" [_thread_blocked, id=12508, stack(0x00000037d7c00000,0x00000037d7d00000)]
  0x000001dd8c795010 JavaThread "LanguageServerApp-lifecycle" [_thread_blocked, id=12724, stack(0x00000037d7d00000,0x00000037d7e00000)]
  0x000001ddff5f6280 JavaThread "DestroyJavaVM" [_thread_blocked, id=7720, stack(0x00000037d5d00000,0x00000037d5e00000)]
  0x000001dd8c7bd7f0 JavaThread "pool-11-thread-1" [_thread_in_native, id=2632, stack(0x00000037d7e00000,0x00000037d7f00000)]
  0x000001dd8c7d0e90 JavaThread "Simple-Language-Server main thread" daemon [_thread_blocked, id=2584, stack(0x00000037d7f00000,0x00000037d8000000)]
  0x000001dd8c7d28c0 JavaThread "pool-6-thread-1" [_thread_blocked, id=19296, stack(0x00000037d8000000,0x00000037d8100000)]
  0x000001dd8c807010 JavaThread "ForkJoinPool.commonPool-worker-1" daemon [_thread_blocked, id=10744, stack(0x00000037d8100000,0x00000037d8200000)]
  0x000001dd8c83e020 JavaThread "pool-3-thread-1" [_thread_blocked, id=2536, stack(0x00000037d8200000,0x00000037d8300000)]
  0x000001dd8c83e9c0 JavaThread "ForkJoinPool.commonPool-worker-2" daemon [_thread_blocked, id=10144, stack(0x00000037d8300000,0x00000037d8400000)]
  0x000001dd8c83cce0 JavaThread "pool-3-thread-2" [_thread_blocked, id=2496, stack(0x00000037d8400000,0x00000037d8500000)]
  0x000001dd8c83d1b0 JavaThread "ClassGraph-worker-0" daemon [_thread_blocked, id=18412, stack(0x00000037d8500000,0x00000037d8600000)]
  0x000001dd8c83e4f0 JavaThread "ClassGraph-worker-1" daemon [_thread_blocked, id=1956, stack(0x00000037d8600000,0x00000037d8700000)]
  0x000001dd8c83d680 JavaThread "ClassGraph-worker-2" daemon [_thread_blocked, id=16296, stack(0x00000037d8700000,0x00000037d8800000)]
  0x000001dd8c83f360 JavaThread "ClassGraph-worker-3" daemon [_thread_blocked, id=11832, stack(0x00000037d8800000,0x00000037d8900000)]
  0x000001dd8c83ee90 JavaThread "ClassGraph-worker-4" daemon [_thread_blocked, id=12852, stack(0x00000037d8900000,0x00000037d8a00000)]
  0x000001dd8c83f830 JavaThread "ClassGraph-worker-5" daemon [_thread_blocked, id=20264, stack(0x00000037d8a00000,0x00000037d8b00000)]
  0x000001dd8c83c810 JavaThread "ClassGraph-worker-6" daemon [_thread_blocked, id=14468, stack(0x00000037d8b00000,0x00000037d8c00000)]
  0x000001dd8c83db50 JavaThread "ClassGraph-worker-7" daemon [_thread_blocked, id=19500, stack(0x00000037d8c00000,0x00000037d8d00000)]
  0x000001dd8c83be70 JavaThread "ClassGraph-worker-8" daemon [_thread_blocked, id=2524, stack(0x00000037d8d00000,0x00000037d8e00000)]
  0x000001dd8c83c340 JavaThread "ClassGraph-worker-9" daemon [_thread_blocked, id=18660, stack(0x00000037d8e00000,0x00000037d8f00000)]
  0x000001dd8c8afc80 JavaThread "ClassGraph-worker-10" daemon [_thread_blocked, id=9488, stack(0x00000037d8f00000,0x00000037d9000000)]
  0x000001dd8c8ac2c0 JavaThread "ClassGraph-worker-11" daemon [_thread_blocked, id=14136, stack(0x00000037d9000000,0x00000037d9100000)]
  0x000001dd8c8aaab0 JavaThread "ClassGraph-worker-12" daemon [_thread_blocked, id=15832, stack(0x00000037d9100000,0x00000037d9200000)]
  0x000001dd8c8ae940 JavaThread "ClassGraph-worker-13" daemon [_thread_blocked, id=3888, stack(0x00000037d9200000,0x00000037d9300000)]

Other Threads:
=>0x000001dd8a417bf0 VMThread "VM Thread" [stack: 0x00000037d6300000,0x00000037d6400000] [id=13316]
  0x000001ddff646140 WatcherThread [stack: 0x00000037d6e00000,0x00000037d6f00000] [id=14208]
  0x000001ddff6331c0 GCTaskThread "GC Thread#0" [stack: 0x00000037d5e00000,0x00000037d5f00000] [id=11800]
  0x000001dd8bc5b040 GCTaskThread "GC Thread#1" [stack: 0x00000037d7000000,0x00000037d7100000] [id=18196]
  0x000001dd8ba8ac70 GCTaskThread "GC Thread#2" [stack: 0x00000037d7100000,0x00000037d7200000] [id=19644]
  0x000001dd8bcea190 GCTaskThread "GC Thread#3" [stack: 0x00000037d7200000,0x00000037d7300000] [id=19568]
  0x000001dd8bcea440 GCTaskThread "GC Thread#4" [stack: 0x00000037d7300000,0x00000037d7400000] [id=6788]
  0x000001dd8bf48ef0 GCTaskThread "GC Thread#5" [stack: 0x00000037d7400000,0x00000037d7500000] [id=6544]
  0x000001dd8bf491a0 GCTaskThread "GC Thread#6" [stack: 0x00000037d7500000,0x00000037d7600000] [id=13820]
  0x000001dd8bf49450 GCTaskThread "GC Thread#7" [stack: 0x00000037d7600000,0x00000037d7700000] [id=19548]
  0x000001ddff63c170 ConcurrentGCThread "G1 Main Marker" [stack: 0x00000037d5f00000,0x00000037d6000000] [id=4988]
  0x000001ddff63d230 ConcurrentGCThread "G1 Conc#0" [stack: 0x00000037d6000000,0x00000037d6100000] [id=3736]
  0x000001dd8c096870 ConcurrentGCThread "G1 Conc#1" [stack: 0x00000037d7a00000,0x00000037d7b00000] [id=3028]
  0x000001dd8a27a960 ConcurrentGCThread "G1 Refine#0" [stack: 0x00000037d6100000,0x00000037d6200000] [id=9596]
  0x000001dd8c80b3b0 ConcurrentGCThread "G1 Refine#1" [stack: 0x00000037d9300000,0x00000037d9400000] [id=7012]
  0x000001dd8a27c040 ConcurrentGCThread "G1 Service" [stack: 0x00000037d6200000,0x00000037d6300000] [id=9536]

Threads with active compile tasks:

VM state: at safepoint (normal execution)

VM Mutex/Monitor currently owned by a thread:  ([mutex/lock_event])
[0x000001ddfd3fb580] Threads_lock - owner thread: 0x000001dd8a417bf0
[0x000001ddff5f61b0] Heap_lock - owner thread: 0x000001dd8c83d680

Heap address: 0x00000000c0000000, size: 1024 MB, Compressed Oops mode: 32-bit

CDS archive(s) not mapped
Compressed class space mapped at: 0x0000000100000000-0x0000000140000000, reserved size: 1073741824
Narrow klass base: 0x0000000000000000, Narrow klass shift: 3, Narrow klass range: 0x140000000

GC Precious Log:
 CPUs: 8 total, 8 available
 Memory: 7886M
 Large Page Support: Disabled
 NUMA Support: Disabled
 Compressed Oops: Enabled (32-bit)
 Heap Region Size: 1M
 Heap Min Capacity: 8M
 Heap Initial Capacity: 124M
 Heap Max Capacity: 1G
 Pre-touch: Disabled
 Parallel Workers: 8
 Concurrent Workers: 2
 Concurrent Refinement Workers: 8
 Periodic GC: Disabled

Heap:
 garbage-first heap   total 301056K, used 100481K [0x00000000c0000000, 0x0000000100000000)
  region size 1024K, 14 young (14336K), 14 survivors (14336K)
 Metaspace       used 35724K, committed 36160K, reserved 1081344K
  class space    used 4642K, committed 4864K, reserved 1048576K

Heap Regions: E=young(eden), S=young(survivor), O=old, HS=humongous(starts), HC=humongous(continues), CS=collection set, F=free, OA=open archive, CA=closed archive, TAMS=top-at-mark-start (previous, next)
|   0|0x00000000c0000000, 0x00000000c0100000, 0x00000000c0100000|100%| O|  |TAMS 0x00000000c0100000, 0x00000000c0000000| Untracked 
|   1|0x00000000c0100000, 0x00000000c0200000, 0x00000000c0200000|100%| O|  |TAMS 0x00000000c0200000, 0x00000000c0100000| Untracked 
|   2|0x00000000c0200000, 0x00000000c0300000, 0x00000000c0300000|100%| O|  |TAMS 0x00000000c0300000, 0x00000000c0200000| Untracked 
|   3|0x00000000c0300000, 0x00000000c0400000, 0x00000000c0400000|100%| O|  |TAMS 0x00000000c0400000, 0x00000000c0300000| Untracked 
|   4|0x00000000c0400000, 0x00000000c0500000, 0x00000000c0500000|100%| O|  |TAMS 0x00000000c0500000, 0x00000000c0400000| Untracked 
|   5|0x00000000c0500000, 0x00000000c0600000, 0x00000000c0600000|100%| O|  |TAMS 0x00000000c0600000, 0x00000000c0500000| Untracked 
|   6|0x00000000c0600000, 0x00000000c0700000, 0x00000000c0700000|100%| O|  |TAMS 0x00000000c0700000, 0x00000000c0600000| Untracked 
|   7|0x00000000c0700000, 0x00000000c0800000, 0x00000000c0800000|100%| O|  |TAMS 0x00000000c0800000, 0x00000000c0700000| Untracked 
|   8|0x00000000c0800000, 0x00000000c0900000, 0x00000000c0900000|100%| O|  |TAMS 0x00000000c0900000, 0x00000000c0800000| Untracked 
|   9|0x00000000c0900000, 0x00000000c0a00000, 0x00000000c0a00000|100%| O|  |TAMS 0x00000000c0a00000, 0x00000000c0900000| Untracked 
|  10|0x00000000c0a00000, 0x00000000c0b00000, 0x00000000c0b00000|100%| O|  |TAMS 0x00000000c0b00000, 0x00000000c0a00000| Untracked 
|  11|0x00000000c0b00000, 0x00000000c0c00000, 0x00000000c0c00000|100%| O|  |TAMS 0x00000000c0c00000, 0x00000000c0b00000| Untracked 
|  12|0x00000000c0c00000, 0x00000000c0d00000, 0x00000000c0d00000|100%| O|  |TAMS 0x00000000c0d00000, 0x00000000c0c00000| Untracked 
|  13|0x00000000c0d00000, 0x00000000c0e00000, 0x00000000c0e00000|100%| O|  |TAMS 0x00000000c0e00000, 0x00000000c0d00000| Untracked 
|  14|0x00000000c0e00000, 0x00000000c0f00000, 0x00000000c0f00000|100%| O|  |TAMS 0x00000000c0f00000, 0x00000000c0e00000| Untracked 
|  15|0x00000000c0f00000, 0x00000000c1000000, 0x00000000c1000000|100%| O|  |TAMS 0x00000000c1000000, 0x00000000c0f00000| Untracked 
|  16|0x00000000c1000000, 0x00000000c1100000, 0x00000000c1100000|100%| O|  |TAMS 0x00000000c1100000, 0x00000000c1000000| Untracked 
|  17|0x00000000c1100000, 0x00000000c1200000, 0x00000000c1200000|100%| O|  |TAMS 0x00000000c1200000, 0x00000000c1100000| Untracked 
|  18|0x00000000c1200000, 0x00000000c1300000, 0x00000000c1300000|100%| O|  |TAMS 0x00000000c1300000, 0x00000000c1200000| Untracked 
|  19|0x00000000c1300000, 0x00000000c1400000, 0x00000000c1400000|100%| O|  |TAMS 0x00000000c1400000, 0x00000000c1300000| Untracked 
|  20|0x00000000c1400000, 0x00000000c1500000, 0x00000000c1500000|100%| O|  |TAMS 0x00000000c1500000, 0x00000000c1400000| Untracked 
|  21|0x00000000c1500000, 0x00000000c1600000, 0x00000000c1600000|100%| O|  |TAMS 0x00000000c1600000, 0x00000000c1500000| Untracked 
|  22|0x00000000c1600000, 0x00000000c1700000, 0x00000000c1700000|100%| O|  |TAMS 0x00000000c1700000, 0x00000000c1600000| Untracked 
|  23|0x00000000c1700000, 0x00000000c1800000, 0x00000000c1800000|100%| O|  |TAMS 0x00000000c1800000, 0x00000000c1700000| Untracked 
|  24|0x00000000c1800000, 0x00000000c1900000, 0x00000000c1900000|100%| O|  |TAMS 0x00000000c1900000, 0x00000000c1800000| Untracked 
|  25|0x00000000c1900000, 0x00000000c1a00000, 0x00000000c1a00000|100%| O|  |TAMS 0x00000000c1a00000, 0x00000000c1900000| Untracked 
|  26|0x00000000c1a00000, 0x00000000c1b00000, 0x00000000c1b00000|100%| O|  |TAMS 0x00000000c1b00000, 0x00000000c1a00000| Untracked 
|  27|0x00000000c1b00000, 0x00000000c1c00000, 0x00000000c1c00000|100%| O|  |TAMS 0x00000000c1c00000, 0x00000000c1b00000| Untracked 
|  28|0x00000000c1c00000, 0x00000000c1d00000, 0x00000000c1d00000|100%| O|  |TAMS 0x00000000c1d00000, 0x00000000c1c00000| Untracked 
|  29|0x00000000c1d00000, 0x00000000c1e00000, 0x00000000c1e00000|100%| O|  |TAMS 0x00000000c1e00000, 0x00000000c1d00000| Untracked 
|  30|0x00000000c1e00000, 0x00000000c1f00000, 0x00000000c1f00000|100%| O|  |TAMS 0x00000000c1f00000, 0x00000000c1e00000| Untracked 
|  31|0x00000000c1f00000, 0x00000000c2000000, 0x00000000c2000000|100%| O|  |TAMS 0x00000000c2000000, 0x00000000c1f00000| Untracked 
|  32|0x00000000c2000000, 0x00000000c2100000, 0x00000000c2100000|100%| O|  |TAMS 0x00000000c2100000, 0x00000000c2000000| Untracked 
|  33|0x00000000c2100000, 0x00000000c2200000, 0x00000000c2200000|100%| O|  |TAMS 0x00000000c2200000, 0x00000000c2100000| Untracked 
|  34|0x00000000c2200000, 0x00000000c2300000, 0x00000000c2300000|100%| O|  |TAMS 0x00000000c2300000, 0x00000000c2200000| Untracked 
|  35|0x00000000c2300000, 0x00000000c2400000, 0x00000000c2400000|100%| O|  |TAMS 0x00000000c2400000, 0x00000000c2300000| Untracked 
|  36|0x00000000c2400000, 0x00000000c2500000, 0x00000000c2500000|100%| O|  |TAMS 0x00000000c2500000, 0x00000000c2400000| Untracked 
|  37|0x00000000c2500000, 0x00000000c2600000, 0x00000000c2600000|100%| O|  |TAMS 0x00000000c2600000, 0x00000000c2500000| Untracked 
|  38|0x00000000c2600000, 0x00000000c2700000, 0x00000000c2700000|100%| O|  |TAMS 0x00000000c2700000, 0x00000000c2600000| Untracked 
|  39|0x00000000c2700000, 0x00000000c2800000, 0x00000000c2800000|100%| O|  |TAMS 0x00000000c2800000, 0x00000000c2700000| Untracked 
|  40|0x00000000c2800000, 0x00000000c2900000, 0x00000000c2900000|100%| O|  |TAMS 0x00000000c2900000, 0x00000000c2800000| Untracked 
|  41|0x00000000c2900000, 0x00000000c2a00000, 0x00000000c2a00000|100%| O|  |TAMS 0x00000000c2a00000, 0x00000000c2900000| Untracked 
|  42|0x00000000c2a00000, 0x00000000c2b00000, 0x00000000c2b00000|100%| O|  |TAMS 0x00000000c2a00000, 0x00000000c2a00000| Untracked 
|  43|0x00000000c2b00000, 0x00000000c2c00000, 0x00000000c2c00000|100%|HS|  |TAMS 0x00000000c2c00000, 0x00000000c2b00000| Complete 
|  44|0x00000000c2c00000, 0x00000000c2d00000, 0x00000000c2d00000|100%| O|  |TAMS 0x00000000c2d00000, 0x00000000c2c00000| Untracked 
|  45|0x00000000c2d00000, 0x00000000c2e00000, 0x00000000c2e00000|100%| O|  |TAMS 0x00000000c2e00000, 0x00000000c2d00000| Untracked 
|  46|0x00000000c2e00000, 0x00000000c2f00000, 0x00000000c2f00000|100%| O|  |TAMS 0x00000000c2f00000, 0x00000000c2e00000| Untracked 
|  47|0x00000000c2f00000, 0x00000000c3000000, 0x00000000c3000000|100%| O|  |TAMS 0x00000000c3000000, 0x00000000c2f00000| Untracked 
|  48|0x00000000c3000000, 0x00000000c3100000, 0x00000000c3100000|100%| O|  |TAMS 0x00000000c3100000, 0x00000000c3000000| Untracked 
|  49|0x00000000c3100000, 0x00000000c3200000, 0x00000000c3200000|100%| O|  |TAMS 0x00000000c3200000, 0x00000000c3100000| Untracked 
|  50|0x00000000c3200000, 0x00000000c3300000, 0x00000000c3300000|100%| O|  |TAMS 0x00000000c3300000, 0x00000000c3200000| Untracked 
|  51|0x00000000c3300000, 0x00000000c3400000, 0x00000000c3400000|100%| O|  |TAMS 0x00000000c3400000, 0x00000000c3300000| Untracked 
|  52|0x00000000c3400000, 0x00000000c3500000, 0x00000000c3500000|100%| O|  |TAMS 0x00000000c3500000, 0x00000000c3400000| Untracked 
|  53|0x00000000c3500000, 0x00000000c3600000, 0x00000000c3600000|100%| O|  |TAMS 0x00000000c3600000, 0x00000000c3500000| Untracked 
|  54|0x00000000c3600000, 0x00000000c3700000, 0x00000000c3700000|100%| O|  |TAMS 0x00000000c3700000, 0x00000000c3600000| Untracked 
|  55|0x00000000c3700000, 0x00000000c3800000, 0x00000000c3800000|100%| O|  |TAMS 0x00000000c3800000, 0x00000000c3700000| Untracked 
|  56|0x00000000c3800000, 0x00000000c3900000, 0x00000000c3900000|100%| O|  |TAMS 0x00000000c3900000, 0x00000000c3800000| Untracked 
|  57|0x00000000c3900000, 0x00000000c3a00000, 0x00000000c3a00000|100%| O|  |TAMS 0x00000000c3a00000, 0x00000000c3900000| Untracked 
|  58|0x00000000c3a00000, 0x00000000c3b00000, 0x00000000c3b00000|100%| O|  |TAMS 0x00000000c3b00000, 0x00000000c3a00000| Untracked 
|  59|0x00000000c3b00000, 0x00000000c3c00000, 0x00000000c3c00000|100%| O|  |TAMS 0x00000000c3c00000, 0x00000000c3b00000| Untracked 
|  60|0x00000000c3c00000, 0x00000000c3d00000, 0x00000000c3d00000|100%| O|  |TAMS 0x00000000c3d00000, 0x00000000c3c00000| Untracked 
|  61|0x00000000c3d00000, 0x00000000c3e00000, 0x00000000c3e00000|100%| O|  |TAMS 0x00000000c3e00000, 0x00000000c3d00000| Untracked 
|  62|0x00000000c3e00000, 0x00000000c3f00000, 0x00000000c3f00000|100%| O|  |TAMS 0x00000000c3e00000, 0x00000000c3e00000| Untracked 
|  63|0x00000000c3f00000, 0x00000000c4000000, 0x00000000c4000000|100%| O|  |TAMS 0x00000000c3f00000, 0x00000000c3f00000| Untracked 
|  64|0x00000000c4000000, 0x00000000c4100000, 0x00000000c4100000|100%| O|  |TAMS 0x00000000c4000000, 0x00000000c4000000| Untracked 
|  65|0x00000000c4100000, 0x00000000c4200000, 0x00000000c4200000|100%| O|  |TAMS 0x00000000c4100000, 0x00000000c4100000| Untracked 
|  66|0x00000000c4200000, 0x00000000c4300000, 0x00000000c4300000|100%| O|  |TAMS 0x00000000c4200000, 0x00000000c4200000| Untracked 
|  67|0x00000000c4300000, 0x00000000c4400000, 0x00000000c4400000|100%| O|  |TAMS 0x00000000c4300000, 0x00000000c4300000| Untracked 
|  68|0x00000000c4400000, 0x00000000c4500000, 0x00000000c4500000|100%| O|  |TAMS 0x00000000c4400000, 0x00000000c4400000| Untracked 
|  69|0x00000000c4500000, 0x00000000c4600000, 0x00000000c4600000|100%| O|  |TAMS 0x00000000c4500000, 0x00000000c4500000| Untracked 
|  70|0x00000000c4600000, 0x00000000c46ffff8, 0x00000000c4700000| 99%| O|  |TAMS 0x00000000c4600000, 0x00000000c4600000| Untracked 
|  71|0x00000000c4700000, 0x00000000c4800000, 0x00000000c4800000|100%| O|  |TAMS 0x00000000c4700000, 0x00000000c4700000| Untracked 
|  72|0x00000000c4800000, 0x00000000c4900000, 0x00000000c4900000|100%| O|  |TAMS 0x00000000c4800000, 0x00000000c4800000| Untracked 
|  73|0x00000000c4900000, 0x00000000c4a00000, 0x00000000c4a00000|100%| O|  |TAMS 0x00000000c4900000, 0x00000000c4900000| Untracked 
|  74|0x00000000c4a00000, 0x00000000c4b00000, 0x00000000c4b00000|100%| O|  |TAMS 0x00000000c4a00000, 0x00000000c4a00000| Untracked 
|  75|0x00000000c4b00000, 0x00000000c4c00000, 0x00000000c4c00000|100%| O|  |TAMS 0x00000000c4b00000, 0x00000000c4b00000| Untracked 
|  76|0x00000000c4c00000, 0x00000000c4d00000, 0x00000000c4d00000|100%| O|  |TAMS 0x00000000c4c00000, 0x00000000c4c00000| Untracked 
|  77|0x00000000c4d00000, 0x00000000c4e00000, 0x00000000c4e00000|100%| O|  |TAMS 0x00000000c4d00000, 0x00000000c4d00000| Untracked 
|  78|0x00000000c4e00000, 0x00000000c4f00000, 0x00000000c4f00000|100%| O|  |TAMS 0x00000000c4e00000, 0x00000000c4e00000| Untracked 
|  79|0x00000000c4f00000, 0x00000000c5000000, 0x00000000c5000000|100%| O|  |TAMS 0x00000000c4f00000, 0x00000000c4f00000| Untracked 
|  80|0x00000000c5000000, 0x00000000c5100000, 0x00000000c5100000|100%| O|  |TAMS 0x00000000c5000000, 0x00000000c5000000| Untracked 
|  81|0x00000000c5100000, 0x00000000c5200000, 0x00000000c5200000|100%| O|  |TAMS 0x00000000c5100000, 0x00000000c5100000| Untracked 
|  82|0x00000000c5200000, 0x00000000c5300000, 0x00000000c5300000|100%| O|  |TAMS 0x00000000c5200000, 0x00000000c5200000| Untracked 
|  83|0x00000000c5300000, 0x00000000c5400000, 0x00000000c5400000|100%| O|  |TAMS 0x00000000c5300000, 0x00000000c5300000| Untracked 
|  84|0x00000000c5400000, 0x00000000c549f200, 0x00000000c5500000| 62%| O|  |TAMS 0x00000000c5400000, 0x00000000c5400000| Untracked 
|  85|0x00000000c5500000, 0x00000000c5500000, 0x00000000c5600000|  0%| F|  |TAMS 0x00000000c5500000, 0x00000000c5500000| Untracked 
|  86|0x00000000c5600000, 0x00000000c5600000, 0x00000000c5700000|  0%| F|  |TAMS 0x00000000c5600000, 0x00000000c5600000| Untracked 
|  87|0x00000000c5700000, 0x00000000c5700000, 0x00000000c5800000|  0%| F|  |TAMS 0x00000000c5700000, 0x00000000c5700000| Untracked 
|  88|0x00000000c5800000, 0x00000000c5800000, 0x00000000c5900000|  0%| F|  |TAMS 0x00000000c5800000, 0x00000000c5800000| Untracked 
|  89|0x00000000c5900000, 0x00000000c5900000, 0x00000000c5a00000|  0%| F|  |TAMS 0x00000000c5900000, 0x00000000c5900000| Untracked 
|  90|0x00000000c5a00000, 0x00000000c5a00000, 0x00000000c5b00000|  0%| F|  |TAMS 0x00000000c5a00000, 0x00000000c5a00000| Untracked 
|  91|0x00000000c5b00000, 0x00000000c5b00000, 0x00000000c5c00000|  0%| F|  |TAMS 0x00000000c5b00000, 0x00000000c5b00000| Untracked 
|  92|0x00000000c5c00000, 0x00000000c5c00000, 0x00000000c5d00000|  0%| F|  |TAMS 0x00000000c5c00000, 0x00000000c5c00000| Untracked 
|  93|0x00000000c5d00000, 0x00000000c5d00000, 0x00000000c5e00000|  0%| F|  |TAMS 0x00000000c5d00000, 0x00000000c5d00000| Untracked 
|  94|0x00000000c5e00000, 0x00000000c5e00000, 0x00000000c5f00000|  0%| F|  |TAMS 0x00000000c5e00000, 0x00000000c5e00000| Untracked 
|  95|0x00000000c5f00000, 0x00000000c5f00000, 0x00000000c6000000|  0%| F|  |TAMS 0x00000000c5f00000, 0x00000000c5f00000| Untracked 
|  96|0x00000000c6000000, 0x00000000c6000000, 0x00000000c6100000|  0%| F|  |TAMS 0x00000000c6000000, 0x00000000c6000000| Untracked 
|  97|0x00000000c6100000, 0x00000000c6100000, 0x00000000c6200000|  0%| F|  |TAMS 0x00000000c6100000, 0x00000000c6100000| Untracked 
|  98|0x00000000c6200000, 0x00000000c6200000, 0x00000000c6300000|  0%| F|  |TAMS 0x00000000c6200000, 0x00000000c6200000| Untracked 
|  99|0x00000000c6300000, 0x00000000c6300000, 0x00000000c6400000|  0%| F|  |TAMS 0x00000000c6300000, 0x00000000c6300000| Untracked 
| 100|0x00000000c6400000, 0x00000000c6400000, 0x00000000c6500000|  0%| F|  |TAMS 0x00000000c6400000, 0x00000000c6400000| Untracked 
| 101|0x00000000c6500000, 0x00000000c6500000, 0x00000000c6600000|  0%| F|  |TAMS 0x00000000c6500000, 0x00000000c6500000| Untracked 
| 102|0x00000000c6600000, 0x00000000c6600000, 0x00000000c6700000|  0%| F|  |TAMS 0x00000000c6600000, 0x00000000c6600000| Untracked 
| 103|0x00000000c6700000, 0x00000000c6700000, 0x00000000c6800000|  0%| F|  |TAMS 0x00000000c6700000, 0x00000000c6700000| Untracked 
| 104|0x00000000c6800000, 0x00000000c6800000, 0x00000000c6900000|  0%| F|  |TAMS 0x00000000c6800000, 0x00000000c6800000| Untracked 
| 105|0x00000000c6900000, 0x00000000c6900000, 0x00000000c6a00000|  0%| F|  |TAMS 0x00000000c6900000, 0x00000000c6900000| Untracked 
| 106|0x00000000c6a00000, 0x00000000c6a00000, 0x00000000c6b00000|  0%| F|  |TAMS 0x00000000c6a00000, 0x00000000c6a00000| Untracked 
| 107|0x00000000c6b00000, 0x00000000c6b00000, 0x00000000c6c00000|  0%| F|  |TAMS 0x00000000c6b00000, 0x00000000c6b00000| Untracked 
| 108|0x00000000c6c00000, 0x00000000c6c00000, 0x00000000c6d00000|  0%| F|  |TAMS 0x00000000c6c00000, 0x00000000c6c00000| Untracked 
| 109|0x00000000c6d00000, 0x00000000c6d00000, 0x00000000c6e00000|  0%| F|  |TAMS 0x00000000c6d00000, 0x00000000c6d00000| Untracked 
| 110|0x00000000c6e00000, 0x00000000c6e00000, 0x00000000c6f00000|  0%| F|  |TAMS 0x00000000c6e00000, 0x00000000c6e00000| Untracked 
| 111|0x00000000c6f00000, 0x00000000c6f00000, 0x00000000c7000000|  0%| F|  |TAMS 0x00000000c6f00000, 0x00000000c6f00000| Untracked 
| 112|0x00000000c7000000, 0x00000000c7000000, 0x00000000c7100000|  0%| F|  |TAMS 0x00000000c7000000, 0x00000000c7000000| Untracked 
| 113|0x00000000c7100000, 0x00000000c7100000, 0x00000000c7200000|  0%| F|  |TAMS 0x00000000c7100000, 0x00000000c7100000| Untracked 
| 114|0x00000000c7200000, 0x00000000c7200000, 0x00000000c7300000|  0%| F|  |TAMS 0x00000000c7200000, 0x00000000c7200000| Untracked 
| 115|0x00000000c7300000, 0x00000000c7300000, 0x00000000c7400000|  0%| F|  |TAMS 0x00000000c7300000, 0x00000000c7300000| Untracked 
| 116|0x00000000c7400000, 0x00000000c7400000, 0x00000000c7500000|  0%| F|  |TAMS 0x00000000c7400000, 0x00000000c7400000| Untracked 
| 117|0x00000000c7500000, 0x00000000c75813f0, 0x00000000c7600000| 50%| S|CS|TAMS 0x00000000c7500000, 0x00000000c7500000| Complete 
| 118|0x00000000c7600000, 0x00000000c7700000, 0x00000000c7700000|100%| S|CS|TAMS 0x00000000c7600000, 0x00000000c7600000| Complete 
| 119|0x00000000c7700000, 0x00000000c7800000, 0x00000000c7800000|100%| S|CS|TAMS 0x00000000c7700000, 0x00000000c7700000| Complete 
| 120|0x00000000c7800000, 0x00000000c7900000, 0x00000000c7900000|100%| S|CS|TAMS 0x00000000c7800000, 0x00000000c7800000| Complete 
| 121|0x00000000c7900000, 0x00000000c7a00000, 0x00000000c7a00000|100%| S|CS|TAMS 0x00000000c7900000, 0x00000000c7900000| Complete 
| 122|0x00000000c7a00000, 0x00000000c7a00000, 0x00000000c7b00000|  0%| F|  |TAMS 0x00000000c7a00000, 0x00000000c7a00000| Untracked 
| 123|0x00000000c7b00000, 0x00000000c7b00000, 0x00000000c7c00000|  0%| F|  |TAMS 0x00000000c7b00000, 0x00000000c7b00000| Untracked 
| 124|0x00000000c7c00000, 0x00000000c7c00000, 0x00000000c7d00000|  0%| F|  |TAMS 0x00000000c7c00000, 0x00000000c7c00000| Untracked 
| 125|0x00000000c7d00000, 0x00000000c7d00000, 0x00000000c7e00000|  0%| F|  |TAMS 0x00000000c7d00000, 0x00000000c7d00000| Untracked 
| 126|0x00000000c7e00000, 0x00000000c7e00000, 0x00000000c7f00000|  0%| F|  |TAMS 0x00000000c7e00000, 0x00000000c7e00000| Untracked 
| 127|0x00000000c7f00000, 0x00000000c7f00000, 0x00000000c8000000|  0%| F|  |TAMS 0x00000000c7f00000, 0x00000000c7f00000| Untracked 
| 128|0x00000000c8000000, 0x00000000c8000000, 0x00000000c8100000|  0%| F|  |TAMS 0x00000000c8000000, 0x00000000c8000000| Untracked 
| 129|0x00000000c8100000, 0x00000000c8100000, 0x00000000c8200000|  0%| F|  |TAMS 0x00000000c8100000, 0x00000000c8100000| Untracked 
| 130|0x00000000c8200000, 0x00000000c8200000, 0x00000000c8300000|  0%| F|  |TAMS 0x00000000c8200000, 0x00000000c8200000| Untracked 
| 131|0x00000000c8300000, 0x00000000c8300000, 0x00000000c8400000|  0%| F|  |TAMS 0x00000000c8300000, 0x00000000c8300000| Untracked 
| 132|0x00000000c8400000, 0x00000000c8500000, 0x00000000c8500000|100%| S|CS|TAMS 0x00000000c8400000, 0x00000000c8400000| Complete 
| 133|0x00000000c8500000, 0x00000000c8600000, 0x00000000c8600000|100%| S|CS|TAMS 0x00000000c8500000, 0x00000000c8500000| Complete 
| 134|0x00000000c8600000, 0x00000000c8700000, 0x00000000c8700000|100%| S|CS|TAMS 0x00000000c8600000, 0x00000000c8600000| Complete 
| 135|0x00000000c8700000, 0x00000000c8800000, 0x00000000c8800000|100%| S|CS|TAMS 0x00000000c8700000, 0x00000000c8700000| Complete 
| 136|0x00000000c8800000, 0x00000000c8900000, 0x00000000c8900000|100%| S|CS|TAMS 0x00000000c8800000, 0x00000000c8800000| Complete 
| 137|0x00000000c8900000, 0x00000000c8a00000, 0x00000000c8a00000|100%| S|CS|TAMS 0x00000000c8900000, 0x00000000c8900000| Complete 
| 138|0x00000000c8a00000, 0x00000000c8b00000, 0x00000000c8b00000|100%| S|CS|TAMS 0x00000000c8a00000, 0x00000000c8a00000| Complete 
| 139|0x00000000c8b00000, 0x00000000c8b00000, 0x00000000c8c00000|  0%| F|  |TAMS 0x00000000c8b00000, 0x00000000c8b00000| Untracked 
| 140|0x00000000c8c00000, 0x00000000c8c00000, 0x00000000c8d00000|  0%| F|  |TAMS 0x00000000c8c00000, 0x00000000c8c00000| Untracked 
| 141|0x00000000c8d00000, 0x00000000c8d00000, 0x00000000c8e00000|  0%| F|  |TAMS 0x00000000c8d00000, 0x00000000c8d00000| Untracked 
| 142|0x00000000c8e00000, 0x00000000c8f00000, 0x00000000c8f00000|100%| S|CS|TAMS 0x00000000c8e00000, 0x00000000c8e00000| Complete 
| 143|0x00000000c8f00000, 0x00000000c9000000, 0x00000000c9000000|100%| S|CS|TAMS 0x00000000c8f00000, 0x00000000c8f00000| Complete 
| 144|0x00000000c9000000, 0x00000000c9000000, 0x00000000c9100000|  0%| F|  |TAMS 0x00000000c9000000, 0x00000000c9000000| Untracked 
| 145|0x00000000c9100000, 0x00000000c9100000, 0x00000000c9200000|  0%| F|  |TAMS 0x00000000c9100000, 0x00000000c9100000| Untracked 
| 146|0x00000000c9200000, 0x00000000c9200000, 0x00000000c9300000|  0%| F|  |TAMS 0x00000000c9200000, 0x00000000c9200000| Untracked 
| 147|0x00000000c9300000, 0x00000000c9300000, 0x00000000c9400000|  0%| F|  |TAMS 0x00000000c9300000, 0x00000000c9300000| Untracked 
| 148|0x00000000c9400000, 0x00000000c9400000, 0x00000000c9500000|  0%| F|  |TAMS 0x00000000c9400000, 0x00000000c9400000| Untracked 
| 149|0x00000000c9500000, 0x00000000c9500000, 0x00000000c9600000|  0%| F|  |TAMS 0x00000000c9500000, 0x00000000c9500000| Untracked 
| 150|0x00000000c9600000, 0x00000000c9600000, 0x00000000c9700000|  0%| F|  |TAMS 0x00000000c9600000, 0x00000000c9600000| Untracked 
| 151|0x00000000c9700000, 0x00000000c9700000, 0x00000000c9800000|  0%| F|  |TAMS 0x00000000c9700000, 0x00000000c9700000| Untracked 
| 152|0x00000000c9800000, 0x00000000c9800000, 0x00000000c9900000|  0%| F|  |TAMS 0x00000000c9800000, 0x00000000c9800000| Untracked 
| 153|0x00000000c9900000, 0x00000000c9900000, 0x00000000c9a00000|  0%| F|  |TAMS 0x00000000c9900000, 0x00000000c9900000| Untracked 
| 154|0x00000000c9a00000, 0x00000000c9a00000, 0x00000000c9b00000|  0%| F|  |TAMS 0x00000000c9a00000, 0x00000000c9a00000| Untracked 
| 155|0x00000000c9b00000, 0x00000000c9b00000, 0x00000000c9c00000|  0%| F|  |TAMS 0x00000000c9b00000, 0x00000000c9b00000| Untracked 
| 156|0x00000000c9c00000, 0x00000000c9c00000, 0x00000000c9d00000|  0%| F|  |TAMS 0x00000000c9c00000, 0x00000000c9c00000| Untracked 
| 157|0x00000000c9d00000, 0x00000000c9d00000, 0x00000000c9e00000|  0%| F|  |TAMS 0x00000000c9d00000, 0x00000000c9d00000| Untracked 
| 158|0x00000000c9e00000, 0x00000000c9e00000, 0x00000000c9f00000|  0%| F|  |TAMS 0x00000000c9e00000, 0x00000000c9e00000| Untracked 
| 159|0x00000000c9f00000, 0x00000000c9f00000, 0x00000000ca000000|  0%| F|  |TAMS 0x00000000c9f00000, 0x00000000c9f00000| Untracked 
| 160|0x00000000ca000000, 0x00000000ca000000, 0x00000000ca100000|  0%| F|  |TAMS 0x00000000ca000000, 0x00000000ca000000| Untracked 
| 161|0x00000000ca100000, 0x00000000ca100000, 0x00000000ca200000|  0%| F|  |TAMS 0x00000000ca100000, 0x00000000ca100000| Untracked 
| 162|0x00000000ca200000, 0x00000000ca200000, 0x00000000ca300000|  0%| F|  |TAMS 0x00000000ca200000, 0x00000000ca200000| Untracked 
| 163|0x00000000ca300000, 0x00000000ca300000, 0x00000000ca400000|  0%| F|  |TAMS 0x00000000ca300000, 0x00000000ca300000| Untracked 
| 164|0x00000000ca400000, 0x00000000ca400000, 0x00000000ca500000|  0%| F|  |TAMS 0x00000000ca400000, 0x00000000ca400000| Untracked 
| 165|0x00000000ca500000, 0x00000000ca500000, 0x00000000ca600000|  0%| F|  |TAMS 0x00000000ca500000, 0x00000000ca500000| Untracked 
| 166|0x00000000ca600000, 0x00000000ca600000, 0x00000000ca700000|  0%| F|  |TAMS 0x00000000ca600000, 0x00000000ca600000| Untracked 
| 167|0x00000000ca700000, 0x00000000ca700000, 0x00000000ca800000|  0%| F|  |TAMS 0x00000000ca700000, 0x00000000ca700000| Untracked 
| 168|0x00000000ca800000, 0x00000000ca800000, 0x00000000ca900000|  0%| F|  |TAMS 0x00000000ca800000, 0x00000000ca800000| Untracked 
| 169|0x00000000ca900000, 0x00000000ca900000, 0x00000000caa00000|  0%| F|  |TAMS 0x00000000ca900000, 0x00000000ca900000| Untracked 
| 170|0x00000000caa00000, 0x00000000caa00000, 0x00000000cab00000|  0%| F|  |TAMS 0x00000000caa00000, 0x00000000caa00000| Untracked 
| 171|0x00000000cab00000, 0x00000000cab00000, 0x00000000cac00000|  0%| F|  |TAMS 0x00000000cab00000, 0x00000000cab00000| Untracked 
| 172|0x00000000cac00000, 0x00000000cac00000, 0x00000000cad00000|  0%| F|  |TAMS 0x00000000cac00000, 0x00000000cac00000| Untracked 
| 173|0x00000000cad00000, 0x00000000cad00000, 0x00000000cae00000|  0%| F|  |TAMS 0x00000000cad00000, 0x00000000cad00000| Untracked 
| 174|0x00000000cae00000, 0x00000000cae00000, 0x00000000caf00000|  0%| F|  |TAMS 0x00000000cae00000, 0x00000000cae00000| Untracked 
| 175|0x00000000caf00000, 0x00000000caf00000, 0x00000000cb000000|  0%| F|  |TAMS 0x00000000caf00000, 0x00000000caf00000| Untracked 
| 176|0x00000000cb000000, 0x00000000cb000000, 0x00000000cb100000|  0%| F|  |TAMS 0x00000000cb000000, 0x00000000cb000000| Untracked 
| 177|0x00000000cb100000, 0x00000000cb100000, 0x00000000cb200000|  0%| F|  |TAMS 0x00000000cb100000, 0x00000000cb100000| Untracked 
| 178|0x00000000cb200000, 0x00000000cb200000, 0x00000000cb300000|  0%| F|  |TAMS 0x00000000cb200000, 0x00000000cb200000| Untracked 
| 179|0x00000000cb300000, 0x00000000cb300000, 0x00000000cb400000|  0%| F|  |TAMS 0x00000000cb300000, 0x00000000cb300000| Untracked 
| 180|0x00000000cb400000, 0x00000000cb400000, 0x00000000cb500000|  0%| F|  |TAMS 0x00000000cb400000, 0x00000000cb400000| Untracked 
| 181|0x00000000cb500000, 0x00000000cb500000, 0x00000000cb600000|  0%| F|  |TAMS 0x00000000cb500000, 0x00000000cb500000| Untracked 
| 182|0x00000000cb600000, 0x00000000cb600000, 0x00000000cb700000|  0%| F|  |TAMS 0x00000000cb600000, 0x00000000cb600000| Untracked 
| 183|0x00000000cb700000, 0x00000000cb700000, 0x00000000cb800000|  0%| F|  |TAMS 0x00000000cb700000, 0x00000000cb700000| Untracked 
| 184|0x00000000cb800000, 0x00000000cb800000, 0x00000000cb900000|  0%| F|  |TAMS 0x00000000cb800000, 0x00000000cb800000| Untracked 
| 185|0x00000000cb900000, 0x00000000cb900000, 0x00000000cba00000|  0%| F|  |TAMS 0x00000000cb900000, 0x00000000cb900000| Untracked 
| 186|0x00000000cba00000, 0x00000000cba00000, 0x00000000cbb00000|  0%| F|  |TAMS 0x00000000cba00000, 0x00000000cba00000| Untracked 
| 187|0x00000000cbb00000, 0x00000000cbb00000, 0x00000000cbc00000|  0%| F|  |TAMS 0x00000000cbb00000, 0x00000000cbb00000| Untracked 
| 188|0x00000000cbc00000, 0x00000000cbc00000, 0x00000000cbd00000|  0%| F|  |TAMS 0x00000000cbc00000, 0x00000000cbc00000| Untracked 
| 189|0x00000000cbd00000, 0x00000000cbd00000, 0x00000000cbe00000|  0%| F|  |TAMS 0x00000000cbd00000, 0x00000000cbd00000| Untracked 
| 190|0x00000000cbe00000, 0x00000000cbe00000, 0x00000000cbf00000|  0%| F|  |TAMS 0x00000000cbe00000, 0x00000000cbe00000| Untracked 
| 191|0x00000000cbf00000, 0x00000000cbf00000, 0x00000000cc000000|  0%| F|  |TAMS 0x00000000cbf00000, 0x00000000cbf00000| Untracked 
| 192|0x00000000cc000000, 0x00000000cc000000, 0x00000000cc100000|  0%| F|  |TAMS 0x00000000cc000000, 0x00000000cc000000| Untracked 
| 193|0x00000000cc100000, 0x00000000cc100000, 0x00000000cc200000|  0%| F|  |TAMS 0x00000000cc100000, 0x00000000cc100000| Untracked 
| 194|0x00000000cc200000, 0x00000000cc200000, 0x00000000cc300000|  0%| F|  |TAMS 0x00000000cc200000, 0x00000000cc200000| Untracked 
| 195|0x00000000cc300000, 0x00000000cc300000, 0x00000000cc400000|  0%| F|  |TAMS 0x00000000cc300000, 0x00000000cc300000| Untracked 
| 196|0x00000000cc400000, 0x00000000cc400000, 0x00000000cc500000|  0%| F|  |TAMS 0x00000000cc400000, 0x00000000cc400000| Untracked 
| 197|0x00000000cc500000, 0x00000000cc500000, 0x00000000cc600000|  0%| F|  |TAMS 0x00000000cc500000, 0x00000000cc500000| Untracked 
| 198|0x00000000cc600000, 0x00000000cc600000, 0x00000000cc700000|  0%| F|  |TAMS 0x00000000cc600000, 0x00000000cc600000| Untracked 
| 199|0x00000000cc700000, 0x00000000cc700000, 0x00000000cc800000|  0%| F|  |TAMS 0x00000000cc700000, 0x00000000cc700000| Untracked 
| 200|0x00000000cc800000, 0x00000000cc800000, 0x00000000cc900000|  0%| F|  |TAMS 0x00000000cc800000, 0x00000000cc800000| Untracked 
| 201|0x00000000cc900000, 0x00000000cc900000, 0x00000000cca00000|  0%| F|  |TAMS 0x00000000cc900000, 0x00000000cc900000| Untracked 
| 202|0x00000000cca00000, 0x00000000cca00000, 0x00000000ccb00000|  0%| F|  |TAMS 0x00000000cca00000, 0x00000000cca00000| Untracked 
| 203|0x00000000ccb00000, 0x00000000ccb00000, 0x00000000ccc00000|  0%| F|  |TAMS 0x00000000ccb00000, 0x00000000ccb00000| Untracked 
| 204|0x00000000ccc00000, 0x00000000ccc00000, 0x00000000ccd00000|  0%| F|  |TAMS 0x00000000ccc00000, 0x00000000ccc00000| Untracked 
| 205|0x00000000ccd00000, 0x00000000ccd00000, 0x00000000cce00000|  0%| F|  |TAMS 0x00000000ccd00000, 0x00000000ccd00000| Untracked 
| 206|0x00000000cce00000, 0x00000000cce00000, 0x00000000ccf00000|  0%| F|  |TAMS 0x00000000cce00000, 0x00000000cce00000| Untracked 
| 207|0x00000000ccf00000, 0x00000000ccf00000, 0x00000000cd000000|  0%| F|  |TAMS 0x00000000ccf00000, 0x00000000ccf00000| Untracked 
| 208|0x00000000cd000000, 0x00000000cd000000, 0x00000000cd100000|  0%| F|  |TAMS 0x00000000cd000000, 0x00000000cd000000| Untracked 
| 209|0x00000000cd100000, 0x00000000cd100000, 0x00000000cd200000|  0%| F|  |TAMS 0x00000000cd100000, 0x00000000cd100000| Untracked 
| 210|0x00000000cd200000, 0x00000000cd200000, 0x00000000cd300000|  0%| F|  |TAMS 0x00000000cd200000, 0x00000000cd200000| Untracked 
| 211|0x00000000cd300000, 0x00000000cd300000, 0x00000000cd400000|  0%| F|  |TAMS 0x00000000cd300000, 0x00000000cd300000| Untracked 
| 212|0x00000000cd400000, 0x00000000cd400000, 0x00000000cd500000|  0%| F|  |TAMS 0x00000000cd400000, 0x00000000cd400000| Untracked 
| 213|0x00000000cd500000, 0x00000000cd500000, 0x00000000cd600000|  0%| F|  |TAMS 0x00000000cd500000, 0x00000000cd500000| Untracked 
| 214|0x00000000cd600000, 0x00000000cd600000, 0x00000000cd700000|  0%| F|  |TAMS 0x00000000cd600000, 0x00000000cd600000| Untracked 
| 215|0x00000000cd700000, 0x00000000cd700000, 0x00000000cd800000|  0%| F|  |TAMS 0x00000000cd700000, 0x00000000cd700000| Untracked 
| 216|0x00000000cd800000, 0x00000000cd800000, 0x00000000cd900000|  0%| F|  |TAMS 0x00000000cd800000, 0x00000000cd800000| Untracked 
| 217|0x00000000cd900000, 0x00000000cd900000, 0x00000000cda00000|  0%| F|  |TAMS 0x00000000cd900000, 0x00000000cd900000| Untracked 
| 218|0x00000000cda00000, 0x00000000cda00000, 0x00000000cdb00000|  0%| F|  |TAMS 0x00000000cda00000, 0x00000000cda00000| Untracked 
| 219|0x00000000cdb00000, 0x00000000cdb00000, 0x00000000cdc00000|  0%| F|  |TAMS 0x00000000cdb00000, 0x00000000cdb00000| Untracked 
| 220|0x00000000cdc00000, 0x00000000cdc00000, 0x00000000cdd00000|  0%| F|  |TAMS 0x00000000cdc00000, 0x00000000cdc00000| Untracked 
| 221|0x00000000cdd00000, 0x00000000cdd00000, 0x00000000cde00000|  0%| F|  |TAMS 0x00000000cdd00000, 0x00000000cdd00000| Untracked 
| 222|0x00000000cde00000, 0x00000000cde00000, 0x00000000cdf00000|  0%| F|  |TAMS 0x00000000cde00000, 0x00000000cde00000| Untracked 
| 223|0x00000000cdf00000, 0x00000000cdf00000, 0x00000000ce000000|  0%| F|  |TAMS 0x00000000cdf00000, 0x00000000cdf00000| Untracked 
| 224|0x00000000ce000000, 0x00000000ce000000, 0x00000000ce100000|  0%| F|  |TAMS 0x00000000ce000000, 0x00000000ce000000| Untracked 
| 225|0x00000000ce100000, 0x00000000ce100000, 0x00000000ce200000|  0%| F|  |TAMS 0x00000000ce100000, 0x00000000ce100000| Untracked 
| 226|0x00000000ce200000, 0x00000000ce200000, 0x00000000ce300000|  0%| F|  |TAMS 0x00000000ce200000, 0x00000000ce200000| Untracked 
| 227|0x00000000ce300000, 0x00000000ce300000, 0x00000000ce400000|  0%| F|  |TAMS 0x00000000ce300000, 0x00000000ce300000| Untracked 
| 228|0x00000000ce400000, 0x00000000ce400000, 0x00000000ce500000|  0%| F|  |TAMS 0x00000000ce400000, 0x00000000ce400000| Untracked 
| 229|0x00000000ce500000, 0x00000000ce500000, 0x00000000ce600000|  0%| F|  |TAMS 0x00000000ce500000, 0x00000000ce500000| Untracked 
| 230|0x00000000ce600000, 0x00000000ce600000, 0x00000000ce700000|  0%| F|  |TAMS 0x00000000ce600000, 0x00000000ce600000| Untracked 
| 231|0x00000000ce700000, 0x00000000ce700000, 0x00000000ce800000|  0%| F|  |TAMS 0x00000000ce700000, 0x00000000ce700000| Untracked 
| 232|0x00000000ce800000, 0x00000000ce800000, 0x00000000ce900000|  0%| F|  |TAMS 0x00000000ce800000, 0x00000000ce800000| Untracked 
| 233|0x00000000ce900000, 0x00000000ce900000, 0x00000000cea00000|  0%| F|  |TAMS 0x00000000ce900000, 0x00000000ce900000| Untracked 
| 234|0x00000000cea00000, 0x00000000cea00000, 0x00000000ceb00000|  0%| F|  |TAMS 0x00000000cea00000, 0x00000000cea00000| Untracked 
| 235|0x00000000ceb00000, 0x00000000ceb00000, 0x00000000cec00000|  0%| F|  |TAMS 0x00000000ceb00000, 0x00000000ceb00000| Untracked 
| 236|0x00000000cec00000, 0x00000000cec00000, 0x00000000ced00000|  0%| F|  |TAMS 0x00000000cec00000, 0x00000000cec00000| Untracked 
| 237|0x00000000ced00000, 0x00000000ced00000, 0x00000000cee00000|  0%| F|  |TAMS 0x00000000ced00000, 0x00000000ced00000| Untracked 
| 238|0x00000000cee00000, 0x00000000cee00000, 0x00000000cef00000|  0%| F|  |TAMS 0x00000000cee00000, 0x00000000cee00000| Untracked 
| 239|0x00000000cef00000, 0x00000000cef00000, 0x00000000cf000000|  0%| F|  |TAMS 0x00000000cef00000, 0x00000000cef00000| Untracked 
| 240|0x00000000cf000000, 0x00000000cf000000, 0x00000000cf100000|  0%| F|  |TAMS 0x00000000cf000000, 0x00000000cf000000| Untracked 
| 241|0x00000000cf100000, 0x00000000cf100000, 0x00000000cf200000|  0%| F|  |TAMS 0x00000000cf100000, 0x00000000cf100000| Untracked 
| 242|0x00000000cf200000, 0x00000000cf200000, 0x00000000cf300000|  0%| F|  |TAMS 0x00000000cf200000, 0x00000000cf200000| Untracked 
| 243|0x00000000cf300000, 0x00000000cf300000, 0x00000000cf400000|  0%| F|  |TAMS 0x00000000cf300000, 0x00000000cf300000| Untracked 
| 244|0x00000000cf400000, 0x00000000cf400000, 0x00000000cf500000|  0%| F|  |TAMS 0x00000000cf400000, 0x00000000cf400000| Untracked 
| 245|0x00000000cf500000, 0x00000000cf500000, 0x00000000cf600000|  0%| F|  |TAMS 0x00000000cf500000, 0x00000000cf500000| Untracked 
| 246|0x00000000cf600000, 0x00000000cf600000, 0x00000000cf700000|  0%| F|  |TAMS 0x00000000cf600000, 0x00000000cf600000| Untracked 
| 247|0x00000000cf700000, 0x00000000cf700000, 0x00000000cf800000|  0%| F|  |TAMS 0x00000000cf700000, 0x00000000cf700000| Untracked 
| 248|0x00000000cf800000, 0x00000000cf800000, 0x00000000cf900000|  0%| F|  |TAMS 0x00000000cf800000, 0x00000000cf800000| Untracked 
| 249|0x00000000cf900000, 0x00000000cf900000, 0x00000000cfa00000|  0%| F|  |TAMS 0x00000000cf900000, 0x00000000cf900000| Untracked 
| 250|0x00000000cfa00000, 0x00000000cfa00000, 0x00000000cfb00000|  0%| F|  |TAMS 0x00000000cfa00000, 0x00000000cfa00000| Untracked 
| 251|0x00000000cfb00000, 0x00000000cfb00000, 0x00000000cfc00000|  0%| F|  |TAMS 0x00000000cfb00000, 0x00000000cfb00000| Untracked 
| 252|0x00000000cfc00000, 0x00000000cfc00000, 0x00000000cfd00000|  0%| F|  |TAMS 0x00000000cfc00000, 0x00000000cfc00000| Untracked 
| 253|0x00000000cfd00000, 0x00000000cfd00000, 0x00000000cfe00000|  0%| F|  |TAMS 0x00000000cfd00000, 0x00000000cfd00000| Untracked 
| 254|0x00000000cfe00000, 0x00000000cfe00000, 0x00000000cff00000|  0%| F|  |TAMS 0x00000000cfe00000, 0x00000000cfe00000| Untracked 
| 255|0x00000000cff00000, 0x00000000cff00000, 0x00000000d0000000|  0%| F|  |TAMS 0x00000000cff00000, 0x00000000cff00000| Untracked 
| 256|0x00000000d0000000, 0x00000000d0000000, 0x00000000d0100000|  0%| F|  |TAMS 0x00000000d0000000, 0x00000000d0000000| Untracked 
| 257|0x00000000d0100000, 0x00000000d0100000, 0x00000000d0200000|  0%| F|  |TAMS 0x00000000d0100000, 0x00000000d0100000| Untracked 
| 258|0x00000000d0200000, 0x00000000d0200000, 0x00000000d0300000|  0%| F|  |TAMS 0x00000000d0200000, 0x00000000d0200000| Untracked 
| 259|0x00000000d0300000, 0x00000000d0300000, 0x00000000d0400000|  0%| F|  |TAMS 0x00000000d0300000, 0x00000000d0300000| Untracked 
| 260|0x00000000d0400000, 0x00000000d0400000, 0x00000000d0500000|  0%| F|  |TAMS 0x00000000d0400000, 0x00000000d0400000| Untracked 
| 261|0x00000000d0500000, 0x00000000d0500000, 0x00000000d0600000|  0%| F|  |TAMS 0x00000000d0500000, 0x00000000d0500000| Untracked 
| 262|0x00000000d0600000, 0x00000000d0600000, 0x00000000d0700000|  0%| F|  |TAMS 0x00000000d0600000, 0x00000000d0600000| Untracked 
| 263|0x00000000d0700000, 0x00000000d0700000, 0x00000000d0800000|  0%| F|  |TAMS 0x00000000d0700000, 0x00000000d0700000| Untracked 
| 264|0x00000000d0800000, 0x00000000d0800000, 0x00000000d0900000|  0%| F|  |TAMS 0x00000000d0800000, 0x00000000d0800000| Untracked 
| 265|0x00000000d0900000, 0x00000000d0900000, 0x00000000d0a00000|  0%| F|  |TAMS 0x00000000d0900000, 0x00000000d0900000| Untracked 
| 266|0x00000000d0a00000, 0x00000000d0a00000, 0x00000000d0b00000|  0%| F|  |TAMS 0x00000000d0a00000, 0x00000000d0a00000| Untracked 
| 267|0x00000000d0b00000, 0x00000000d0b00000, 0x00000000d0c00000|  0%| F|  |TAMS 0x00000000d0b00000, 0x00000000d0b00000| Untracked 
| 268|0x00000000d0c00000, 0x00000000d0c00000, 0x00000000d0d00000|  0%| F|  |TAMS 0x00000000d0c00000, 0x00000000d0c00000| Untracked 
| 269|0x00000000d0d00000, 0x00000000d0d00000, 0x00000000d0e00000|  0%| F|  |TAMS 0x00000000d0d00000, 0x00000000d0d00000| Untracked 
| 270|0x00000000d0e00000, 0x00000000d0e00000, 0x00000000d0f00000|  0%| F|  |TAMS 0x00000000d0e00000, 0x00000000d0e00000| Untracked 
| 271|0x00000000d0f00000, 0x00000000d0f00000, 0x00000000d1000000|  0%| F|  |TAMS 0x00000000d0f00000, 0x00000000d0f00000| Untracked 
| 272|0x00000000d1000000, 0x00000000d1000000, 0x00000000d1100000|  0%| F|  |TAMS 0x00000000d1000000, 0x00000000d1000000| Untracked 
| 273|0x00000000d1100000, 0x00000000d1100000, 0x00000000d1200000|  0%| F|  |TAMS 0x00000000d1100000, 0x00000000d1100000| Untracked 
| 274|0x00000000d1200000, 0x00000000d1200000, 0x00000000d1300000|  0%| F|  |TAMS 0x00000000d1200000, 0x00000000d1200000| Untracked 
| 275|0x00000000d1300000, 0x00000000d1300000, 0x00000000d1400000|  0%| F|  |TAMS 0x00000000d1300000, 0x00000000d1300000| Untracked 
| 276|0x00000000d1400000, 0x00000000d1400000, 0x00000000d1500000|  0%| F|  |TAMS 0x00000000d1400000, 0x00000000d1400000| Untracked 
| 277|0x00000000d1500000, 0x00000000d1500000, 0x00000000d1600000|  0%| F|  |TAMS 0x00000000d1500000, 0x00000000d1500000| Untracked 
| 278|0x00000000d1600000, 0x00000000d1600000, 0x00000000d1700000|  0%| F|  |TAMS 0x00000000d1600000, 0x00000000d1600000| Untracked 
| 279|0x00000000d1700000, 0x00000000d1700000, 0x00000000d1800000|  0%| F|  |TAMS 0x00000000d1700000, 0x00000000d1700000| Untracked 
| 280|0x00000000d1800000, 0x00000000d1800000, 0x00000000d1900000|  0%| F|  |TAMS 0x00000000d1800000, 0x00000000d1800000| Untracked 
| 281|0x00000000d1900000, 0x00000000d1900000, 0x00000000d1a00000|  0%| F|  |TAMS 0x00000000d1900000, 0x00000000d1900000| Untracked 
| 282|0x00000000d1a00000, 0x00000000d1a00000, 0x00000000d1b00000|  0%| F|  |TAMS 0x00000000d1a00000, 0x00000000d1a00000| Untracked 
| 283|0x00000000d1b00000, 0x00000000d1b00000, 0x00000000d1c00000|  0%| F|  |TAMS 0x00000000d1b00000, 0x00000000d1b00000| Untracked 
| 284|0x00000000d1c00000, 0x00000000d1c00000, 0x00000000d1d00000|  0%| F|  |TAMS 0x00000000d1c00000, 0x00000000d1c00000| Untracked 
| 285|0x00000000d1d00000, 0x00000000d1d00000, 0x00000000d1e00000|  0%| F|  |TAMS 0x00000000d1d00000, 0x00000000d1d00000| Untracked 
| 286|0x00000000d1e00000, 0x00000000d1e00000, 0x00000000d1f00000|  0%| F|  |TAMS 0x00000000d1e00000, 0x00000000d1e00000| Untracked 
| 287|0x00000000d1f00000, 0x00000000d1f00000, 0x00000000d2000000|  0%| F|  |TAMS 0x00000000d1f00000, 0x00000000d1f00000| Untracked 
| 288|0x00000000d2000000, 0x00000000d2000000, 0x00000000d2100000|  0%| F|  |TAMS 0x00000000d2000000, 0x00000000d2000000| Untracked 
| 289|0x00000000d2100000, 0x00000000d2100000, 0x00000000d2200000|  0%| F|  |TAMS 0x00000000d2100000, 0x00000000d2100000| Untracked 
| 290|0x00000000d2200000, 0x00000000d2200000, 0x00000000d2300000|  0%| F|  |TAMS 0x00000000d2200000, 0x00000000d2200000| Untracked 
| 291|0x00000000d2300000, 0x00000000d2300000, 0x00000000d2400000|  0%| F|  |TAMS 0x00000000d2300000, 0x00000000d2300000| Untracked 
| 292|0x00000000d2400000, 0x00000000d2400000, 0x00000000d2500000|  0%| F|  |TAMS 0x00000000d2400000, 0x00000000d2400000| Untracked 
| 293|0x00000000d2500000, 0x00000000d2500000, 0x00000000d2600000|  0%| F|  |TAMS 0x00000000d2500000, 0x00000000d2500000| Untracked 

Card table byte_map: [0x000001ddff9b0000,0x000001ddffbb0000] _byte_map_base: 0x000001ddff3b0000

Marking Bits (Prev, Next): (CMBitMap*) 0x000001ddff633720, (CMBitMap*) 0x000001ddff6336e0
 Prev Bits: [0x000001dd86bc0000, 0x000001dd87bc0000)
 Next Bits: [0x000001dd85bc0000, 0x000001dd86bc0000)

Polling page: 0x000001ddfd550000

Metaspace:

Usage:
  Non-class:     30.35 MB used.
      Class:      4.53 MB used.
       Both:     34.89 MB used.

Virtual space:
  Non-class space:       32.00 MB reserved,      30.56 MB ( 96%) committed,  4 nodes.
      Class space:        1.00 GB reserved,       4.75 MB ( <1%) committed,  1 nodes.
             Both:        1.03 GB reserved,      35.31 MB (  3%) committed. 

Chunk freelists:
   Non-Class:  1.00 MB
       Class:  3.17 MB
        Both:  4.17 MB

MaxMetaspaceSize: unlimited
CompressedClassSpaceSize: 1.00 GB
Initial GC threshold: 21.00 MB
Current GC threshold: 58.88 MB
CDS: off
MetaspaceReclaimPolicy: balanced
 - commit_granule_bytes: 65536.
 - commit_granule_words: 8192.
 - virtual_space_node_default_size: 1048576.
 - enlarge_chunks_in_place: 1.
 - new_chunks_are_fully_committed: 0.
 - uncommit_free_chunks: 1.
 - use_allocation_guard: 0.
 - handle_deallocations: 1.


Internal statistics:

num_allocs_failed_limit: 3.
num_arena_births: 468.
num_arena_deaths: 0.
num_vsnodes_births: 5.
num_vsnodes_deaths: 0.
num_space_committed: 565.
num_space_uncommitted: 0.
num_chunks_returned_to_freelist: 3.
num_chunks_taken_from_freelist: 1528.
num_chunk_merges: 3.
num_chunk_splits: 1031.
num_chunks_enlarged: 760.
num_purges: 0.
num_inconsistent_stats: 0.

CodeCache: size=49152Kb used=9126Kb max_used=9126Kb free=40025Kb
 bounds [0x000001dd82bc0000, 0x000001dd834b0000, 0x000001dd85bc0000]
 total_blobs=4313 nmethods=3771 adapters=465
 compilation: enabled
              stopped_count=0, restarted_count=0
 full_count=0

Compilation events (20 events):
Event: 2.427 Thread 0x000001dd8b03d600 nmethod 3754 0x000001dd8349dc10 code [0x000001dd8349de20, 0x000001dd8349e3e8]
Event: 2.427 Thread 0x000001dd8b03d600 3759       1       io.github.classgraph.Classfile::readBasicClassInfo (339 bytes)
Event: 2.428 Thread 0x000001dd8bfc7470 nmethod 3748 0x000001dd8349e710 code [0x000001dd8349e9c0, 0x000001dd8349f478]
Event: 2.428 Thread 0x000001dd8bf53df0 nmethod 3742 0x000001dd8349fa90 code [0x000001dd8349fc40, 0x000001dd8349fda8]
Event: 2.428 Thread 0x000001dd8bfc7470 3761   !   1       nonapi.io.github.classgraph.fileslice.reader.ClassfileReader::close (43 bytes)
Event: 2.428 Thread 0x000001dd8bf53df0 3756       1       nonapi.io.github.classgraph.fileslice.reader.ClassfileReader::<init> (29 bytes)
Event: 2.428 Thread 0x000001dd8bfc7470 nmethod 3761 0x000001dd8349ff10 code [0x000001dd834a00c0, 0x000001dd834a0298]
Event: 2.428 Thread 0x000001dd8bf53df0 nmethod 3756 0x000001dd834a0390 code [0x000001dd834a0520, 0x000001dd834a0798]
Event: 2.429 Thread 0x000001dd8b03d600 nmethod 3759 0x000001dd834a0810 code [0x000001dd834a0b80, 0x000001dd834a19a8]
Event: 2.431 Thread 0x000001dd8b24dcd0 nmethod 3746 0x000001dd834a2190 code [0x000001dd834a29e0, 0x000001dd834a55f8]
Event: 2.461 Thread 0x000001dd8bf53df0 3767  s!   1       jdk.internal.loader.URLClassPath::getLoader (196 bytes)
Event: 2.462 Thread 0x000001dd8bf53df0 nmethod 3767 0x000001dd834a7510 code [0x000001dd834a77c0, 0x000001dd834a81d8]
Event: 2.536 Thread 0x000001dd8bf53df0 3768       1       java.util.concurrent.ConcurrentHashMap::resizeStamp (9 bytes)
Event: 2.537 Thread 0x000001dd8bf53df0 nmethod 3768 0x000001dd834a8b10 code [0x000001dd834a8ca0, 0x000001dd834a8d68]
Event: 2.608 Thread 0x000001dd8bfc7470 3769       1       java.util.concurrent.locks.ReentrantLock$NonfairSync::tryAcquire (27 bytes)
Event: 2.609 Thread 0x000001dd8bfc7470 nmethod 3769 0x000001dd834a8e10 code [0x000001dd834a8fa0, 0x000001dd834a9118]
Event: 2.617 Thread 0x000001dd8b03d600 3770       1       io.github.classgraph.ModuleRef::getReference (5 bytes)
Event: 2.617 Thread 0x000001dd8b03d600 nmethod 3770 0x000001dd834a9190 code [0x000001dd834a9320, 0x000001dd834a93f8]
Event: 2.641 Thread 0x000001dd8bfc7470 3771       1       java.util.concurrent.ConcurrentHashMap::helpTransfer (123 bytes)
Event: 2.642 Thread 0x000001dd8bfc7470 nmethod 3771 0x000001dd834a9490 code [0x000001dd834a9640, 0x000001dd834a98b8]

GC Heap History (20 events):
Event: 2.400 GC heap after
{Heap after GC invocations=15 (full 0):
 garbage-first heap   total 134144K, used 64512K [0x00000000c0000000, 0x0000000100000000)
  region size 1024K, 7 young (7168K), 7 survivors (7168K)
 Metaspace       used 35629K, committed 36032K, reserved 1081344K
  class space    used 4628K, committed 4800K, reserved 1048576K
}
Event: 2.413 GC heap before
{Heap before GC invocations=15 (full 0):
 garbage-first heap   total 134144K, used 95232K [0x00000000c0000000, 0x0000000100000000)
  region size 1024K, 38 young (38912K), 7 survivors (7168K)
 Metaspace       used 35639K, committed 36032K, reserved 1081344K
  class space    used 4628K, committed 4800K, reserved 1048576K
}
Event: 2.416 GC heap after
{Heap after GC invocations=16 (full 0):
 garbage-first heap   total 134144K, used 67520K [0x00000000c0000000, 0x0000000100000000)
  region size 1024K, 3 young (3072K), 3 survivors (3072K)
 Metaspace       used 35639K, committed 36032K, reserved 1081344K
  class space    used 4628K, committed 4800K, reserved 1048576K
}
Event: 2.425 GC heap before
{Heap before GC invocations=16 (full 0):
 garbage-first heap   total 134144K, used 98240K [0x00000000c0000000, 0x0000000100000000)
  region size 1024K, 34 young (34816K), 3 survivors (3072K)
 Metaspace       used 35652K, committed 36096K, reserved 1081344K
  class space    used 4636K, committed 4864K, reserved 1048576K
}
Event: 2.426 GC heap after
{Heap after GC invocations=17 (full 0):
 garbage-first heap   total 134144K, used 68213K [0x00000000c0000000, 0x0000000100000000)
  region size 1024K, 3 young (3072K), 3 survivors (3072K)
 Metaspace       used 35652K, committed 36096K, reserved 1081344K
  class space    used 4636K, committed 4864K, reserved 1048576K
}
Event: 2.438 GC heap before
{Heap before GC invocations=17 (full 0):
 garbage-first heap   total 134144K, used 100981K [0x00000000c0000000, 0x0000000100000000)
  region size 1024K, 36 young (36864K), 3 survivors (3072K)
 Metaspace       used 35652K, committed 36096K, reserved 1081344K
  class space    used 4636K, committed 4864K, reserved 1048576K
}
Event: 2.439 GC heap after
{Heap after GC invocations=18 (full 0):
 garbage-first heap   total 134144K, used 69827K [0x00000000c0000000, 0x0000000100000000)
  region size 1024K, 3 young (3072K), 3 survivors (3072K)
 Metaspace       used 35652K, committed 36096K, reserved 1081344K
  class space    used 4636K, committed 4864K, reserved 1048576K
}
Event: 2.451 GC heap before
{Heap before GC invocations=18 (full 0):
 garbage-first heap   total 134144K, used 103619K [0x00000000c0000000, 0x0000000100000000)
  region size 1024K, 37 young (37888K), 3 survivors (3072K)
 Metaspace       used 35652K, committed 36096K, reserved 1081344K
  class space    used 4636K, committed 4864K, reserved 1048576K
}
Event: 2.453 GC heap after
{Heap after GC invocations=19 (full 0):
 garbage-first heap   total 276480K, used 71346K [0x00000000c0000000, 0x0000000100000000)
  region size 1024K, 3 young (3072K), 3 survivors (3072K)
 Metaspace       used 35652K, committed 36096K, reserved 1081344K
  class space    used 4636K, committed 4864K, reserved 1048576K
}
Event: 2.500 GC heap before
{Heap before GC invocations=19 (full 0):
 garbage-first heap   total 301056K, used 186034K [0x00000000c0000000, 0x0000000100000000)
  region size 1024K, 117 young (119808K), 3 survivors (3072K)
 Metaspace       used 35724K, committed 36160K, reserved 1081344K
  class space    used 4642K, committed 4864K, reserved 1048576K
}
Event: 2.504 GC heap after
{Heap after GC invocations=20 (full 0):
 garbage-first heap   total 301056K, used 75579K [0x00000000c0000000, 0x0000000100000000)
  region size 1024K, 9 young (9216K), 9 survivors (9216K)
 Metaspace       used 35724K, committed 36160K, reserved 1081344K
  class space    used 4642K, committed 4864K, reserved 1048576K
}
Event: 2.553 GC heap before
{Heap before GC invocations=21 (full 0):
 garbage-first heap   total 301056K, used 232251K [0x00000000c0000000, 0x0000000100000000)
  region size 1024K, 163 young (166912K), 9 survivors (9216K)
 Metaspace       used 35724K, committed 36160K, reserved 1081344K
  class space    used 4642K, committed 4864K, reserved 1048576K
}
Event: 2.558 GC heap after
{Heap after GC invocations=22 (full 0):
 garbage-first heap   total 301056K, used 82324K [0x00000000c0000000, 0x0000000100000000)
  region size 1024K, 15 young (15360K), 15 survivors (15360K)
 Metaspace       used 35724K, committed 36160K, reserved 1081344K
  class space    used 4642K, committed 4864K, reserved 1048576K
}
Event: 2.559 GC heap before
{Heap before GC invocations=22 (full 0):
 garbage-first heap   total 301056K, used 85396K [0x00000000c0000000, 0x0000000100000000)
  region size 1024K, 19 young (19456K), 15 survivors (15360K)
 Metaspace       used 35724K, committed 36160K, reserved 1081344K
  class space    used 4642K, committed 4864K, reserved 1048576K
}
Event: 2.564 GC heap after
{Heap after GC invocations=23 (full 0):
 garbage-first heap   total 301056K, used 82281K [0x00000000c0000000, 0x0000000100000000)
  region size 1024K, 2 young (2048K), 2 survivors (2048K)
 Metaspace       used 35724K, committed 36160K, reserved 1081344K
  class space    used 4642K, committed 4864K, reserved 1048576K
}
Event: 2.590 GC heap before
{Heap before GC invocations=23 (full 0):
 garbage-first heap   total 301056K, used 237929K [0x00000000c0000000, 0x0000000100000000)
  region size 1024K, 155 young (158720K), 2 survivors (2048K)
 Metaspace       used 35724K, committed 36160K, reserved 1081344K
  class space    used 4642K, committed 4864K, reserved 1048576K
}
Event: 2.593 GC heap after
{Heap after GC invocations=24 (full 0):
 garbage-first heap   total 301056K, used 86908K [0x00000000c0000000, 0x0000000100000000)
  region size 1024K, 7 young (7168K), 7 survivors (7168K)
 Metaspace       used 35724K, committed 36160K, reserved 1081344K
  class space    used 4642K, committed 4864K, reserved 1048576K
}
Event: 2.634 GC heap before
{Heap before GC invocations=24 (full 0):
 garbage-first heap   total 301056K, used 241532K [0x00000000c0000000, 0x0000000100000000)
  region size 1024K, 159 young (162816K), 7 survivors (7168K)
 Metaspace       used 35724K, committed 36160K, reserved 1081344K
  class space    used 4642K, committed 4864K, reserved 1048576K
}
Event: 2.638 GC heap after
{Heap after GC invocations=25 (full 0):
 garbage-first heap   total 301056K, used 93545K [0x00000000c0000000, 0x0000000100000000)
  region size 1024K, 13 young (13312K), 13 survivors (13312K)
 Metaspace       used 35724K, committed 36160K, reserved 1081344K
  class space    used 4642K, committed 4864K, reserved 1048576K
}
Event: 2.670 GC heap before
{Heap before GC invocations=25 (full 0):
 garbage-first heap   total 301056K, used 246121K [0x00000000c0000000, 0x0000000100000000)
  region size 1024K, 163 young (166912K), 13 survivors (13312K)
 Metaspace       used 35724K, committed 36160K, reserved 1081344K
  class space    used 4642K, committed 4864K, reserved 1048576K
}

Dll operation events (8 events):
Event: 0.005 Loaded shared library c:\Users\Vidusha\.vscode\extensions\redhat.java-1.15.0-win32-x64\jre\17.0.6-win32-x86_64\bin\java.dll
Event: 0.112 Loaded shared library C:\Users\Vidusha\.vscode\extensions\redhat.java-1.15.0-win32-x64\jre\17.0.6-win32-x86_64\bin\net.dll
Event: 0.113 Loaded shared library C:\Users\Vidusha\.vscode\extensions\redhat.java-1.15.0-win32-x64\jre\17.0.6-win32-x86_64\bin\nio.dll
Event: 0.120 Loaded shared library C:\Users\Vidusha\.vscode\extensions\redhat.java-1.15.0-win32-x64\jre\17.0.6-win32-x86_64\bin\zip.dll
Event: 0.205 Loaded shared library C:\Users\Vidusha\.vscode\extensions\redhat.java-1.15.0-win32-x64\jre\17.0.6-win32-x86_64\bin\jimage.dll
Event: 0.267 Loaded shared library c:\Users\Vidusha\.vscode\extensions\redhat.java-1.15.0-win32-x64\jre\17.0.6-win32-x86_64\bin\verify.dll
Event: 1.464 Loaded shared library C:\Users\Vidusha\.vscode\extensions\redhat.java-1.15.0-win32-x64\jre\17.0.6-win32-x86_64\bin\management.dll
Event: 1.466 Loaded shared library C:\Users\Vidusha\.vscode\extensions\redhat.java-1.15.0-win32-x64\jre\17.0.6-win32-x86_64\bin\management_ext.dll

Deoptimization events (10 events):
Event: 0.785 Thread 0x000001ddff5f6280 DEOPT PACKING pc=0x000001dd83143619 sp=0x00000037d5dfd580
Event: 0.785 Thread 0x000001ddff5f6280 DEOPT UNPACKING pc=0x000001dd82c1ace3 sp=0x00000037d5dfca60 mode 3
Event: 1.749 Thread 0x000001dd8c7d0e90 DEOPT PACKING pc=0x000001dd8334f3b5 sp=0x00000037d7ffd2a0
Event: 1.749 Thread 0x000001dd8c7d0e90 DEOPT UNPACKING pc=0x000001dd82c1ace3 sp=0x00000037d7ffc7c8 mode 3
Event: 1.762 Thread 0x000001dd8c7bd7f0 DEOPT PACKING pc=0x000001dd83146201 sp=0x00000037d7efd750
Event: 1.763 Thread 0x000001dd8c7bd7f0 DEOPT UNPACKING pc=0x000001dd82c1ace3 sp=0x00000037d7efcbe0 mode 3
Event: 1.763 Thread 0x000001dd8c7d0e90 DEOPT PACKING pc=0x000001dd83141817 sp=0x00000037d7ffef40
Event: 1.763 Thread 0x000001dd8c7d0e90 DEOPT UNPACKING pc=0x000001dd82c1ace3 sp=0x00000037d7ffe398 mode 3
Event: 1.830 Thread 0x000001dd8c807010 DEOPT PACKING pc=0x000001dd8336bb2b sp=0x00000037d81fea30
Event: 1.830 Thread 0x000001dd8c807010 DEOPT UNPACKING pc=0x000001dd82c1ace3 sp=0x00000037d81fdf78 mode 3

Classes unloaded (0 events):
No events

Classes redefined (0 events):
No events

Internal exceptions (20 events):
Event: 1.855 Thread 0x000001dd8c83e4f0 Exception <a 'sun/nio/fs/WindowsException'{0x00000000c3aeb498}> (0x00000000c3aeb498) 
thrown [s\src\hotspot\share\prims\jni.cpp, line 516]
Event: 1.855 Thread 0x000001dd8c83e4f0 Exception <a 'sun/nio/fs/WindowsException'{0x00000000c3aeb878}> (0x00000000c3aeb878) 
thrown [s\src\hotspot\share\prims\jni.cpp, line 516]
Event: 1.855 Thread 0x000001dd8c83e4f0 Exception <a 'sun/nio/fs/WindowsException'{0x00000000c3aec2c8}> (0x00000000c3aec2c8) 
thrown [s\src\hotspot\share\prims\jni.cpp, line 516]
Event: 1.855 Thread 0x000001dd8c83e4f0 Exception <a 'sun/nio/fs/WindowsException'{0x00000000c3aec6d8}> (0x00000000c3aec6d8) 
thrown [s\src\hotspot\share\prims\jni.cpp, line 516]
Event: 1.855 Thread 0x000001dd8c83e4f0 Exception <a 'sun/nio/fs/WindowsException'{0x00000000c3aed100}> (0x00000000c3aed100) 
thrown [s\src\hotspot\share\prims\jni.cpp, line 516]
Event: 1.855 Thread 0x000001dd8c83e4f0 Exception <a 'sun/nio/fs/WindowsException'{0x00000000c3aed4e0}> (0x00000000c3aed4e0) 
thrown [s\src\hotspot\share\prims\jni.cpp, line 516]
Event: 1.855 Thread 0x000001dd8c83e4f0 Exception <a 'sun/nio/fs/WindowsException'{0x00000000c3aedee0}> (0x00000000c3aedee0) 
thrown [s\src\hotspot\share\prims\jni.cpp, line 516]
Event: 1.855 Thread 0x000001dd8c83e4f0 Exception <a 'sun/nio/fs/WindowsException'{0x00000000c3aee290}> (0x00000000c3aee290) 
thrown [s\src\hotspot\share\prims\jni.cpp, line 516]
Event: 1.856 Thread 0x000001dd8c83e4f0 Exception <a 'sun/nio/fs/WindowsException'{0x00000000c3aeec98}> (0x00000000c3aeec98) 
thrown [s\src\hotspot\share\prims\jni.cpp, line 516]
Event: 1.856 Thread 0x000001dd8c83e4f0 Exception <a 'sun/nio/fs/WindowsException'{0x00000000c3aef058}> (0x00000000c3aef058) 
thrown [s\src\hotspot\share\prims\jni.cpp, line 516]
Event: 1.856 Thread 0x000001dd8c83e4f0 Exception <a 'sun/nio/fs/WindowsException'{0x00000000c3aefa58}> (0x00000000c3aefa58) 
thrown [s\src\hotspot\share\prims\jni.cpp, line 516]
Event: 1.856 Thread 0x000001dd8c83e4f0 Exception <a 'sun/nio/fs/WindowsException'{0x00000000c3aefe08}> (0x00000000c3aefe08) 
thrown [s\src\hotspot\share\prims\jni.cpp, line 516]
Event: 1.856 Thread 0x000001dd8c83e4f0 Exception <a 'sun/nio/fs/WindowsException'{0x00000000c3af0810}> (0x00000000c3af0810) 
thrown [s\src\hotspot\share\prims\jni.cpp, line 516]
Event: 1.856 Thread 0x000001dd8c83e4f0 Exception <a 'sun/nio/fs/WindowsException'{0x00000000c3af0bd0}> (0x00000000c3af0bd0) 
thrown [s\src\hotspot\share\prims\jni.cpp, line 516]
Event: 1.856 Thread 0x000001dd8c83e4f0 Exception <a 'sun/nio/fs/WindowsException'{0x00000000c3af15f8}> (0x00000000c3af15f8) 
thrown [s\src\hotspot\share\prims\jni.cpp, line 516]
Event: 1.856 Thread 0x000001dd8c83e4f0 Exception <a 'sun/nio/fs/WindowsException'{0x00000000c3af19d8}> (0x00000000c3af19d8) 
thrown [s\src\hotspot\share\prims\jni.cpp, line 516]
Event: 1.856 Thread 0x000001dd8c83e4f0 Exception <a 'sun/nio/fs/WindowsException'{0x00000000c3af2410}> (0x00000000c3af2410) 
thrown [s\src\hotspot\share\prims\jni.cpp, line 516]
Event: 1.856 Thread 0x000001dd8c83e4f0 Exception <a 'sun/nio/fs/WindowsException'{0x00000000c3af2800}> (0x00000000c3af2800) 
thrown [s\src\hotspot\share\prims\jni.cpp, line 516]
Event: 1.856 Thread 0x000001dd8c83e4f0 Exception <a 'sun/nio/fs/WindowsException'{0x00000000c3af3230}> (0x00000000c3af3230) 
thrown [s\src\hotspot\share\prims\jni.cpp, line 516]
Event: 1.856 Thread 0x000001dd8c83e4f0 Exception <a 'sun/nio/fs/WindowsException'{0x00000000c3af3620}> (0x00000000c3af3620) 
thrown [s\src\hotspot\share\prims\jni.cpp, line 516]

VM Operations (20 events):
Event: 2.524 Executing VM operation: G1Concurrent done
Event: 2.552 Executing VM operation: G1CollectForAllocation
Event: 2.553 Executing VM operation: G1CollectForAllocation done
Event: 2.553 Executing VM operation: G1CollectForAllocation
Event: 2.558 Executing VM operation: G1CollectForAllocation done
Event: 2.559 Executing VM operation: G1CollectForAllocation
Event: 2.559 Executing VM operation: G1CollectForAllocation done
Event: 2.559 Executing VM operation: G1CollectForAllocation
Event: 2.564 Executing VM operation: G1CollectForAllocation done
Event: 2.589 Executing VM operation: G1CollectForAllocation
Event: 2.590 Executing VM operation: G1CollectForAllocation done
Event: 2.590 Executing VM operation: G1CollectForAllocation
Event: 2.593 Executing VM operation: G1CollectForAllocation done
Event: 2.631 Executing VM operation: G1CollectForAllocation
Event: 2.634 Executing VM operation: G1CollectForAllocation done
Event: 2.634 Executing VM operation: G1CollectForAllocation
Event: 2.639 Executing VM operation: G1CollectForAllocation done
Event: 2.670 Executing VM operation: G1CollectForAllocation
Event: 2.670 Executing VM operation: G1CollectForAllocation done
Event: 2.670 Executing VM operation: G1CollectForAllocation

Events (20 events):
Event: 1.942 loading class java/util/stream/Collectors$1PairBox
Event: 1.942 loading class java/util/stream/Collectors$1PairBox done
Event: 1.942 loading class java/util/concurrent/locks/AbstractQueuedSynchronizer$SharedNode
Event: 1.942 loading class java/util/concurrent/locks/AbstractQueuedSynchronizer$SharedNode done
Event: 1.942 loading class jdk/internal/module/SystemModuleFinders$ModuleContentSpliterator
Event: 1.942 loading class jdk/internal/module/SystemModuleFinders$ModuleContentSpliterator done
Event: 1.942 loading class jdk/internal/jimage/ImageReader$Directory
Event: 1.942 loading class jdk/internal/jimage/ImageReader$Node
Event: 1.943 loading class jdk/internal/jimage/ImageReader$Node done
Event: 1.943 loading class jdk/internal/jimage/ImageReader$Directory done
Event: 1.943 loading class jdk/internal/jimage/ImageReader$SharedImageReader$LocationVisitor
Event: 1.943 loading class jdk/internal/jimage/ImageReader$SharedImageReader$LocationVisitor done
Event: 1.943 loading class java/nio/ByteBufferAsIntBufferL
Event: 1.943 loading class java/nio/ByteBufferAsIntBufferL done
Event: 1.944 loading class jdk/internal/jimage/ImageReader$Resource
Event: 1.944 loading class jdk/internal/jimage/ImageReader$Resource done
Event: 1.944 loading class java/util/stream/LongStream
Event: 1.945 loading class java/util/stream/LongStream done
Event: 1.945 loading class java/util/stream/DoubleStream
Event: 1.945 loading class java/util/stream/DoubleStream done


Dynamic libraries:
0x00007ff6317a0000 - 0x00007ff6317ae000 	c:\Users\Vidusha\.vscode\extensions\redhat.java-1.15.0-win32-x64\jre\17.0.6-win32-x86_64\bin\java.exe
0x00007ff81b870000 - 0x00007ff81ba84000 	C:\WINDOWS\SYSTEM32\ntdll.dll
0x00007ff81aa60000 - 0x00007ff81ab23000 	C:\WINDOWS\System32\KERNEL32.DLL
0x00007ff818e60000 - 0x00007ff8191fc000 	C:\WINDOWS\System32\KERNELBASE.dll
0x00007ff8131c0000 - 0x00007ff813257000 	C:\WINDOWS\SYSTEM32\apphelp.dll
0x00007ff8192a0000 - 0x00007ff8193b1000 	C:\WINDOWS\System32\ucrtbase.dll
0x00007ff80a6c0000 - 0x00007ff80a6d9000 	c:\Users\Vidusha\.vscode\extensions\redhat.java-1.15.0-win32-x64\jre\17.0.6-win32-x86_64\bin\VCRUNTIME140.dll
0x00007ff80a6e0000 - 0x00007ff80a6f7000 	c:\Users\Vidusha\.vscode\extensions\redhat.java-1.15.0-win32-x64\jre\17.0.6-win32-x86_64\bin\jli.dll
0x00007ff81ab30000 - 0x00007ff81acdd000 	C:\WINDOWS\System32\USER32.dll
0x00007ffff8cc0000 - 0x00007ffff8f4e000 	C:\WINDOWS\WinSxS\amd64_microsoft.windows.common-controls_6595b64144ccf1df_6.0.22621.608_none_a9444ca7c10bb01d\COMCTL32.dll
0x00007ff819650000 - 0x00007ff819676000 	C:\WINDOWS\System32\win32u.dll
0x00007ff81b680000 - 0x00007ff81b727000 	C:\WINDOWS\System32\msvcrt.dll
0x00007ff81b160000 - 0x00007ff81b189000 	C:\WINDOWS\System32\GDI32.dll
0x00007ff819530000 - 0x00007ff819642000 	C:\WINDOWS\System32\gdi32full.dll
0x00007ff819200000 - 0x00007ff81929a000 	C:\WINDOWS\System32\msvcp_win.dll
0x00007ff81b3d0000 - 0x00007ff81b402000 	C:\WINDOWS\System32\IMM32.DLL
0x00007ff811580000 - 0x00007ff81158c000 	c:\Users\Vidusha\.vscode\extensions\redhat.java-1.15.0-win32-x64\jre\17.0.6-win32-x86_64\bin\vcruntime140_1.dll
0x00007ff808a10000 - 0x00007ff808aa1000 	c:\Users\Vidusha\.vscode\extensions\redhat.java-1.15.0-win32-x64\jre\17.0.6-win32-x86_64\bin\msvcp140.dll
0x00007fffce1a0000 - 0x00007fffcede7000 	c:\Users\Vidusha\.vscode\extensions\redhat.java-1.15.0-win32-x64\jre\17.0.6-win32-x86_64\bin\server\jvm.dll
0x00007ff819da0000 - 0x00007ff819e4e000 	C:\WINDOWS\System32\ADVAPI32.dll
0x00007ff819c10000 - 0x00007ff819cb4000 	C:\WINDOWS\System32\sechost.dll
0x00007ff81b560000 - 0x00007ff81b675000 	C:\WINDOWS\System32\RPCRT4.dll
0x00007ff80de00000 - 0x00007ff80de34000 	C:\WINDOWS\SYSTEM32\WINMM.dll
0x00007ff810d70000 - 0x00007ff810d79000 	C:\WINDOWS\SYSTEM32\WSOCK32.dll
0x00007ff819cc0000 - 0x00007ff819d31000 	C:\WINDOWS\System32\WS2_32.dll
0x00007ff80baa0000 - 0x00007ff80baaa000 	C:\WINDOWS\SYSTEM32\VERSION.dll
0x00007ff817df0000 - 0x00007ff817e08000 	C:\WINDOWS\SYSTEM32\kernel.appcore.dll
0x00007ff810d50000 - 0x00007ff810d5a000 	c:\Users\Vidusha\.vscode\extensions\redhat.java-1.15.0-win32-x64\jre\17.0.6-win32-x86_64\bin\jimage.dll
0x00007ff8165d0000 - 0x00007ff8167fe000 	C:\WINDOWS\SYSTEM32\DBGHELP.DLL
0x00007ff819820000 - 0x00007ff819baa000 	C:\WINDOWS\System32\combase.dll
0x00007ff81b410000 - 0x00007ff81b4e7000 	C:\WINDOWS\System32\OLEAUT32.dll
0x00007ff8077f0000 - 0x00007ff807822000 	C:\WINDOWS\SYSTEM32\dbgcore.DLL
0x00007ff818d20000 - 0x00007ff818d9b000 	C:\WINDOWS\System32\bcryptPrimitives.dll
0x00007ff808c80000 - 0x00007ff808ca5000 	c:\Users\Vidusha\.vscode\extensions\redhat.java-1.15.0-win32-x64\jre\17.0.6-win32-x86_64\bin\java.dll
0x00007ff809bc0000 - 0x00007ff809bd8000 	c:\Users\Vidusha\.vscode\extensions\redhat.java-1.15.0-win32-x64\jre\17.0.6-win32-x86_64\bin\zip.dll
0x00007ff81a170000 - 0x00007ff81a95f000 	C:\WINDOWS\System32\SHELL32.dll
0x00007ff816ce0000 - 0x00007ff8175a8000 	C:\WINDOWS\SYSTEM32\windows.storage.dll
0x00007ff816ba0000 - 0x00007ff816cde000 	C:\WINDOWS\SYSTEM32\wintypes.dll
0x00007ff81b730000 - 0x00007ff81b821000 	C:\WINDOWS\System32\SHCORE.dll
0x00007ff819bb0000 - 0x00007ff819c0e000 	C:\WINDOWS\System32\shlwapi.dll
0x00007ff818be0000 - 0x00007ff818c01000 	C:\WINDOWS\SYSTEM32\profapi.dll
0x00007ff808c60000 - 0x00007ff808c79000 	C:\Users\Vidusha\.vscode\extensions\redhat.java-1.15.0-win32-x64\jre\17.0.6-win32-x86_64\bin\net.dll
0x00007ff810df0000 - 0x00007ff810f1f000 	C:\WINDOWS\SYSTEM32\WINHTTP.dll
0x00007ff818260000 - 0x00007ff8182c9000 	C:\WINDOWS\system32\mswsock.dll
0x00007ff808710000 - 0x00007ff808725000 	C:\Users\Vidusha\.vscode\extensions\redhat.java-1.15.0-win32-x64\jre\17.0.6-win32-x86_64\bin\nio.dll
0x00007ff80bde0000 - 0x00007ff80bdf0000 	c:\Users\Vidusha\.vscode\extensions\redhat.java-1.15.0-win32-x64\jre\17.0.6-win32-x86_64\bin\verify.dll
0x00007ff8184b0000 - 0x00007ff8184cb000 	C:\WINDOWS\SYSTEM32\CRYPTSP.dll
0x00007ff817d60000 - 0x00007ff817d95000 	C:\WINDOWS\system32\rsaenh.dll
0x00007ff818350000 - 0x00007ff818378000 	C:\WINDOWS\SYSTEM32\USERENV.dll
0x00007ff818670000 - 0x00007ff818698000 	C:\WINDOWS\SYSTEM32\bcrypt.dll
0x00007ff8184d0000 - 0x00007ff8184dc000 	C:\WINDOWS\SYSTEM32\CRYPTBASE.dll
0x00007ff817900000 - 0x00007ff81792d000 	C:\WINDOWS\SYSTEM32\IPHLPAPI.DLL
0x00007ff81a040000 - 0x00007ff81a049000 	C:\WINDOWS\System32\NSI.dll
0x00007ff80f420000 - 0x00007ff80f439000 	C:\WINDOWS\SYSTEM32\dhcpcsvc6.DLL
0x00007ff80ed60000 - 0x00007ff80ed7f000 	C:\WINDOWS\SYSTEM32\dhcpcsvc.DLL
0x00007ff817930000 - 0x00007ff817a23000 	C:\WINDOWS\SYSTEM32\DNSAPI.dll
0x00007ff80bb60000 - 0x00007ff80bb69000 	C:\Users\Vidusha\.vscode\extensions\redhat.java-1.15.0-win32-x64\jre\17.0.6-win32-x86_64\bin\management.dll
0x00007ff80a800000 - 0x00007ff80a80b000 	C:\Users\Vidusha\.vscode\extensions\redhat.java-1.15.0-win32-x64\jre\17.0.6-win32-x86_64\bin\management_ext.dll
0x00007ff81aa50000 - 0x00007ff81aa58000 	C:\WINDOWS\System32\PSAPI.DLL

dbghelp: loaded successfully - version: 4.0.5 - missing functions: none
symbol engine: initialized successfully - sym options: 0x614 - pdb path: .;c:\Users\Vidusha\.vscode\extensions\redhat.java-1.15.0-win32-x64\jre\17.0.6-win32-x86_64\bin;C:\WINDOWS\SYSTEM32;C:\WINDOWS\WinSxS\amd64_microsoft.windows.common-controls_6595b64144ccf1df_6.0.22621.608_none_a9444ca7c10bb01d;c:\Users\Vidusha\.vscode\extensions\redhat.java-1.15.0-win32-x64\jre\17.0.6-win32-x86_64\bin\server

VM Arguments:
jvm_args: -XX:+HeapDumpOnOutOfMemoryError -Xmx1024m -Dsts.lsp.client=vscode -Dsts.log.file=/dev/null -XX:TieredStopAtLevel=1 -Xlog:jni+resolve=off -Dspring.config.location=file:c:\Users\Vidusha\.vscode\extensions\vmware.vscode-spring-boot-1.44.0\language-server\BOOT-INF\classes\application.properties 
java_command: org.springframework.ide.vscode.boot.app.BootLanguageServerBootApp
java_class_path (initial): c:\Users\Vidusha\.vscode\extensions\vmware.vscode-spring-boot-1.44.0\language-server\BOOT-INF\classes;c:\Users\Vidusha\.vscode\extensions\vmware.vscode-spring-boot-1.44.0\language-server\BOOT-INF\lib\annotations-24.0.0.jar;c:\Users\Vidusha\.vscode\extensions\vmware.vscode-spring-boot-1.44.0\language-server\BOOT-INF\lib\ant-1.10.13.jar;c:\Users\Vidusha\.vscode\extensions\vmware.vscode-spring-boot-1.44.0\language-server\BOOT-INF\lib\ant-launcher-1.10.13.jar;c:\Users\Vidusha\.vscode\extensions\vmware.vscode-spring-boot-1.44.0\language-server\BOOT-INF\lib\antlr-runtime-3.5.2.jar;c:\Users\Vidusha\.vscode\extensions\vmware.vscode-spring-boot-1.44.0\language-server\BOOT-INF\lib\antlr4-4.9.3.jar;c:\Users\Vidusha\.vscode\extensions\vmware.vscode-spring-boot-1.44.0\language-server\BOOT-INF\lib\antlr4-runtime-4.9.3.jar;c:\Users\Vidusha\.vscode\extensions\vmware.vscode-spring-boot-1.44.0\language-server\BOOT-INF\lib\apiguardian-api-1.1.2.jar;c:\Users\Vidusha\.vscode\extensions\vmware.vscode-spring-boot-1.44.0\language-server\BOOT-INF\lib\asm-9.4.jar;c:\Users\Vidusha\.vscode\extensions\vmware.vscode-spring-boot-1.44.0\language-server\BOOT-INF\lib\asm-analysis-9.4.jar;c:\Users\Vidusha\.vscode\extensions\vmware.vscode-spring-boot-1.44.0\language-server\BOOT-INF\lib\asm-tree-9.4.jar;c:\Users\Vidusha\.vscode\extensions\vmware.vscode-spring-boot-1.44.0\language-server\BOOT-INF\lib\asm-util-9.4.jar;c:\Users\Vidusha\.vscode\extensions\vmware.vscode-spring-boot-1.44.0\language-server\BOOT-INF\lib\caffeine-3.1.2.jar;c:\Users\Vidusha\.vscode\extensions\vmware.vscode-spring-boot-1.44.0\language-server\BOOT-INF\lib\checker-qual-3.12.0.jar;c:\Users\Vidusha\.vscode\extensions\vmware.vscode-spring-boot-1.44.0\language-server\BOOT-INF\lib\ci-environment-9.1.0.jar;c:\Users\Vidusha\.vscode\extensions\vmware.vscode-spring-boot-1.44.0\language-server\BOOT-INF\lib\classgraph-4.8.149.jar;c:\Users\Vidusha\.vscode\extensions\vmware.vscode-spring-boot-1.44.0\language-server\
Launcher Type: SUN_STANDARD

[Global flags]
     intx CICompilerCount                          = 4                                         {product} {ergonomic}
     uint ConcGCThreads                            = 2                                         {product} {ergonomic}
     uint G1ConcRefinementThreads                  = 8                                         {product} {ergonomic}
   size_t G1HeapRegionSize                         = 1048576                                   {product} {ergonomic}
    uintx GCDrainStackTargetSize                   = 64                                        {product} {ergonomic}
     bool HeapDumpOnOutOfMemoryError               = true                                   {manageable} {command line}
   size_t InitialHeapSize                          = 130023424                                 {product} {ergonomic}
   size_t MarkStackSize                            = 4194304                                   {product} {ergonomic}
   size_t MaxHeapSize                              = 1073741824                                {product} {command line}
   size_t MaxNewSize                               = 643825664                                 {product} {ergonomic}
   size_t MinHeapDeltaBytes                        = 1048576                                   {product} {ergonomic}
   size_t MinHeapSize                              = 8388608                                   {product} {ergonomic}
    uintx NonProfiledCodeHeapSize                  = 0                                      {pd product} {ergonomic}
     bool ProfileInterpreter                       = false                                  {pd product} {command line}
    uintx ProfiledCodeHeapSize                     = 0                                      {pd product} {ergonomic}
   size_t SoftMaxHeapSize                          = 1073741824                             {manageable} {ergonomic}
     intx TieredStopAtLevel                        = 1                                         {product} {command line}
     bool UseCompressedClassPointers               = true                           {product lp64_product} {ergonomic}
     bool UseCompressedOops                        = true                           {product lp64_product} {ergonomic}
     bool UseG1GC                                  = true                                      {product} {ergonomic}
     bool UseLargePagesIndividualAllocation        = false                                  {pd product} {ergonomic}

Logging:
Log output configuration:
 #0: stdout all=warning,jni+resolve=off uptime,level,tags
 #1: stderr all=off uptime,level,tags

Environment Variables:
PATH=C:\Program Files\Java\jdk1.8.0_271\bin;C:\Program Files\Java\jdk-11.0.16.1\bin;C:\Program Files\Common Files\Oracle\Java\javapath;C:\Program Files (x86)\Common Files\Oracle\Java\javapath;C:\Windows\system32;C:\Windows;C:\Windows\System32\Wbem;C:\Windows\System32\WindowsPowerShell\v1.0\;C:\Windows\System32\OpenSSH\;C:\Program Files (x86)\NVIDIA Corporation\PhysX\Common;C:\Program Files\MySQL\MySQL Server 8.0\bin;C:\Program Files\Git\cmd;C:\WINDOWS\system32;C:\WINDOWS;C:\WINDOWS\System32\Wbem;C:\WINDOWS\System32\WindowsPowerShell\v1.0\;C:\WINDOWS\System32\OpenSSH\;C:\Program Files\nodejs\;C:\Users\Vidusha\AppData\Local\Android\Sdk\platform-tools;C:\Program Files\MySQL\MySQL Shell 8.0\bin\;C:\Users\Vidusha\AppData\Local\Microsoft\WindowsApps;C:\Program Files\JetBrains\IntelliJ IDEA Community Edition 2020.3.3\bin;;C:\Users\Vidusha\AppData\Local\Programs\Microsoft VS Code\bin;C:\Users\Vidusha\AppData\Local\GitHubDesktop\bin;C:\Users\Vidusha\AppData\Roaming\npm;
USERNAME=Vidusha
OS=Windows_NT
PROCESSOR_IDENTIFIER=Intel64 Family 6 Model 140 Stepping 1, GenuineIntel
TMP=C:\Users\Vidusha\AppData\Local\Temp
TEMP=C:\Users\Vidusha\AppData\Local\Temp



---------------  S Y S T E M  ---------------

OS:
 Windows 11 , 64 bit Build 22621 (10.0.22621.1194)
OS uptime: 0 days 1:47 hours

CPU: total 8 (initial active 8) (4 cores per cpu, 2 threads per core) family 6 model 140 stepping 1 microcode 0x9a, cx8, cmov, fxsr, ht, mmx, 3dnowpref, sse, sse2, sse3, ssse3, sse4.1, sse4.2, popcnt, lzcnt, tsc, tscinvbit, avx, avx2, aes, erms, clmul, bmi1, bmi2, adx, avx512f, avx512dq, avx512cd, avx512bw, avx512vl, sha, fma, vzeroupper, avx512_vpopcntdq, avx512_vpclmulqdq, avx512_vaes, avx512_vnni, clflush, clflushopt, clwb, avx512_vbmi2, avx512_vbmi

Memory: 4k page, system-wide physical 7886M (422M free)
TotalPageFile size 17846M (AvailPageFile size 64M)
current process WorkingSet (physical memory assigned to process): 420M, peak: 420M
current process commit charge ("private bytes"): 440M, peak: 701M

vm_info: OpenJDK 64-Bit Server VM (17.0.6+10) for windows-amd64 JRE (17.0.6+10), built on Jan 18 2023 10:08:59 by "temurin" with MS VC++ 16.7 (VS2019)

END.
