#
# There is insufficient memory for the Java Runtime Environment to continue.
# Native memory allocation (mmap) failed to map 209715200 bytes for G1 virtual space
# Possible reasons:
#   The system is out of physical RAM or swap space
#   The process is running with CompressedOops enabled, and the Java Heap may be blocking the growth of the native heap
# Possible solutions:
#   Reduce memory load on the system
#   Increase physical memory or swap space
#   Check if swap backing store is full
#   Decrease Java heap size (-Xmx/-Xms)
#   Decrease number of Java threads
#   Decrease Java thread stack sizes (-Xss)
#   Set larger code cache with -XX:ReservedCodeCacheSize=
#   JVM is running with Unscaled Compressed Oops mode in which the Java heap is
#     placed in the first 4GB address space. The Java Heap base address is the
#     maximum limit for the native heap growth. Please use -XX:HeapBaseMinAddress
#     to set the Java Heap base and to place the Java Heap above 4GB virtual address.
# This output file may be truncated or incomplete.
#
#  Out of Memory Error (os_windows.cpp:3557), pid=11488, tid=19800
#
# JRE version: OpenJDK Runtime Environment Temurin-17.0.6+10 (17.0.6+10) (build 17.0.6+10)
# Java VM: OpenJDK 64-Bit Server VM Temurin-17.0.6+10 (17.0.6+10, mixed mode, emulated-client, tiered, compressed oops, compressed class ptrs, g1 gc, windows-amd64)
# No core dump will be written. Minidumps are not enabled by default on client versions of Windows
#

---------------  S U M M A R Y ------------

Command Line: -XX:+HeapDumpOnOutOfMemoryError -Xmx1024m -Dsts.lsp.client=vscode -Dsts.log.file=/dev/null -XX:TieredStopAtLevel=1 -Xlog:jni+resolve=off -Dspring.config.location=file:c:\Users\Vidusha\.vscode\extensions\vmware.vscode-spring-boot-1.44.0\language-server\BOOT-INF\classes\application.properties org.springframework.ide.vscode.boot.app.BootLanguageServerBootApp

Host: 11th Gen Intel(R) Core(TM) i7-1165G7 @ 2.80GHz, 8 cores, 7G,  Windows 11 , 64 bit Build 22621 (10.0.22621.1194)
Time: Sat Mar  4 19:03:25 2023 Sri Lanka Standard Time elapsed time: 1.920734 seconds (0d 0h 0m 1s)

---------------  T H R E A D  ---------------

Current thread (0x0000011b404bce50):  VMThread "VM Thread" [stack: 0x0000000d0cc00000,0x0000000d0cd00000] [id=19800]

Stack: [0x0000000d0cc00000,0x0000000d0cd00000]
Native frames: (J=compiled Java code, j=interpreted, Vv=VM code, C=native code)
V  [jvm.dll+0x67741a]
V  [jvm.dll+0x834434]
V  [jvm.dll+0x835bde]
V  [jvm.dll+0x836243]
V  [jvm.dll+0x2457b5]
V  [jvm.dll+0x674329]
V  [jvm.dll+0x6689da]
V  [jvm.dll+0x30489b]
V  [jvm.dll+0x30bd96]
V  [jvm.dll+0x35b57e]
V  [jvm.dll+0x35b7af]
V  [jvm.dll+0x2db778]
V  [jvm.dll+0x2d9a2c]
V  [jvm.dll+0x2d8ffc]
V  [jvm.dll+0x31cdcb]
V  [jvm.dll+0x83a6eb]
V  [jvm.dll+0x83b424]
V  [jvm.dll+0x83b93c]
V  [jvm.dll+0x83bd14]
V  [jvm.dll+0x83bde0]
V  [jvm.dll+0x7e483a]
V  [jvm.dll+0x6762c5]
C  [ucrtbase.dll+0x29363]
C  [KERNEL32.DLL+0x126bd]
C  [ntdll.dll+0x5dfb8]

VM_Operation (0x0000000d0f4fe1f0): G1CollectForAllocation, mode: safepoint, requested by thread 0x0000011b427223a0


---------------  P R O C E S S  ---------------

Threads class SMR info:
_java_thread_list=0x0000011b42720330, length=35, elements={
0x0000011b404d2380, 0x0000011b404d2e40, 0x0000011b4100e4b0, 0x0000011b4100ed70,
0x0000011b404f9350, 0x0000011b404fa010, 0x0000011b404fe8f0, 0x0000011b40502820,
0x0000011b411fdca0, 0x0000011b41214a70, 0x0000011b4121e200, 0x0000011b4177d0e0,
0x0000011b41efcab0, 0x0000011b425dca20, 0x0000011b423e9fd0, 0x0000011b42540440,
0x0000011b42541120, 0x0000011b35703d80, 0x0000011b421b6f00, 0x0000011b42617b20,
0x0000011b42617ff0, 0x0000011b42616e50, 0x0000011b426164b0, 0x0000011b42615640,
0x0000011b42615b10, 0x0000011b42615fe0, 0x0000011b42616980, 0x0000011b42721530,
0x0000011b42724a20, 0x0000011b427270a0, 0x0000011b42722870, 0x0000011b427223a0,
0x0000011b42726bd0, 0x0000011b42725890, 0x0000011b427283e0
}

Java Threads: ( => current thread )
  0x0000011b404d2380 JavaThread "Reference Handler" daemon [_thread_blocked, id=12800, stack(0x0000000d0cd00000,0x0000000d0ce00000)]
  0x0000011b404d2e40 JavaThread "Finalizer" daemon [_thread_blocked, id=20356, stack(0x0000000d0ce00000,0x0000000d0cf00000)]
  0x0000011b4100e4b0 JavaThread "Signal Dispatcher" daemon [_thread_blocked, id=10748, stack(0x0000000d0cf00000,0x0000000d0d000000)]
  0x0000011b4100ed70 JavaThread "Attach Listener" daemon [_thread_blocked, id=20928, stack(0x0000000d0d000000,0x0000000d0d100000)]
  0x0000011b404f9350 JavaThread "Service Thread" daemon [_thread_blocked, id=15684, stack(0x0000000d0d100000,0x0000000d0d200000)]
  0x0000011b404fa010 JavaThread "Monitor Deflation Thread" daemon [_thread_blocked, id=4696, stack(0x0000000d0d200000,0x0000000d0d300000)]
  0x0000011b404fe8f0 JavaThread "C1 CompilerThread0" daemon [_thread_blocked, id=2984, stack(0x0000000d0d300000,0x0000000d0d400000)]
  0x0000011b40502820 JavaThread "Sweeper thread" daemon [_thread_blocked, id=12632, stack(0x0000000d0d400000,0x0000000d0d500000)]
  0x0000011b411fdca0 JavaThread "C1 CompilerThread1" daemon [_thread_blocked, id=6396, stack(0x0000000d0d500000,0x0000000d0d600000)]
  0x0000011b41214a70 JavaThread "Notification Thread" daemon [_thread_blocked, id=1680, stack(0x0000000d0d600000,0x0000000d0d700000)]
  0x0000011b4121e200 JavaThread "Common-Cleaner" daemon [_thread_blocked, id=21064, stack(0x0000000d0d800000,0x0000000d0d900000)]
  0x0000011b4177d0e0 JavaThread "C1 CompilerThread2" daemon [_thread_blocked, id=18608, stack(0x0000000d0d900000,0x0000000d0da00000)]
  0x0000011b41efcab0 JavaThread "C1 CompilerThread3" daemon [_thread_blocked, id=19868, stack(0x0000000d0e200000,0x0000000d0e300000)]
  0x0000011b425dca20 JavaThread "boundedElastic-evictor-1" daemon [_thread_blocked, id=12572, stack(0x0000000d0e100000,0x0000000d0e200000)]
  0x0000011b423e9fd0 JavaThread "boundedElastic-evictor-2" daemon [_thread_blocked, id=20176, stack(0x0000000d0e400000,0x0000000d0e500000)]
  0x0000011b42540440 JavaThread "pool-10-thread-1" [_thread_blocked, id=10288, stack(0x0000000d0e500000,0x0000000d0e600000)]
  0x0000011b42541120 JavaThread "LanguageServerApp-lifecycle" [_thread_blocked, id=19512, stack(0x0000000d0e600000,0x0000000d0e700000)]
  0x0000011b35703d80 JavaThread "DestroyJavaVM" [_thread_blocked, id=9040, stack(0x0000000d0c600000,0x0000000d0c700000)]
  0x0000011b421b6f00 JavaThread "pool-11-thread-1" [_thread_in_native, id=1872, stack(0x0000000d0e700000,0x0000000d0e800000)]
  0x0000011b42617b20 JavaThread "Simple-Language-Server main thread" daemon [_thread_blocked, id=19620, stack(0x0000000d0e800000,0x0000000d0e900000)]
  0x0000011b42617ff0 JavaThread "ForkJoinPool.commonPool-worker-1" daemon [_thread_blocked, id=15924, stack(0x0000000d0e900000,0x0000000d0ea00000)]
  0x0000011b42616e50 JavaThread "ClassGraph-worker-0" daemon [_thread_blocked, id=13612, stack(0x0000000d0ea00000,0x0000000d0eb00000)]
  0x0000011b426164b0 JavaThread "ClassGraph-worker-1" daemon [_thread_blocked, id=7644, stack(0x0000000d0eb00000,0x0000000d0ec00000)]
  0x0000011b42615640 JavaThread "ClassGraph-worker-2" daemon [_thread_blocked, id=7048, stack(0x0000000d0ec00000,0x0000000d0ed00000)]
  0x0000011b42615b10 JavaThread "ClassGraph-worker-3" daemon [_thread_blocked, id=7100, stack(0x0000000d0ed00000,0x0000000d0ee00000)]
  0x0000011b42615fe0 JavaThread "ClassGraph-worker-4" daemon [_thread_blocked, id=17880, stack(0x0000000d0ee00000,0x0000000d0ef00000)]
  0x0000011b42616980 JavaThread "ClassGraph-worker-5" daemon [_thread_blocked, id=15576, stack(0x0000000d0ef00000,0x0000000d0f000000)]
  0x0000011b42721530 JavaThread "ClassGraph-worker-6" daemon [_thread_blocked, id=20592, stack(0x0000000d0f000000,0x0000000d0f100000)]
  0x0000011b42724a20 JavaThread "ClassGraph-worker-7" daemon [_thread_blocked, id=10888, stack(0x0000000d0f100000,0x0000000d0f200000)]
  0x0000011b427270a0 JavaThread "ClassGraph-worker-8" daemon [_thread_blocked, id=2416, stack(0x0000000d0f200000,0x0000000d0f300000)]
  0x0000011b42722870 JavaThread "ClassGraph-worker-9" daemon [_thread_blocked, id=12312, stack(0x0000000d0f300000,0x0000000d0f400000)]
  0x0000011b427223a0 JavaThread "ClassGraph-worker-10" daemon [_thread_blocked, id=19796, stack(0x0000000d0f400000,0x0000000d0f500000)]
  0x0000011b42726bd0 JavaThread "ClassGraph-worker-11" daemon [_thread_blocked, id=10372, stack(0x0000000d0f500000,0x0000000d0f600000)]
  0x0000011b42725890 JavaThread "ClassGraph-worker-12" daemon [_thread_blocked, id=11536, stack(0x0000000d0f600000,0x0000000d0f700000)]
  0x0000011b427283e0 JavaThread "ClassGraph-worker-13" daemon [_thread_blocked, id=12780, stack(0x0000000d0f700000,0x0000000d0f800000)]

Other Threads:
=>0x0000011b404bce50 VMThread "VM Thread" [stack: 0x0000000d0cc00000,0x0000000d0cd00000] [id=19800]
  0x0000011b35754600 WatcherThread [stack: 0x0000000d0d700000,0x0000000d0d800000] [id=18928]
  0x0000011b35742e40 GCTaskThread "GC Thread#0" [stack: 0x0000000d0c700000,0x0000000d0c800000] [id=20972]
  0x0000011b41c40ee0 GCTaskThread "GC Thread#1" [stack: 0x0000000d0da00000,0x0000000d0db00000] [id=3792]
  0x0000011b41a22c80 GCTaskThread "GC Thread#2" [stack: 0x0000000d0db00000,0x0000000d0dc00000] [id=11164]
  0x0000011b41ca4590 GCTaskThread "GC Thread#3" [stack: 0x0000000d0dc00000,0x0000000d0dd00000] [id=6864]
  0x0000011b41ca4e60 GCTaskThread "GC Thread#4" [stack: 0x0000000d0dd00000,0x0000000d0de00000] [id=8172]
  0x0000011b41ee4b30 GCTaskThread "GC Thread#5" [stack: 0x0000000d0de00000,0x0000000d0df00000] [id=14128]
  0x0000011b41ee5090 GCTaskThread "GC Thread#6" [stack: 0x0000000d0df00000,0x0000000d0e000000] [id=11424]
  0x0000011b41ee4de0 GCTaskThread "GC Thread#7" [stack: 0x0000000d0e000000,0x0000000d0e100000] [id=18872]
  0x0000011b3574ce00 ConcurrentGCThread "G1 Main Marker" [stack: 0x0000000d0c800000,0x0000000d0c900000] [id=8584]
  0x0000011b3574dec0 ConcurrentGCThread "G1 Conc#0" [stack: 0x0000000d0c900000,0x0000000d0ca00000] [id=20824]
  0x0000011b41ee4070 ConcurrentGCThread "G1 Conc#1" [stack: 0x0000000d0e300000,0x0000000d0e400000] [id=5476]
  0x0000011b40320090 ConcurrentGCThread "G1 Refine#0" [stack: 0x0000000d0ca00000,0x0000000d0cb00000] [id=5980]
  0x0000011b42785b40 ConcurrentGCThread "G1 Refine#1" [stack: 0x0000000d0f800000,0x0000000d0f900000] [id=3572]
  0x0000011b40321870 ConcurrentGCThread "G1 Service" [stack: 0x0000000d0cb00000,0x0000000d0cc00000] [id=13456]

Threads with active compile tasks:
C1 CompilerThread3     1928 3757   !   1       jdk.internal.jimage.decompressor.Decompressor::decompressResource (260 bytes)

VM state: at safepoint (normal execution)

VM Mutex/Monitor currently owned by a thread:  ([mutex/lock_event])
[0x0000011b333a0310] Threads_lock - owner thread: 0x0000011b404bce50
[0x0000011b35701d90] Heap_lock - owner thread: 0x0000011b427223a0
[0x0000011b357034a0] Compile_lock - owner thread: 0x0000011b42726bd0
[0x0000011b35702b10] MethodCompileQueue_lock - owner thread: 0x0000011b41efcab0

Heap address: 0x00000000c0000000, size: 1024 MB, Compressed Oops mode: 32-bit

CDS archive(s) not mapped
Compressed class space mapped at: 0x0000000100000000-0x0000000140000000, reserved size: 1073741824
Narrow klass base: 0x0000000000000000, Narrow klass shift: 3, Narrow klass range: 0x140000000

GC Precious Log:
 CPUs: 8 total, 8 available
 Memory: 7886M
 Large Page Support: Disabled
 NUMA Support: Disabled
 Compressed Oops: Enabled (32-bit)
 Heap Region Size: 1M
 Heap Min Capacity: 8M
 Heap Initial Capacity: 124M
 Heap Max Capacity: 1G
 Pre-touch: Disabled
 Parallel Workers: 8
 Concurrent Workers: 2
 Concurrent Refinement Workers: 8
 Periodic GC: Disabled

Heap:
 garbage-first heap   total 152576K, used 71005K [0x00000000c0000000, 0x0000000100000000)
  region size 1024K, 4 young (4096K), 4 survivors (4096K)
 Metaspace       used 35385K, committed 35840K, reserved 1081344K
  class space    used 4582K, committed 4800K, reserved 1048576K

Heap Regions: E=young(eden), S=young(survivor), O=old, HS=humongous(starts), HC=humongous(continues), CS=collection set, F=free, OA=open archive, CA=closed archive, TAMS=top-at-mark-start (previous, next)
|   0|0x00000000c0000000, 0x00000000c0100000, 0x00000000c0100000|100%| O|  |TAMS 0x00000000c0100000, 0x00000000c0000000| Untracked 
|   1|0x00000000c0100000, 0x00000000c0200000, 0x00000000c0200000|100%| O|  |TAMS 0x00000000c0200000, 0x00000000c0100000| Untracked 
|   2|0x00000000c0200000, 0x00000000c0300000, 0x00000000c0300000|100%| O|  |TAMS 0x00000000c0300000, 0x00000000c0200000| Untracked 
|   3|0x00000000c0300000, 0x00000000c0400000, 0x00000000c0400000|100%| O|  |TAMS 0x00000000c0400000, 0x00000000c0300000| Untracked 
|   4|0x00000000c0400000, 0x00000000c0500000, 0x00000000c0500000|100%| O|  |TAMS 0x00000000c0500000, 0x00000000c0400000| Untracked 
|   5|0x00000000c0500000, 0x00000000c0600000, 0x00000000c0600000|100%| O|  |TAMS 0x00000000c0600000, 0x00000000c0500000| Untracked 
|   6|0x00000000c0600000, 0x00000000c0700000, 0x00000000c0700000|100%| O|  |TAMS 0x00000000c0700000, 0x00000000c0600000| Untracked 
|   7|0x00000000c0700000, 0x00000000c0800000, 0x00000000c0800000|100%| O|  |TAMS 0x00000000c0700000, 0x00000000c0700000| Untracked 
|   8|0x00000000c0800000, 0x00000000c0900000, 0x00000000c0900000|100%| O|  |TAMS 0x00000000c0800000, 0x00000000c0800000| Untracked 
|   9|0x00000000c0900000, 0x00000000c0a00000, 0x00000000c0a00000|100%| O|  |TAMS 0x00000000c0900000, 0x00000000c0900000| Untracked 
|  10|0x00000000c0a00000, 0x00000000c0b00000, 0x00000000c0b00000|100%| O|  |TAMS 0x00000000c0a00000, 0x00000000c0a00000| Untracked 
|  11|0x00000000c0b00000, 0x00000000c0c00000, 0x00000000c0c00000|100%| O|  |TAMS 0x00000000c0b00000, 0x00000000c0b00000| Untracked 
|  12|0x00000000c0c00000, 0x00000000c0d00000, 0x00000000c0d00000|100%| O|  |TAMS 0x00000000c0c00000, 0x00000000c0c00000| Untracked 
|  13|0x00000000c0d00000, 0x00000000c0e00000, 0x00000000c0e00000|100%| O|  |TAMS 0x00000000c0d00000, 0x00000000c0d00000| Untracked 
|  14|0x00000000c0e00000, 0x00000000c0f00000, 0x00000000c0f00000|100%| O|  |TAMS 0x00000000c0e00000, 0x00000000c0e00000| Untracked 
|  15|0x00000000c0f00000, 0x00000000c1000000, 0x00000000c1000000|100%| O|  |TAMS 0x00000000c0f00000, 0x00000000c0f00000| Untracked 
|  16|0x00000000c1000000, 0x00000000c1100000, 0x00000000c1100000|100%| O|  |TAMS 0x00000000c1000000, 0x00000000c1000000| Untracked 
|  17|0x00000000c1100000, 0x00000000c1200000, 0x00000000c1200000|100%| O|  |TAMS 0x00000000c1100000, 0x00000000c1100000| Untracked 
|  18|0x00000000c1200000, 0x00000000c1300000, 0x00000000c1300000|100%| O|  |TAMS 0x00000000c1200000, 0x00000000c1200000| Untracked 
|  19|0x00000000c1300000, 0x00000000c1400000, 0x00000000c1400000|100%| O|  |TAMS 0x00000000c1300000, 0x00000000c1300000| Untracked 
|  20|0x00000000c1400000, 0x00000000c1500000, 0x00000000c1500000|100%| O|  |TAMS 0x00000000c1400000, 0x00000000c1400000| Untracked 
|  21|0x00000000c1500000, 0x00000000c1600000, 0x00000000c1600000|100%| O|  |TAMS 0x00000000c1500000, 0x00000000c1500000| Untracked 
|  22|0x00000000c1600000, 0x00000000c1700000, 0x00000000c1700000|100%| O|  |TAMS 0x00000000c1600000, 0x00000000c1600000| Untracked 
|  23|0x00000000c1700000, 0x00000000c1800000, 0x00000000c1800000|100%| O|  |TAMS 0x00000000c1700000, 0x00000000c1700000| Untracked 
|  24|0x00000000c1800000, 0x00000000c1900000, 0x00000000c1900000|100%| O|  |TAMS 0x00000000c1800000, 0x00000000c1800000| Untracked 
|  25|0x00000000c1900000, 0x00000000c1a00000, 0x00000000c1a00000|100%| O|  |TAMS 0x00000000c1900000, 0x00000000c1900000| Untracked 
|  26|0x00000000c1a00000, 0x00000000c1b00000, 0x00000000c1b00000|100%| O|  |TAMS 0x00000000c1a00000, 0x00000000c1a00000| Untracked 
|  27|0x00000000c1b00000, 0x00000000c1c00000, 0x00000000c1c00000|100%| O|  |TAMS 0x00000000c1b00000, 0x00000000c1b00000| Untracked 
|  28|0x00000000c1c00000, 0x00000000c1d00000, 0x00000000c1d00000|100%| O|  |TAMS 0x00000000c1c00000, 0x00000000c1c00000| Untracked 
|  29|0x00000000c1d00000, 0x00000000c1e00000, 0x00000000c1e00000|100%| O|  |TAMS 0x00000000c1d00000, 0x00000000c1d00000| Untracked 
|  30|0x00000000c1e00000, 0x00000000c1f00000, 0x00000000c1f00000|100%| O|  |TAMS 0x00000000c1e00000, 0x00000000c1e00000| Untracked 
|  31|0x00000000c1f00000, 0x00000000c2000000, 0x00000000c2000000|100%| O|  |TAMS 0x00000000c1f00000, 0x00000000c1f00000| Untracked 
|  32|0x00000000c2000000, 0x00000000c2100000, 0x00000000c2100000|100%| O|  |TAMS 0x00000000c2000000, 0x00000000c2000000| Untracked 
|  33|0x00000000c2100000, 0x00000000c2200000, 0x00000000c2200000|100%| O|  |TAMS 0x00000000c2100000, 0x00000000c2100000| Untracked 
|  34|0x00000000c2200000, 0x00000000c2300000, 0x00000000c2300000|100%| O|  |TAMS 0x00000000c2200000, 0x00000000c2200000| Untracked 
|  35|0x00000000c2300000, 0x00000000c2400000, 0x00000000c2400000|100%| O|  |TAMS 0x00000000c2300000, 0x00000000c2300000| Untracked 
|  36|0x00000000c2400000, 0x00000000c2500000, 0x00000000c2500000|100%| O|  |TAMS 0x00000000c2400000, 0x00000000c2400000| Untracked 
|  37|0x00000000c2500000, 0x00000000c2600000, 0x00000000c2600000|100%| O|  |TAMS 0x00000000c2500000, 0x00000000c2500000| Untracked 
|  38|0x00000000c2600000, 0x00000000c2700000, 0x00000000c2700000|100%| O|  |TAMS 0x00000000c2600000, 0x00000000c2600000| Untracked 
|  39|0x00000000c2700000, 0x00000000c2800000, 0x00000000c2800000|100%| O|  |TAMS 0x00000000c2700000, 0x00000000c2700000| Untracked 
|  40|0x00000000c2800000, 0x00000000c2900000, 0x00000000c2900000|100%| O|  |TAMS 0x00000000c2800000, 0x00000000c2800000| Untracked 
|  41|0x00000000c2900000, 0x00000000c2a00000, 0x00000000c2a00000|100%|HS|  |TAMS 0x00000000c2900000, 0x00000000c2900000| Complete 
|  42|0x00000000c2a00000, 0x00000000c2b00000, 0x00000000c2b00000|100%|HS|  |TAMS 0x00000000c2a00000, 0x00000000c2a00000| Complete 
|  43|0x00000000c2b00000, 0x00000000c2c00000, 0x00000000c2c00000|100%| O|  |TAMS 0x00000000c2b00000, 0x00000000c2b00000| Untracked 
|  44|0x00000000c2c00000, 0x00000000c2d00000, 0x00000000c2d00000|100%| O|  |TAMS 0x00000000c2c00000, 0x00000000c2c00000| Untracked 
|  45|0x00000000c2d00000, 0x00000000c2e00000, 0x00000000c2e00000|100%| O|  |TAMS 0x00000000c2d00000, 0x00000000c2d00000| Untracked 
|  46|0x00000000c2e00000, 0x00000000c2f00000, 0x00000000c2f00000|100%| O|  |TAMS 0x00000000c2e00000, 0x00000000c2e00000| Untracked 
|  47|0x00000000c2f00000, 0x00000000c3000000, 0x00000000c3000000|100%| O|  |TAMS 0x00000000c2f00000, 0x00000000c2f00000| Untracked 
|  48|0x00000000c3000000, 0x00000000c3100000, 0x00000000c3100000|100%| O|  |TAMS 0x00000000c3000000, 0x00000000c3000000| Untracked 
|  49|0x00000000c3100000, 0x00000000c3200000, 0x00000000c3200000|100%| O|  |TAMS 0x00000000c3100000, 0x00000000c3100000| Untracked 
|  50|0x00000000c3200000, 0x00000000c3300000, 0x00000000c3300000|100%| O|  |TAMS 0x00000000c3200000, 0x00000000c3200000| Untracked 
|  51|0x00000000c3300000, 0x00000000c3400000, 0x00000000c3400000|100%| O|  |TAMS 0x00000000c3300000, 0x00000000c3300000| Untracked 
|  52|0x00000000c3400000, 0x00000000c3500000, 0x00000000c3500000|100%| O|  |TAMS 0x00000000c3400000, 0x00000000c3400000| Untracked 
|  53|0x00000000c3500000, 0x00000000c3600000, 0x00000000c3600000|100%| O|  |TAMS 0x00000000c3500000, 0x00000000c3500000| Untracked 
|  54|0x00000000c3600000, 0x00000000c3700000, 0x00000000c3700000|100%| O|  |TAMS 0x00000000c3600000, 0x00000000c3600000| Untracked 
|  55|0x00000000c3700000, 0x00000000c3800000, 0x00000000c3800000|100%| O|  |TAMS 0x00000000c3700000, 0x00000000c3700000| Untracked 
|  56|0x00000000c3800000, 0x00000000c3900000, 0x00000000c3900000|100%| O|  |TAMS 0x00000000c3800000, 0x00000000c3800000| Untracked 
|  57|0x00000000c3900000, 0x00000000c3a00000, 0x00000000c3a00000|100%| O|  |TAMS 0x00000000c3900000, 0x00000000c3900000| Untracked 
|  58|0x00000000c3a00000, 0x00000000c3b00000, 0x00000000c3b00000|100%| O|  |TAMS 0x00000000c3a00000, 0x00000000c3a00000| Untracked 
|  59|0x00000000c3b00000, 0x00000000c3c00000, 0x00000000c3c00000|100%| O|  |TAMS 0x00000000c3b00000, 0x00000000c3b00000| Untracked 
|  60|0x00000000c3c00000, 0x00000000c3d00000, 0x00000000c3d00000|100%| O|  |TAMS 0x00000000c3c00000, 0x00000000c3c00000| Untracked 
|  61|0x00000000c3d00000, 0x00000000c3e00000, 0x00000000c3e00000|100%| O|  |TAMS 0x00000000c3d00000, 0x00000000c3d00000| Untracked 
|  62|0x00000000c3e00000, 0x00000000c3f00000, 0x00000000c3f00000|100%| O|  |TAMS 0x00000000c3e00000, 0x00000000c3e00000| Untracked 
|  63|0x00000000c3f00000, 0x00000000c4000000, 0x00000000c4000000|100%| O|  |TAMS 0x00000000c3f00000, 0x00000000c3f00000| Untracked 
|  64|0x00000000c4000000, 0x00000000c4100000, 0x00000000c4100000|100%| O|  |TAMS 0x00000000c4000000, 0x00000000c4000000| Untracked 
|  65|0x00000000c4100000, 0x00000000c41a6600, 0x00000000c4200000| 64%| O|  |TAMS 0x00000000c4100000, 0x00000000c4100000| Untracked 
|  66|0x00000000c4200000, 0x00000000c4200000, 0x00000000c4300000|  0%| F|  |TAMS 0x00000000c4200000, 0x00000000c4200000| Untracked 
|  67|0x00000000c4300000, 0x00000000c4300000, 0x00000000c4400000|  0%| F|  |TAMS 0x00000000c4300000, 0x00000000c4300000| Untracked 
|  68|0x00000000c4400000, 0x00000000c4400000, 0x00000000c4500000|  0%| F|  |TAMS 0x00000000c4400000, 0x00000000c4400000| Untracked 
|  69|0x00000000c4500000, 0x00000000c4500000, 0x00000000c4600000|  0%| F|  |TAMS 0x00000000c4500000, 0x00000000c4500000| Untracked 
|  70|0x00000000c4600000, 0x00000000c4600000, 0x00000000c4700000|  0%| F|  |TAMS 0x00000000c4600000, 0x00000000c4600000| Untracked 
|  71|0x00000000c4700000, 0x00000000c4700000, 0x00000000c4800000|  0%| F|  |TAMS 0x00000000c4700000, 0x00000000c4700000| Untracked 
|  72|0x00000000c4800000, 0x00000000c4800000, 0x00000000c4900000|  0%| F|  |TAMS 0x00000000c4800000, 0x00000000c4800000| Untracked 
|  73|0x00000000c4900000, 0x00000000c4900000, 0x00000000c4a00000|  0%| F|  |TAMS 0x00000000c4900000, 0x00000000c4900000| Untracked 
|  74|0x00000000c4a00000, 0x00000000c4a00000, 0x00000000c4b00000|  0%| F|  |TAMS 0x00000000c4a00000, 0x00000000c4a00000| Untracked 
|  75|0x00000000c4b00000, 0x00000000c4b00000, 0x00000000c4c00000|  0%| F|  |TAMS 0x00000000c4b00000, 0x00000000c4b00000| Untracked 
|  76|0x00000000c4c00000, 0x00000000c4c00000, 0x00000000c4d00000|  0%| F|  |TAMS 0x00000000c4c00000, 0x00000000c4c00000| Untracked 
|  77|0x00000000c4d00000, 0x00000000c4d00000, 0x00000000c4e00000|  0%| F|  |TAMS 0x00000000c4d00000, 0x00000000c4d00000| Untracked 
|  78|0x00000000c4e00000, 0x00000000c4e00000, 0x00000000c4f00000|  0%| F|  |TAMS 0x00000000c4e00000, 0x00000000c4e00000| Untracked 
|  79|0x00000000c4f00000, 0x00000000c4f00000, 0x00000000c5000000|  0%| F|  |TAMS 0x00000000c4f00000, 0x00000000c4f00000| Untracked 
|  80|0x00000000c5000000, 0x00000000c5000000, 0x00000000c5100000|  0%| F|  |TAMS 0x00000000c5000000, 0x00000000c5000000| Untracked 
|  81|0x00000000c5100000, 0x00000000c5100000, 0x00000000c5200000|  0%| F|  |TAMS 0x00000000c5100000, 0x00000000c5100000| Untracked 
|  82|0x00000000c5200000, 0x00000000c5200000, 0x00000000c5300000|  0%| F|  |TAMS 0x00000000c5200000, 0x00000000c5200000| Untracked 
|  83|0x00000000c5300000, 0x00000000c5300000, 0x00000000c5400000|  0%| F|  |TAMS 0x00000000c5300000, 0x00000000c5300000| Untracked 
|  84|0x00000000c5400000, 0x00000000c5400000, 0x00000000c5500000|  0%| F|  |TAMS 0x00000000c5400000, 0x00000000c5400000| Untracked 
|  85|0x00000000c5500000, 0x00000000c5500000, 0x00000000c5600000|  0%| F|  |TAMS 0x00000000c5500000, 0x00000000c5500000| Untracked 
|  86|0x00000000c5600000, 0x00000000c5600000, 0x00000000c5700000|  0%| F|  |TAMS 0x00000000c5600000, 0x00000000c5600000| Untracked 
|  87|0x00000000c5700000, 0x00000000c5700000, 0x00000000c5800000|  0%| F|  |TAMS 0x00000000c5700000, 0x00000000c5700000| Untracked 
|  88|0x00000000c5800000, 0x00000000c5800000, 0x00000000c5900000|  0%| F|  |TAMS 0x00000000c5800000, 0x00000000c5800000| Untracked 
|  89|0x00000000c5900000, 0x00000000c5900000, 0x00000000c5a00000|  0%| F|  |TAMS 0x00000000c5900000, 0x00000000c5900000| Untracked 
|  90|0x00000000c5a00000, 0x00000000c5a00000, 0x00000000c5b00000|  0%| F|  |TAMS 0x00000000c5a00000, 0x00000000c5a00000| Untracked 
|  91|0x00000000c5b00000, 0x00000000c5b00000, 0x00000000c5c00000|  0%| F|  |TAMS 0x00000000c5b00000, 0x00000000c5b00000| Untracked 
|  92|0x00000000c5c00000, 0x00000000c5c00000, 0x00000000c5d00000|  0%| F|  |TAMS 0x00000000c5c00000, 0x00000000c5c00000| Untracked 
|  93|0x00000000c5d00000, 0x00000000c5d00000, 0x00000000c5e00000|  0%| F|  |TAMS 0x00000000c5d00000, 0x00000000c5d00000| Untracked 
|  94|0x00000000c5e00000, 0x00000000c5e00000, 0x00000000c5f00000|  0%| F|  |TAMS 0x00000000c5e00000, 0x00000000c5e00000| Untracked 
|  95|0x00000000c5f00000, 0x00000000c5f00000, 0x00000000c6000000|  0%| F|  |TAMS 0x00000000c5f00000, 0x00000000c5f00000| Untracked 
|  96|0x00000000c6000000, 0x00000000c6000000, 0x00000000c6100000|  0%| F|  |TAMS 0x00000000c6000000, 0x00000000c6000000| Untracked 
|  97|0x00000000c6100000, 0x00000000c6100000, 0x00000000c6200000|  0%| F|  |TAMS 0x00000000c6100000, 0x00000000c6100000| Untracked 
|  98|0x00000000c6200000, 0x00000000c62b0e38, 0x00000000c6300000| 69%| S|CS|TAMS 0x00000000c6200000, 0x00000000c6200000| Complete 
|  99|0x00000000c6300000, 0x00000000c6400000, 0x00000000c6400000|100%| S|CS|TAMS 0x00000000c6300000, 0x00000000c6300000| Complete 
| 100|0x00000000c6400000, 0x00000000c6500000, 0x00000000c6500000|100%| S|CS|TAMS 0x00000000c6400000, 0x00000000c6400000| Complete 
| 101|0x00000000c6500000, 0x00000000c6600000, 0x00000000c6600000|100%| S|CS|TAMS 0x00000000c6500000, 0x00000000c6500000| Complete 
| 102|0x00000000c6600000, 0x00000000c6600000, 0x00000000c6700000|  0%| F|  |TAMS 0x00000000c6600000, 0x00000000c6600000| Untracked 
| 103|0x00000000c6700000, 0x00000000c6700000, 0x00000000c6800000|  0%| F|  |TAMS 0x00000000c6700000, 0x00000000c6700000| Untracked 
| 104|0x00000000c6800000, 0x00000000c6800000, 0x00000000c6900000|  0%| F|  |TAMS 0x00000000c6800000, 0x00000000c6800000| Untracked 
| 105|0x00000000c6900000, 0x00000000c6900000, 0x00000000c6a00000|  0%| F|  |TAMS 0x00000000c6900000, 0x00000000c6900000| Untracked 
| 106|0x00000000c6a00000, 0x00000000c6a00000, 0x00000000c6b00000|  0%| F|  |TAMS 0x00000000c6a00000, 0x00000000c6a00000| Untracked 
| 107|0x00000000c6b00000, 0x00000000c6b00000, 0x00000000c6c00000|  0%| F|  |TAMS 0x00000000c6b00000, 0x00000000c6b00000| Untracked 
| 108|0x00000000c6c00000, 0x00000000c6c00000, 0x00000000c6d00000|  0%| F|  |TAMS 0x00000000c6c00000, 0x00000000c6c00000| Untracked 
| 109|0x00000000c6d00000, 0x00000000c6d00000, 0x00000000c6e00000|  0%| F|  |TAMS 0x00000000c6d00000, 0x00000000c6d00000| Untracked 
| 110|0x00000000c6e00000, 0x00000000c6e00000, 0x00000000c6f00000|  0%| F|  |TAMS 0x00000000c6e00000, 0x00000000c6e00000| Untracked 
| 111|0x00000000c6f00000, 0x00000000c6f00000, 0x00000000c7000000|  0%| F|  |TAMS 0x00000000c6f00000, 0x00000000c6f00000| Untracked 
| 112|0x00000000c7000000, 0x00000000c7000000, 0x00000000c7100000|  0%| F|  |TAMS 0x00000000c7000000, 0x00000000c7000000| Untracked 
| 113|0x00000000c7100000, 0x00000000c7100000, 0x00000000c7200000|  0%| F|  |TAMS 0x00000000c7100000, 0x00000000c7100000| Untracked 
| 114|0x00000000c7200000, 0x00000000c7200000, 0x00000000c7300000|  0%| F|  |TAMS 0x00000000c7200000, 0x00000000c7200000| Untracked 
| 115|0x00000000c7300000, 0x00000000c7300000, 0x00000000c7400000|  0%| F|  |TAMS 0x00000000c7300000, 0x00000000c7300000| Untracked 
| 116|0x00000000c7400000, 0x00000000c7400000, 0x00000000c7500000|  0%| F|  |TAMS 0x00000000c7400000, 0x00000000c7400000| Untracked 
| 117|0x00000000c7500000, 0x00000000c7500000, 0x00000000c7600000|  0%| F|  |TAMS 0x00000000c7500000, 0x00000000c7500000| Untracked 
| 118|0x00000000c7600000, 0x00000000c7600000, 0x00000000c7700000|  0%| F|  |TAMS 0x00000000c7600000, 0x00000000c7600000| Untracked 
| 119|0x00000000c7700000, 0x00000000c7700000, 0x00000000c7800000|  0%| F|  |TAMS 0x00000000c7700000, 0x00000000c7700000| Untracked 
| 120|0x00000000c7800000, 0x00000000c7800000, 0x00000000c7900000|  0%| F|  |TAMS 0x00000000c7800000, 0x00000000c7800000| Untracked 
| 121|0x00000000c7900000, 0x00000000c7900000, 0x00000000c7a00000|  0%| F|  |TAMS 0x00000000c7900000, 0x00000000c7900000| Untracked 
| 122|0x00000000c7a00000, 0x00000000c7a00000, 0x00000000c7b00000|  0%| F|  |TAMS 0x00000000c7a00000, 0x00000000c7a00000| Untracked 
| 123|0x00000000c7b00000, 0x00000000c7b00000, 0x00000000c7c00000|  0%| F|  |TAMS 0x00000000c7b00000, 0x00000000c7b00000| Untracked 
| 124|0x00000000c7c00000, 0x00000000c7c00000, 0x00000000c7d00000|  0%| F|  |TAMS 0x00000000c7c00000, 0x00000000c7c00000| Untracked 
| 125|0x00000000c7d00000, 0x00000000c7d00000, 0x00000000c7e00000|  0%| F|  |TAMS 0x00000000c7d00000, 0x00000000c7d00000| Untracked 
| 126|0x00000000c7e00000, 0x00000000c7e00000, 0x00000000c7f00000|  0%| F|  |TAMS 0x00000000c7e00000, 0x00000000c7e00000| Untracked 
| 127|0x00000000c7f00000, 0x00000000c7f00000, 0x00000000c8000000|  0%| F|  |TAMS 0x00000000c7f00000, 0x00000000c7f00000| Untracked 
| 128|0x00000000c8000000, 0x00000000c8000000, 0x00000000c8100000|  0%| F|  |TAMS 0x00000000c8000000, 0x00000000c8000000| Untracked 
| 129|0x00000000c8100000, 0x00000000c8100000, 0x00000000c8200000|  0%| F|  |TAMS 0x00000000c8100000, 0x00000000c8100000| Untracked 
| 130|0x00000000c8200000, 0x00000000c8200000, 0x00000000c8300000|  0%| F|  |TAMS 0x00000000c8200000, 0x00000000c8200000| Untracked 
| 131|0x00000000c8300000, 0x00000000c8300000, 0x00000000c8400000|  0%| F|  |TAMS 0x00000000c8300000, 0x00000000c8300000| Untracked 
| 132|0x00000000c8400000, 0x00000000c8400000, 0x00000000c8500000|  0%| F|  |TAMS 0x00000000c8400000, 0x00000000c8400000| Untracked 
| 133|0x00000000c8500000, 0x00000000c8500000, 0x00000000c8600000|  0%| F|  |TAMS 0x00000000c8500000, 0x00000000c8500000| Untracked 
| 134|0x00000000c8600000, 0x00000000c8600000, 0x00000000c8700000|  0%| F|  |TAMS 0x00000000c8600000, 0x00000000c8600000| Untracked 
| 135|0x00000000c8700000, 0x00000000c8700000, 0x00000000c8800000|  0%| F|  |TAMS 0x00000000c8700000, 0x00000000c8700000| Untracked 
| 136|0x00000000c8800000, 0x00000000c8800000, 0x00000000c8900000|  0%| F|  |TAMS 0x00000000c8800000, 0x00000000c8800000| Untracked 
| 137|0x00000000c8900000, 0x00000000c8900000, 0x00000000c8a00000|  0%| F|  |TAMS 0x00000000c8900000, 0x00000000c8900000| Untracked 
| 138|0x00000000c8a00000, 0x00000000c8a00000, 0x00000000c8b00000|  0%| F|  |TAMS 0x00000000c8a00000, 0x00000000c8a00000| Untracked 
| 139|0x00000000c8b00000, 0x00000000c8b00000, 0x00000000c8c00000|  0%| F|  |TAMS 0x00000000c8b00000, 0x00000000c8b00000| Untracked 
| 140|0x00000000c8c00000, 0x00000000c8c00000, 0x00000000c8d00000|  0%| F|  |TAMS 0x00000000c8c00000, 0x00000000c8c00000| Untracked 
| 141|0x00000000c8d00000, 0x00000000c8d00000, 0x00000000c8e00000|  0%| F|  |TAMS 0x00000000c8d00000, 0x00000000c8d00000| Untracked 
| 142|0x00000000c8e00000, 0x00000000c8e00000, 0x00000000c8f00000|  0%| F|  |TAMS 0x00000000c8e00000, 0x00000000c8e00000| Untracked 
| 143|0x00000000c8f00000, 0x00000000c8f00000, 0x00000000c9000000|  0%| F|  |TAMS 0x00000000c8f00000, 0x00000000c8f00000| Untracked 
| 144|0x00000000c9000000, 0x00000000c9000000, 0x00000000c9100000|  0%| F|  |TAMS 0x00000000c9000000, 0x00000000c9000000| Untracked 
| 145|0x00000000c9100000, 0x00000000c9100000, 0x00000000c9200000|  0%| F|  |TAMS 0x00000000c9100000, 0x00000000c9100000| Untracked 
| 146|0x00000000c9200000, 0x00000000c9200000, 0x00000000c9300000|  0%| F|  |TAMS 0x00000000c9200000, 0x00000000c9200000| Untracked 
| 147|0x00000000c9300000, 0x00000000c9300000, 0x00000000c9400000|  0%| F|  |TAMS 0x00000000c9300000, 0x00000000c9300000| Untracked 
| 148|0x00000000c9400000, 0x00000000c9400000, 0x00000000c9500000|  0%| F|  |TAMS 0x00000000c9400000, 0x00000000c9400000| Untracked 

Card table byte_map: [0x0000011b3b690000,0x0000011b3b890000] _byte_map_base: 0x0000011b3b090000

Marking Bits (Prev, Next): (CMBitMap*) 0x0000011b357433a0, (CMBitMap*) 0x0000011b35743360
 Prev Bits: [0x0000011b3ca90000, 0x0000011b3da90000)
 Next Bits: [0x0000011b3ba90000, 0x0000011b3ca90000)

Polling page: 0x0000011b33640000

Metaspace:

Usage:
  Non-class:     30.08 MB used.
      Class:      4.47 MB used.
       Both:     34.56 MB used.

Virtual space:
  Non-class space:       32.00 MB reserved,      30.31 MB ( 95%) committed,  4 nodes.
      Class space:        1.00 GB reserved,       4.69 MB ( <1%) committed,  1 nodes.
             Both:        1.03 GB reserved,      35.00 MB (  3%) committed. 

Chunk freelists:
   Non-Class:  1.27 MB
       Class:  3.23 MB
        Both:  4.50 MB

MaxMetaspaceSize: unlimited
CompressedClassSpaceSize: 1.00 GB
Initial GC threshold: 21.00 MB
Current GC threshold: 35.31 MB
CDS: off
MetaspaceReclaimPolicy: balanced
 - commit_granule_bytes: 65536.
 - commit_granule_words: 8192.
 - virtual_space_node_default_size: 1048576.
 - enlarge_chunks_in_place: 1.
 - new_chunks_are_fully_committed: 0.
 - uncommit_free_chunks: 1.
 - use_allocation_guard: 0.
 - handle_deallocations: 1.


Internal statistics:

num_allocs_failed_limit: 5.
num_arena_births: 452.
num_arena_deaths: 0.
num_vsnodes_births: 5.
num_vsnodes_deaths: 0.
num_space_committed: 560.
num_space_uncommitted: 0.
num_chunks_returned_to_freelist: 5.
num_chunks_taken_from_freelist: 1481.
num_chunk_merges: 5.
num_chunk_splits: 1007.
num_chunks_enlarged: 748.
num_purges: 0.
num_inconsistent_stats: 0.

CodeCache: size=49152Kb used=9091Kb max_used=9091Kb free=40060Kb
 bounds [0x0000011b38380000, 0x0000011b38c70000, 0x0000011b3b380000]
 total_blobs=4297 nmethods=3758 adapters=463
 compilation: enabled
              stopped_count=0, restarted_count=0
 full_count=0

Compilation events (20 events):
Event: 1.893 Thread 0x0000011b41efcab0 3757   !   1       jdk.internal.jimage.decompressor.Decompressor::decompressResource (260 bytes)
Event: 1.893 Thread 0x0000011b404fe8f0 3746       1       jdk.internal.module.SystemModuleFinders$SystemModuleReader::release (10 bytes)
Event: 1.894 Thread 0x0000011b4177d0e0 3748       1       jdk.internal.jimage.ImageReader::releaseByteBuffer (5 bytes)
Event: 1.897 Thread 0x0000011b411fdca0 nmethod 3744 0x0000011b38c5cf10 code [0x0000011b38c5d120, 0x0000011b38c5d6e8]
Event: 1.897 Thread 0x0000011b4177d0e0 nmethod 3748 0x0000011b38c5da10 code [0x0000011b38c5dba0, 0x0000011b38c5dce8]
Event: 1.897 Thread 0x0000011b411fdca0 3758       1       io.github.classgraph.ModuleReaderProxy::open (72 bytes)
Event: 1.897 Thread 0x0000011b4177d0e0 3753       1       jdk.internal.module.SystemModuleFinders$SystemModuleReader$$Lambda$206/0x00000001001d23f8::apply (12 bytes)
Event: 1.897 Thread 0x0000011b404fe8f0 nmethod 3746 0x0000011b38c5dd90 code [0x0000011b38c5df40, 0x0000011b38c5e138]
Event: 1.897 Thread 0x0000011b404fe8f0 3749       1       jdk.internal.jimage.BasicImageReader::releaseByteBuffer (16 bytes)
Event: 1.901 Thread 0x0000011b4177d0e0 nmethod 3753 0x0000011b38c5e290 code [0x0000011b38c5e420, 0x0000011b38c5e548]
Event: 1.901 Thread 0x0000011b4177d0e0 3752       1       java.nio.HeapByteBuffer::get (64 bytes)
Event: 1.901 Thread 0x0000011b404fe8f0 nmethod 3749 0x0000011b38c5e610 code [0x0000011b38c5e7a0, 0x0000011b38c5e8e8]
Event: 1.901 Thread 0x0000011b404fe8f0 3750   !   1       jdk.internal.module.SystemModuleFinders$SystemModuleReader::toInputStream (43 bytes)
Event: 1.907 Thread 0x0000011b411fdca0 nmethod 3758 0x0000011b38c5e990 code [0x0000011b38c5eba0, 0x0000011b38c5f088]
Event: 1.907 Thread 0x0000011b411fdca0 3751       1       jdk.internal.module.SystemModuleFinders$SystemModuleReader$$Lambda$206/0x00000001001d23f8::<init> (10 bytes)
Event: 1.907 Thread 0x0000011b4177d0e0 nmethod 3752 0x0000011b38c5f290 code [0x0000011b38c5f480, 0x0000011b38c5f818]
Event: 1.907 Thread 0x0000011b4177d0e0 3759       1       java.util.zip.Inflater::<init> (6 bytes)
Event: 1.907 Thread 0x0000011b411fdca0 nmethod 3751 0x0000011b38c5fa10 code [0x0000011b38c5fba0, 0x0000011b38c5fcb8]
Event: 1.908 Thread 0x0000011b404fe8f0 nmethod 3750 0x0000011b38c5fd10 code [0x0000011b38c5ff00, 0x0000011b38c60428]
Event: 1.909 Thread 0x0000011b4177d0e0 nmethod 3759 0x0000011b38c60710 code [0x0000011b38c608e0, 0x0000011b38c60c78]

GC Heap History (20 events):
Event: 1.195 GC heap after
{Heap after GC invocations=7 (full 0):
 garbage-first heap   total 48128K, used 14494K [0x00000000c0000000, 0x0000000100000000)
  region size 1024K, 2 young (2048K), 2 survivors (2048K)
 Metaspace       used 28836K, committed 29120K, reserved 1081344K
  class space    used 3660K, committed 3776K, reserved 1048576K
}
Event: 1.337 GC heap before
{Heap before GC invocations=7 (full 0):
 garbage-first heap   total 48128K, used 31902K [0x00000000c0000000, 0x0000000100000000)
  region size 1024K, 20 young (20480K), 2 survivors (2048K)
 Metaspace       used 31473K, committed 31808K, reserved 1081344K
  class space    used 4007K, committed 4160K, reserved 1048576K
}
Event: 1.341 GC heap after
{Heap after GC invocations=8 (full 0):
 garbage-first heap   total 48128K, used 16518K [0x00000000c0000000, 0x0000000100000000)
  region size 1024K, 3 young (3072K), 3 survivors (3072K)
 Metaspace       used 31473K, committed 31808K, reserved 1081344K
  class space    used 4007K, committed 4160K, reserved 1048576K
}
Event: 1.548 GC heap before
{Heap before GC invocations=8 (full 0):
 garbage-first heap   total 48128K, used 33926K [0x00000000c0000000, 0x0000000100000000)
  region size 1024K, 20 young (20480K), 3 survivors (3072K)
 Metaspace       used 34692K, committed 35072K, reserved 1081344K
  class space    used 4493K, committed 4672K, reserved 1048576K
}
Event: 1.551 GC heap after
{Heap after GC invocations=9 (full 0):
 garbage-first heap   total 84992K, used 18434K [0x00000000c0000000, 0x0000000100000000)
  region size 1024K, 2 young (2048K), 2 survivors (2048K)
 Metaspace       used 34692K, committed 35072K, reserved 1081344K
  class space    used 4493K, committed 4672K, reserved 1048576K
}
Event: 1.639 GC heap before
{Heap before GC invocations=9 (full 0):
 garbage-first heap   total 84992K, used 57346K [0x00000000c0000000, 0x0000000100000000)
  region size 1024K, 41 young (41984K), 2 survivors (2048K)
 Metaspace       used 35141K, committed 35456K, reserved 1081344K
  class space    used 4547K, committed 4672K, reserved 1048576K
}
Event: 1.643 GC heap after
{Heap after GC invocations=10 (full 0):
 garbage-first heap   total 84992K, used 26442K [0x00000000c0000000, 0x0000000100000000)
  region size 1024K, 6 young (6144K), 6 survivors (6144K)
 Metaspace       used 35141K, committed 35456K, reserved 1081344K
  class space    used 4547K, committed 4672K, reserved 1048576K
}
Event: 1.685 GC heap before
{Heap before GC invocations=10 (full 0):
 garbage-first heap   total 84992K, used 58186K [0x00000000c0000000, 0x0000000100000000)
  region size 1024K, 37 young (37888K), 6 survivors (6144K)
 Metaspace       used 35261K, committed 35712K, reserved 1081344K
  class space    used 4566K, committed 4800K, reserved 1048576K
}
Event: 1.689 GC heap after
{Heap after GC invocations=11 (full 0):
 garbage-first heap   total 84992K, used 31983K [0x00000000c0000000, 0x0000000100000000)
  region size 1024K, 5 young (5120K), 5 survivors (5120K)
 Metaspace       used 35261K, committed 35712K, reserved 1081344K
  class space    used 4566K, committed 4800K, reserved 1048576K
}
Event: 1.719 GC heap before
{Heap before GC invocations=11 (full 0):
 garbage-first heap   total 84992K, used 60655K [0x00000000c0000000, 0x0000000100000000)
  region size 1024K, 33 young (33792K), 5 survivors (5120K)
 Metaspace       used 35265K, committed 35776K, reserved 1081344K
  class space    used 4566K, committed 4800K, reserved 1048576K
}
Event: 1.724 GC heap after
{Heap after GC invocations=12 (full 0):
 garbage-first heap   total 84992K, used 38704K [0x00000000c0000000, 0x0000000100000000)
  region size 1024K, 5 young (5120K), 5 survivors (5120K)
 Metaspace       used 35265K, committed 35776K, reserved 1081344K
  class space    used 4566K, committed 4800K, reserved 1048576K
}
Event: 1.747 GC heap before
{Heap before GC invocations=12 (full 0):
 garbage-first heap   total 84992K, used 61232K [0x00000000c0000000, 0x0000000100000000)
  region size 1024K, 28 young (28672K), 5 survivors (5120K)
 Metaspace       used 35265K, committed 35776K, reserved 1081344K
  class space    used 4566K, committed 4800K, reserved 1048576K
}
Event: 1.752 GC heap after
{Heap after GC invocations=13 (full 0):
 garbage-first heap   total 152576K, used 45203K [0x00000000c0000000, 0x0000000100000000)
  region size 1024K, 4 young (4096K), 4 survivors (4096K)
 Metaspace       used 35265K, committed 35776K, reserved 1081344K
  class space    used 4566K, committed 4800K, reserved 1048576K
}
Event: 1.865 GC heap before
{Heap before GC invocations=13 (full 0):
 garbage-first heap   total 152576K, used 98451K [0x00000000c0000000, 0x0000000100000000)
  region size 1024K, 55 young (56320K), 4 survivors (4096K)
 Metaspace       used 35358K, committed 35840K, reserved 1081344K
  class space    used 4576K, committed 4800K, reserved 1048576K
}
Event: 1.887 GC heap after
{Heap after GC invocations=14 (full 0):
 garbage-first heap   total 152576K, used 64497K [0x00000000c0000000, 0x0000000100000000)
  region size 1024K, 7 young (7168K), 7 survivors (7168K)
 Metaspace       used 35358K, committed 35840K, reserved 1081344K
  class space    used 4576K, committed 4800K, reserved 1048576K
}
Event: 1.897 GC heap before
{Heap before GC invocations=14 (full 0):
 garbage-first heap   total 152576K, used 102385K [0x00000000c0000000, 0x0000000100000000)
  region size 1024K, 45 young (46080K), 7 survivors (7168K)
 Metaspace       used 35369K, committed 35840K, reserved 1081344K
  class space    used 4576K, committed 4800K, reserved 1048576K
}
Event: 1.901 GC heap after
{Heap after GC invocations=15 (full 0):
 garbage-first heap   total 152576K, used 67737K [0x00000000c0000000, 0x0000000100000000)
  region size 1024K, 3 young (3072K), 3 survivors (3072K)
 Metaspace       used 35369K, committed 35840K, reserved 1081344K
  class space    used 4576K, committed 4800K, reserved 1048576K
}
Event: 1.907 GC heap before
{Heap before GC invocations=15 (full 0):
 garbage-first heap   total 152576K, used 107673K [0x00000000c0000000, 0x0000000100000000)
  region size 1024K, 43 young (44032K), 3 survivors (3072K)
 Metaspace       used 35372K, committed 35840K, reserved 1081344K
  class space    used 4576K, committed 4800K, reserved 1048576K
}
Event: 1.908 GC heap after
{Heap after GC invocations=16 (full 0):
 garbage-first heap   total 152576K, used 68948K [0x00000000c0000000, 0x0000000100000000)
  region size 1024K, 4 young (4096K), 4 survivors (4096K)
 Metaspace       used 35372K, committed 35840K, reserved 1081344K
  class space    used 4576K, committed 4800K, reserved 1048576K
}
Event: 1.917 GC heap before
{Heap before GC invocations=16 (full 0):
 garbage-first heap   total 152576K, used 111956K [0x00000000c0000000, 0x0000000100000000)
  region size 1024K, 47 young (48128K), 4 survivors (4096K)
 Metaspace       used 35385K, committed 35840K, reserved 1081344K
  class space    used 4582K, committed 4800K, reserved 1048576K
}

Dll operation events (8 events):
Event: 0.005 Loaded shared library c:\Users\Vidusha\.vscode\extensions\redhat.java-1.15.0-win32-x64\jre\17.0.6-win32-x86_64\bin\java.dll
Event: 0.109 Loaded shared library C:\Users\Vidusha\.vscode\extensions\redhat.java-1.15.0-win32-x64\jre\17.0.6-win32-x86_64\bin\net.dll
Event: 0.110 Loaded shared library C:\Users\Vidusha\.vscode\extensions\redhat.java-1.15.0-win32-x64\jre\17.0.6-win32-x86_64\bin\nio.dll
Event: 0.115 Loaded shared library C:\Users\Vidusha\.vscode\extensions\redhat.java-1.15.0-win32-x64\jre\17.0.6-win32-x86_64\bin\zip.dll
Event: 0.188 Loaded shared library C:\Users\Vidusha\.vscode\extensions\redhat.java-1.15.0-win32-x64\jre\17.0.6-win32-x86_64\bin\jimage.dll
Event: 0.257 Loaded shared library c:\Users\Vidusha\.vscode\extensions\redhat.java-1.15.0-win32-x64\jre\17.0.6-win32-x86_64\bin\verify.dll
Event: 1.414 Loaded shared library C:\Users\Vidusha\.vscode\extensions\redhat.java-1.15.0-win32-x64\jre\17.0.6-win32-x86_64\bin\management.dll
Event: 1.416 Loaded shared library C:\Users\Vidusha\.vscode\extensions\redhat.java-1.15.0-win32-x64\jre\17.0.6-win32-x86_64\bin\management_ext.dll

Deoptimization events (10 events):
Event: 0.794 Thread 0x0000011b35703d80 DEOPT PACKING pc=0x0000011b38912f19 sp=0x0000000d0c6fd6d0
Event: 0.794 Thread 0x0000011b35703d80 DEOPT UNPACKING pc=0x0000011b383dace3 sp=0x0000000d0c6fcbb0 mode 3
Event: 1.534 Thread 0x0000011b421b6f00 DEOPT PACKING pc=0x0000011b38b116b5 sp=0x0000000d0e7fe430
Event: 1.534 Thread 0x0000011b421b6f00 DEOPT UNPACKING pc=0x0000011b383dace3 sp=0x0000000d0e7fd948 mode 3
Event: 1.570 Thread 0x0000011b42617ff0 DEOPT PACKING pc=0x0000011b38b276ab sp=0x0000000d0e9fea70
Event: 1.570 Thread 0x0000011b42617ff0 DEOPT UNPACKING pc=0x0000011b383dace3 sp=0x0000000d0e9fdfb8 mode 3
Event: 1.646 Thread 0x0000011b427223a0 DEOPT PACKING pc=0x0000011b38911901 sp=0x0000000d0f4feae0
Event: 1.646 Thread 0x0000011b427223a0 DEOPT UNPACKING pc=0x0000011b383dace3 sp=0x0000000d0f4fdf70 mode 3
Event: 1.797 Thread 0x0000011b42726bd0 DEOPT PACKING pc=0x0000011b3890ed17 sp=0x0000000d0f5feff0
Event: 1.797 Thread 0x0000011b42726bd0 DEOPT UNPACKING pc=0x0000011b383dace3 sp=0x0000000d0f5fe448 mode 3

Classes unloaded (0 events):
No events

Classes redefined (0 events):
No events

Internal exceptions (20 events):
Event: 1.585 Thread 0x0000011b426164b0 Exception <a 'sun/nio/fs/WindowsException'{0x00000000c646abe8}> (0x00000000c646abe8) 
thrown [s\src\hotspot\share\prims\jni.cpp, line 516]
Event: 1.585 Thread 0x0000011b426164b0 Exception <a 'sun/nio/fs/WindowsException'{0x00000000c646afc8}> (0x00000000c646afc8) 
thrown [s\src\hotspot\share\prims\jni.cpp, line 516]
Event: 1.585 Thread 0x0000011b426164b0 Exception <a 'sun/nio/fs/WindowsException'{0x00000000c646ba18}> (0x00000000c646ba18) 
thrown [s\src\hotspot\share\prims\jni.cpp, line 516]
Event: 1.585 Thread 0x0000011b426164b0 Exception <a 'sun/nio/fs/WindowsException'{0x00000000c646be28}> (0x00000000c646be28) 
thrown [s\src\hotspot\share\prims\jni.cpp, line 516]
Event: 1.585 Thread 0x0000011b426164b0 Exception <a 'sun/nio/fs/WindowsException'{0x00000000c646c850}> (0x00000000c646c850) 
thrown [s\src\hotspot\share\prims\jni.cpp, line 516]
Event: 1.585 Thread 0x0000011b426164b0 Exception <a 'sun/nio/fs/WindowsException'{0x00000000c646cc30}> (0x00000000c646cc30) 
thrown [s\src\hotspot\share\prims\jni.cpp, line 516]
Event: 1.585 Thread 0x0000011b426164b0 Exception <a 'sun/nio/fs/WindowsException'{0x00000000c646d630}> (0x00000000c646d630) 
thrown [s\src\hotspot\share\prims\jni.cpp, line 516]
Event: 1.585 Thread 0x0000011b426164b0 Exception <a 'sun/nio/fs/WindowsException'{0x00000000c646d9e0}> (0x00000000c646d9e0) 
thrown [s\src\hotspot\share\prims\jni.cpp, line 516]
Event: 1.585 Thread 0x0000011b426164b0 Exception <a 'sun/nio/fs/WindowsException'{0x00000000c646e3e8}> (0x00000000c646e3e8) 
thrown [s\src\hotspot\share\prims\jni.cpp, line 516]
Event: 1.585 Thread 0x0000011b426164b0 Exception <a 'sun/nio/fs/WindowsException'{0x00000000c646e7a8}> (0x00000000c646e7a8) 
thrown [s\src\hotspot\share\prims\jni.cpp, line 516]
Event: 1.585 Thread 0x0000011b426164b0 Exception <a 'sun/nio/fs/WindowsException'{0x00000000c646f1a8}> (0x00000000c646f1a8) 
thrown [s\src\hotspot\share\prims\jni.cpp, line 516]
Event: 1.585 Thread 0x0000011b426164b0 Exception <a 'sun/nio/fs/WindowsException'{0x00000000c646f558}> (0x00000000c646f558) 
thrown [s\src\hotspot\share\prims\jni.cpp, line 516]
Event: 1.585 Thread 0x0000011b426164b0 Exception <a 'sun/nio/fs/WindowsException'{0x00000000c646ff60}> (0x00000000c646ff60) 
thrown [s\src\hotspot\share\prims\jni.cpp, line 516]
Event: 1.586 Thread 0x0000011b426164b0 Exception <a 'sun/nio/fs/WindowsException'{0x00000000c6470320}> (0x00000000c6470320) 
thrown [s\src\hotspot\share\prims\jni.cpp, line 516]
Event: 1.586 Thread 0x0000011b426164b0 Exception <a 'sun/nio/fs/WindowsException'{0x00000000c6470d48}> (0x00000000c6470d48) 
thrown [s\src\hotspot\share\prims\jni.cpp, line 516]
Event: 1.586 Thread 0x0000011b426164b0 Exception <a 'sun/nio/fs/WindowsException'{0x00000000c6471128}> (0x00000000c6471128) 
thrown [s\src\hotspot\share\prims\jni.cpp, line 516]
Event: 1.586 Thread 0x0000011b426164b0 Exception <a 'sun/nio/fs/WindowsException'{0x00000000c6471b60}> (0x00000000c6471b60) 
thrown [s\src\hotspot\share\prims\jni.cpp, line 516]
Event: 1.586 Thread 0x0000011b426164b0 Exception <a 'sun/nio/fs/WindowsException'{0x00000000c6471f50}> (0x00000000c6471f50) 
thrown [s\src\hotspot\share\prims\jni.cpp, line 516]
Event: 1.586 Thread 0x0000011b426164b0 Exception <a 'sun/nio/fs/WindowsException'{0x00000000c6472980}> (0x00000000c6472980) 
thrown [s\src\hotspot\share\prims\jni.cpp, line 516]
Event: 1.586 Thread 0x0000011b426164b0 Exception <a 'sun/nio/fs/WindowsException'{0x00000000c6472d70}> (0x00000000c6472d70) 
thrown [s\src\hotspot\share\prims\jni.cpp, line 516]

VM Operations (20 events):
Event: 1.712 Executing VM operation: HandshakeAllThreads done
Event: 1.719 Executing VM operation: G1CollectForAllocation
Event: 1.724 Executing VM operation: G1CollectForAllocation done
Event: 1.747 Executing VM operation: G1CollectForAllocation
Event: 1.752 Executing VM operation: G1CollectForAllocation done
Event: 1.865 Executing VM operation: G1CollectForAllocation
Event: 1.865 Executing VM operation: G1CollectForAllocation done
Event: 1.865 Executing VM operation: G1CollectForAllocation
Event: 1.887 Executing VM operation: G1CollectForAllocation done
Event: 1.897 Executing VM operation: G1CollectForAllocation
Event: 1.897 Executing VM operation: G1CollectForAllocation done
Event: 1.897 Executing VM operation: G1CollectForAllocation
Event: 1.901 Executing VM operation: G1CollectForAllocation done
Event: 1.907 Executing VM operation: G1CollectForAllocation
Event: 1.907 Executing VM operation: G1CollectForAllocation done
Event: 1.907 Executing VM operation: G1CollectForAllocation
Event: 1.908 Executing VM operation: G1CollectForAllocation done
Event: 1.909 Executing VM operation: HandshakeAllThreads
Event: 1.917 Executing VM operation: HandshakeAllThreads done
Event: 1.917 Executing VM operation: G1CollectForAllocation

Events (20 events):
Event: 1.649 loading class java/util/stream/Collectors$1PairBox
Event: 1.649 loading class java/util/stream/Collectors$1PairBox done
Event: 1.649 loading class java/util/concurrent/locks/AbstractQueuedSynchronizer$SharedNode
Event: 1.649 loading class java/util/concurrent/locks/AbstractQueuedSynchronizer$SharedNode done
Event: 1.649 loading class jdk/internal/module/SystemModuleFinders$ModuleContentSpliterator
Event: 1.649 loading class jdk/internal/module/SystemModuleFinders$ModuleContentSpliterator done
Event: 1.649 loading class jdk/internal/jimage/ImageReader$Directory
Event: 1.649 loading class jdk/internal/jimage/ImageReader$Node
Event: 1.650 loading class jdk/internal/jimage/ImageReader$Node done
Event: 1.650 loading class jdk/internal/jimage/ImageReader$Directory done
Event: 1.650 loading class jdk/internal/jimage/ImageReader$SharedImageReader$LocationVisitor
Event: 1.650 loading class jdk/internal/jimage/ImageReader$SharedImageReader$LocationVisitor done
Event: 1.650 loading class java/nio/ByteBufferAsIntBufferL
Event: 1.650 loading class java/nio/ByteBufferAsIntBufferL done
Event: 1.650 loading class jdk/internal/jimage/ImageReader$Resource
Event: 1.650 loading class jdk/internal/jimage/ImageReader$Resource done
Event: 1.651 loading class java/util/stream/LongStream
Event: 1.651 loading class java/util/stream/LongStream done
Event: 1.651 loading class java/util/stream/DoubleStream
Event: 1.651 loading class java/util/stream/DoubleStream done


Dynamic libraries:
0x00007ff7222e0000 - 0x00007ff7222ee000 	c:\Users\Vidusha\.vscode\extensions\redhat.java-1.15.0-win32-x64\jre\17.0.6-win32-x86_64\bin\java.exe
0x00007ff81b870000 - 0x00007ff81ba84000 	C:\WINDOWS\SYSTEM32\ntdll.dll
0x00007ff81aa60000 - 0x00007ff81ab23000 	C:\WINDOWS\System32\KERNEL32.DLL
0x00007ff818e60000 - 0x00007ff8191fc000 	C:\WINDOWS\System32\KERNELBASE.dll
0x00007ff8192a0000 - 0x00007ff8193b1000 	C:\WINDOWS\System32\ucrtbase.dll
0x00007ff8086d0000 - 0x00007ff8086e9000 	c:\Users\Vidusha\.vscode\extensions\redhat.java-1.15.0-win32-x64\jre\17.0.6-win32-x86_64\bin\VCRUNTIME140.dll
0x00007ff808710000 - 0x00007ff808727000 	c:\Users\Vidusha\.vscode\extensions\redhat.java-1.15.0-win32-x64\jre\17.0.6-win32-x86_64\bin\jli.dll
0x00007ff81ab30000 - 0x00007ff81acdd000 	C:\WINDOWS\System32\USER32.dll
0x00007ff819650000 - 0x00007ff819676000 	C:\WINDOWS\System32\win32u.dll
0x00007ffff8cc0000 - 0x00007ffff8f4e000 	C:\WINDOWS\WinSxS\amd64_microsoft.windows.common-controls_6595b64144ccf1df_6.0.22621.608_none_a9444ca7c10bb01d\COMCTL32.dll
0x00007ff81b160000 - 0x00007ff81b189000 	C:\WINDOWS\System32\GDI32.dll
0x00007ff81b680000 - 0x00007ff81b727000 	C:\WINDOWS\System32\msvcrt.dll
0x00007ff819530000 - 0x00007ff819642000 	C:\WINDOWS\System32\gdi32full.dll
0x00007ff819200000 - 0x00007ff81929a000 	C:\WINDOWS\System32\msvcp_win.dll
0x00007ff81b3d0000 - 0x00007ff81b402000 	C:\WINDOWS\System32\IMM32.DLL
0x00007ff80f2c0000 - 0x00007ff80f2cc000 	c:\Users\Vidusha\.vscode\extensions\redhat.java-1.15.0-win32-x64\jre\17.0.6-win32-x86_64\bin\vcruntime140_1.dll
0x00007fffd01b0000 - 0x00007fffd0241000 	c:\Users\Vidusha\.vscode\extensions\redhat.java-1.15.0-win32-x64\jre\17.0.6-win32-x86_64\bin\msvcp140.dll
0x00007fffc1ef0000 - 0x00007fffc2b37000 	c:\Users\Vidusha\.vscode\extensions\redhat.java-1.15.0-win32-x64\jre\17.0.6-win32-x86_64\bin\server\jvm.dll
0x00007ff819da0000 - 0x00007ff819e4e000 	C:\WINDOWS\System32\ADVAPI32.dll
0x00007ff819c10000 - 0x00007ff819cb4000 	C:\WINDOWS\System32\sechost.dll
0x00007ff81b560000 - 0x00007ff81b675000 	C:\WINDOWS\System32\RPCRT4.dll
0x00007ff80de00000 - 0x00007ff80de34000 	C:\WINDOWS\SYSTEM32\WINMM.dll
0x00007ff810d70000 - 0x00007ff810d79000 	C:\WINDOWS\SYSTEM32\WSOCK32.dll
0x00007ff80baa0000 - 0x00007ff80baaa000 	C:\WINDOWS\SYSTEM32\VERSION.dll
0x00007ff819cc0000 - 0x00007ff819d31000 	C:\WINDOWS\System32\WS2_32.dll
0x00007ff817df0000 - 0x00007ff817e08000 	C:\WINDOWS\SYSTEM32\kernel.appcore.dll
0x00007ff80bde0000 - 0x00007ff80bdea000 	c:\Users\Vidusha\.vscode\extensions\redhat.java-1.15.0-win32-x64\jre\17.0.6-win32-x86_64\bin\jimage.dll
0x00007ff8165d0000 - 0x00007ff8167fe000 	C:\WINDOWS\SYSTEM32\DBGHELP.DLL
0x00007ff819820000 - 0x00007ff819baa000 	C:\WINDOWS\System32\combase.dll
0x00007ff81b410000 - 0x00007ff81b4e7000 	C:\WINDOWS\System32\OLEAUT32.dll
0x00007ff8077f0000 - 0x00007ff807822000 	C:\WINDOWS\SYSTEM32\dbgcore.DLL
0x00007ff818d20000 - 0x00007ff818d9b000 	C:\WINDOWS\System32\bcryptPrimitives.dll
0x00007ff808570000 - 0x00007ff808595000 	c:\Users\Vidusha\.vscode\extensions\redhat.java-1.15.0-win32-x64\jre\17.0.6-win32-x86_64\bin\java.dll
0x00007ff8084a0000 - 0x00007ff8084b8000 	c:\Users\Vidusha\.vscode\extensions\redhat.java-1.15.0-win32-x64\jre\17.0.6-win32-x86_64\bin\zip.dll
0x00007ff81a170000 - 0x00007ff81a95f000 	C:\WINDOWS\System32\SHELL32.dll
0x00007ff816ce0000 - 0x00007ff8175a8000 	C:\WINDOWS\SYSTEM32\windows.storage.dll
0x00007ff816ba0000 - 0x00007ff816cde000 	C:\WINDOWS\SYSTEM32\wintypes.dll
0x00007ff81b730000 - 0x00007ff81b821000 	C:\WINDOWS\System32\SHCORE.dll
0x00007ff819bb0000 - 0x00007ff819c0e000 	C:\WINDOWS\System32\shlwapi.dll
0x00007ff818be0000 - 0x00007ff818c01000 	C:\WINDOWS\SYSTEM32\profapi.dll
0x00007ff808480000 - 0x00007ff808499000 	C:\Users\Vidusha\.vscode\extensions\redhat.java-1.15.0-win32-x64\jre\17.0.6-win32-x86_64\bin\net.dll
0x00007ff810df0000 - 0x00007ff810f1f000 	C:\WINDOWS\SYSTEM32\WINHTTP.dll
0x00007ff818260000 - 0x00007ff8182c9000 	C:\WINDOWS\system32\mswsock.dll
0x00007ff800970000 - 0x00007ff800985000 	C:\Users\Vidusha\.vscode\extensions\redhat.java-1.15.0-win32-x64\jre\17.0.6-win32-x86_64\bin\nio.dll
0x00007ff80a800000 - 0x00007ff80a810000 	c:\Users\Vidusha\.vscode\extensions\redhat.java-1.15.0-win32-x64\jre\17.0.6-win32-x86_64\bin\verify.dll
0x00007ff8184b0000 - 0x00007ff8184cb000 	C:\WINDOWS\SYSTEM32\CRYPTSP.dll
0x00007ff817d60000 - 0x00007ff817d95000 	C:\WINDOWS\system32\rsaenh.dll
0x00007ff818350000 - 0x00007ff818378000 	C:\WINDOWS\SYSTEM32\USERENV.dll
0x00007ff818670000 - 0x00007ff818698000 	C:\WINDOWS\SYSTEM32\bcrypt.dll
0x00007ff8184d0000 - 0x00007ff8184dc000 	C:\WINDOWS\SYSTEM32\CRYPTBASE.dll
0x00007ff817900000 - 0x00007ff81792d000 	C:\WINDOWS\SYSTEM32\IPHLPAPI.DLL
0x00007ff81a040000 - 0x00007ff81a049000 	C:\WINDOWS\System32\NSI.dll
0x00007ff80f420000 - 0x00007ff80f439000 	C:\WINDOWS\SYSTEM32\dhcpcsvc6.DLL
0x00007ff80ed60000 - 0x00007ff80ed7f000 	C:\WINDOWS\SYSTEM32\dhcpcsvc.DLL
0x00007ff817930000 - 0x00007ff817a23000 	C:\WINDOWS\SYSTEM32\DNSAPI.dll
0x00007ff811580000 - 0x00007ff811589000 	C:\Users\Vidusha\.vscode\extensions\redhat.java-1.15.0-win32-x64\jre\17.0.6-win32-x86_64\bin\management.dll
0x00007ff810d50000 - 0x00007ff810d5b000 	C:\Users\Vidusha\.vscode\extensions\redhat.java-1.15.0-win32-x64\jre\17.0.6-win32-x86_64\bin\management_ext.dll
0x00007ff81aa50000 - 0x00007ff81aa58000 	C:\WINDOWS\System32\PSAPI.DLL

dbghelp: loaded successfully - version: 4.0.5 - missing functions: none
symbol engine: initialized successfully - sym options: 0x614 - pdb path: .;c:\Users\Vidusha\.vscode\extensions\redhat.java-1.15.0-win32-x64\jre\17.0.6-win32-x86_64\bin;C:\WINDOWS\SYSTEM32;C:\WINDOWS\WinSxS\amd64_microsoft.windows.common-controls_6595b64144ccf1df_6.0.22621.608_none_a9444ca7c10bb01d;c:\Users\Vidusha\.vscode\extensions\redhat.java-1.15.0-win32-x64\jre\17.0.6-win32-x86_64\bin\server

VM Arguments:
jvm_args: -XX:+HeapDumpOnOutOfMemoryError -Xmx1024m -Dsts.lsp.client=vscode -Dsts.log.file=/dev/null -XX:TieredStopAtLevel=1 -Xlog:jni+resolve=off -Dspring.config.location=file:c:\Users\Vidusha\.vscode\extensions\vmware.vscode-spring-boot-1.44.0\language-server\BOOT-INF\classes\application.properties 
java_command: org.springframework.ide.vscode.boot.app.BootLanguageServerBootApp
java_class_path (initial): c:\Users\Vidusha\.vscode\extensions\vmware.vscode-spring-boot-1.44.0\language-server\BOOT-INF\classes;c:\Users\Vidusha\.vscode\extensions\vmware.vscode-spring-boot-1.44.0\language-server\BOOT-INF\lib\annotations-24.0.0.jar;c:\Users\Vidusha\.vscode\extensions\vmware.vscode-spring-boot-1.44.0\language-server\BOOT-INF\lib\ant-1.10.13.jar;c:\Users\Vidusha\.vscode\extensions\vmware.vscode-spring-boot-1.44.0\language-server\BOOT-INF\lib\ant-launcher-1.10.13.jar;c:\Users\Vidusha\.vscode\extensions\vmware.vscode-spring-boot-1.44.0\language-server\BOOT-INF\lib\antlr-runtime-3.5.2.jar;c:\Users\Vidusha\.vscode\extensions\vmware.vscode-spring-boot-1.44.0\language-server\BOOT-INF\lib\antlr4-4.9.3.jar;c:\Users\Vidusha\.vscode\extensions\vmware.vscode-spring-boot-1.44.0\language-server\BOOT-INF\lib\antlr4-runtime-4.9.3.jar;c:\Users\Vidusha\.vscode\extensions\vmware.vscode-spring-boot-1.44.0\language-server\BOOT-INF\lib\apiguardian-api-1.1.2.jar;c:\Users\Vidusha\.vscode\extensions\vmware.vscode-spring-boot-1.44.0\language-server\BOOT-INF\lib\asm-9.4.jar;c:\Users\Vidusha\.vscode\extensions\vmware.vscode-spring-boot-1.44.0\language-server\BOOT-INF\lib\asm-analysis-9.4.jar;c:\Users\Vidusha\.vscode\extensions\vmware.vscode-spring-boot-1.44.0\language-server\BOOT-INF\lib\asm-tree-9.4.jar;c:\Users\Vidusha\.vscode\extensions\vmware.vscode-spring-boot-1.44.0\language-server\BOOT-INF\lib\asm-util-9.4.jar;c:\Users\Vidusha\.vscode\extensions\vmware.vscode-spring-boot-1.44.0\language-server\BOOT-INF\lib\caffeine-3.1.2.jar;c:\Users\Vidusha\.vscode\extensions\vmware.vscode-spring-boot-1.44.0\language-server\BOOT-INF\lib\checker-qual-3.12.0.jar;c:\Users\Vidusha\.vscode\extensions\vmware.vscode-spring-boot-1.44.0\language-server\BOOT-INF\lib\ci-environment-9.1.0.jar;c:\Users\Vidusha\.vscode\extensions\vmware.vscode-spring-boot-1.44.0\language-server\BOOT-INF\lib\classgraph-4.8.149.jar;c:\Users\Vidusha\.vscode\extensions\vmware.vscode-spring-boot-1.44.0\language-server\
Launcher Type: SUN_STANDARD

[Global flags]
     intx CICompilerCount                          = 4                                         {product} {ergonomic}
     uint ConcGCThreads                            = 2                                         {product} {ergonomic}
     uint G1ConcRefinementThreads                  = 8                                         {product} {ergonomic}
   size_t G1HeapRegionSize                         = 1048576                                   {product} {ergonomic}
    uintx GCDrainStackTargetSize                   = 64                                        {product} {ergonomic}
     bool HeapDumpOnOutOfMemoryError               = true                                   {manageable} {command line}
   size_t InitialHeapSize                          = 130023424                                 {product} {ergonomic}
   size_t MarkStackSize                            = 4194304                                   {product} {ergonomic}
   size_t MaxHeapSize                              = 1073741824                                {product} {command line}
   size_t MaxNewSize                               = 643825664                                 {product} {ergonomic}
   size_t MinHeapDeltaBytes                        = 1048576                                   {product} {ergonomic}
   size_t MinHeapSize                              = 8388608                                   {product} {ergonomic}
    uintx NonProfiledCodeHeapSize                  = 0                                      {pd product} {ergonomic}
     bool ProfileInterpreter                       = false                                  {pd product} {command line}
    uintx ProfiledCodeHeapSize                     = 0                                      {pd product} {ergonomic}
   size_t SoftMaxHeapSize                          = 1073741824                             {manageable} {ergonomic}
     intx TieredStopAtLevel                        = 1                                         {product} {command line}
     bool UseCompressedClassPointers               = true                           {product lp64_product} {ergonomic}
     bool UseCompressedOops                        = true                           {product lp64_product} {ergonomic}
     bool UseG1GC                                  = true                                      {product} {ergonomic}
     bool UseLargePagesIndividualAllocation        = false                                  {pd product} {ergonomic}

Logging:
Log output configuration:
 #0: stdout all=warning,jni+resolve=off uptime,level,tags
 #1: stderr all=off uptime,level,tags

Environment Variables:
PATH=C:\Program Files\Java\jdk1.8.0_271\bin;C:\Program Files\Java\jdk-11.0.16.1\bin;C:\Program Files\Common Files\Oracle\Java\javapath;C:\Program Files (x86)\Common Files\Oracle\Java\javapath;C:\Windows\system32;C:\Windows;C:\Windows\System32\Wbem;C:\Windows\System32\WindowsPowerShell\v1.0\;C:\Windows\System32\OpenSSH\;C:\Program Files (x86)\NVIDIA Corporation\PhysX\Common;C:\Program Files\MySQL\MySQL Server 8.0\bin;C:\Program Files\Git\cmd;C:\WINDOWS\system32;C:\WINDOWS;C:\WINDOWS\System32\Wbem;C:\WINDOWS\System32\WindowsPowerShell\v1.0\;C:\WINDOWS\System32\OpenSSH\;C:\Program Files\nodejs\;C:\Users\Vidusha\AppData\Local\Android\Sdk\platform-tools;C:\Program Files\MySQL\MySQL Shell 8.0\bin\;C:\Users\Vidusha\AppData\Local\Microsoft\WindowsApps;C:\Program Files\JetBrains\IntelliJ IDEA Community Edition 2020.3.3\bin;;C:\Users\Vidusha\AppData\Local\Programs\Microsoft VS Code\bin;C:\Users\Vidusha\AppData\Local\GitHubDesktop\bin;C:\Users\Vidusha\AppData\Roaming\npm;
USERNAME=Vidusha
OS=Windows_NT
PROCESSOR_IDENTIFIER=Intel64 Family 6 Model 140 Stepping 1, GenuineIntel
TMP=C:\Users\Vidusha\AppData\Local\Temp
TEMP=C:\Users\Vidusha\AppData\Local\Temp



---------------  S Y S T E M  ---------------

OS:
 Windows 11 , 64 bit Build 22621 (10.0.22621.1194)
OS uptime: 0 days 3:22 hours

CPU: total 8 (initial active 8) (4 cores per cpu, 2 threads per core) family 6 model 140 stepping 1 microcode 0x9a, cx8, cmov, fxsr, ht, mmx, 3dnowpref, sse, sse2, sse3, ssse3, sse4.1, sse4.2, popcnt, lzcnt, tsc, tscinvbit, avx, avx2, aes, erms, clmul, bmi1, bmi2, adx, avx512f, avx512dq, avx512cd, avx512bw, avx512vl, sha, fma, vzeroupper, avx512_vpopcntdq, avx512_vpclmulqdq, avx512_vaes, avx512_vnni, clflush, clflushopt, clwb, avx512_vbmi2, avx512_vbmi

Memory: 4k page, system-wide physical 7886M (665M free)
TotalPageFile size 17882M (AvailPageFile size 91M)
current process WorkingSet (physical memory assigned to process): 235M, peak: 235M
current process commit charge ("private bytes"): 289M, peak: 489M

vm_info: OpenJDK 64-Bit Server VM (17.0.6+10) for windows-amd64 JRE (17.0.6+10), built on Jan 18 2023 10:08:59 by "temurin" with MS VC++ 16.7 (VS2019)

END.
