#
# There is insufficient memory for the Java Runtime Environment to continue.
# Native memory allocation (mmap) failed to map 324009984 bytes for G1 virtual space
# Possible reasons:
#   The system is out of physical RAM or swap space
#   The process is running with CompressedOops enabled, and the Java Heap may be blocking the growth of the native heap
# Possible solutions:
#   Reduce memory load on the system
#   Increase physical memory or swap space
#   Check if swap backing store is full
#   Decrease Java heap size (-Xmx/-Xms)
#   Decrease number of Java threads
#   Decrease Java thread stack sizes (-Xss)
#   Set larger code cache with -XX:ReservedCodeCacheSize=
#   JVM is running with Unscaled Compressed Oops mode in which the Java heap is
#     placed in the first 4GB address space. The Java Heap base address is the
#     maximum limit for the native heap growth. Please use -XX:HeapBaseMinAddress
#     to set the Java Heap base and to place the Java Heap above 4GB virtual address.
# This output file may be truncated or incomplete.
#
#  Out of Memory Error (os_windows.cpp:3557), pid=3820, tid=5660
#
# JRE version: OpenJDK Runtime Environment Temurin-17.0.6+10 (17.0.6+10) (build 17.0.6+10)
# Java VM: OpenJDK 64-Bit Server VM Temurin-17.0.6+10 (17.0.6+10, mixed mode, emulated-client, tiered, compressed oops, compressed class ptrs, g1 gc, windows-amd64)
# No core dump will be written. Minidumps are not enabled by default on client versions of Windows
#

---------------  S U M M A R Y ------------

Command Line: -XX:+HeapDumpOnOutOfMemoryError -Xmx1024m -Dsts.lsp.client=vscode -Dsts.log.file=/dev/null -XX:TieredStopAtLevel=1 -Xlog:jni+resolve=off -Dspring.config.location=file:c:\Users\Vidusha\.vscode\extensions\vmware.vscode-spring-boot-1.44.0\language-server\BOOT-INF\classes\application.properties org.springframework.ide.vscode.boot.app.BootLanguageServerBootApp

Host: 11th Gen Intel(R) Core(TM) i7-1165G7 @ 2.80GHz, 8 cores, 7G,  Windows 11 , 64 bit Build 22621 (10.0.22621.1194)
Time: Sat Mar  4 19:03:19 2023 Sri Lanka Standard Time elapsed time: 2.026184 seconds (0d 0h 0m 2s)

---------------  T H R E A D  ---------------

Current thread (0x000001df0728b4a0):  VMThread "VM Thread" [stack: 0x000000623a700000,0x000000623a800000] [id=5660]

Stack: [0x000000623a700000,0x000000623a800000]
Native frames: (J=compiled Java code, j=interpreted, Vv=VM code, C=native code)
V  [jvm.dll+0x67741a]
V  [jvm.dll+0x834434]
V  [jvm.dll+0x835bde]
V  [jvm.dll+0x836243]
V  [jvm.dll+0x2457b5]
V  [jvm.dll+0x674329]
V  [jvm.dll+0x6689da]
V  [jvm.dll+0x30489b]
V  [jvm.dll+0x30bd96]
V  [jvm.dll+0x35b57e]
V  [jvm.dll+0x35b7af]
V  [jvm.dll+0x2db778]
V  [jvm.dll+0x2d9a2c]
V  [jvm.dll+0x2d8ffc]
V  [jvm.dll+0x31cdcb]
V  [jvm.dll+0x83a6eb]
V  [jvm.dll+0x83b424]
V  [jvm.dll+0x83b93c]
V  [jvm.dll+0x83bd14]
V  [jvm.dll+0x83bde0]
V  [jvm.dll+0x7e483a]
V  [jvm.dll+0x6762c5]
C  [ucrtbase.dll+0x29363]
C  [KERNEL32.DLL+0x126bd]
C  [ntdll.dll+0x5dfb8]

VM_Operation (0x000000623cafddd0): G1CollectForAllocation, mode: safepoint, requested by thread 0x000001df09562700


---------------  P R O C E S S  ---------------

Threads class SMR info:
_java_thread_list=0x000001df09085ec0, length=35, elements={
0x000001df072d8420, 0x000001df072d8ee0, 0x000001df07301130, 0x000001df073019f0,
0x000001df073022b0, 0x000001df07302b70, 0x000001df07305440, 0x000001df07d1bfe0,
0x000001df07f09d20, 0x000001df07f14710, 0x000001df07f18280, 0x000001df07f1f5c0,
0x000001df08e047e0, 0x000001df0940d840, 0x000001df094b2030, 0x000001df094b3650,
0x000001df094b3b20, 0x000001df7c439e50, 0x000001df0908bdb0, 0x000001df09501ac0,
0x000001df09512f70, 0x000001df09562bd0, 0x000001df095630a0, 0x000001df09561890,
0x000001df09561d60, 0x000001df09562230, 0x000001df09562700, 0x000001df095c5220,
0x000001df095c8be0, 0x000001df095c90b0, 0x000001df095c43b0, 0x000001df095c9f20,
0x000001df095c56f0, 0x000001df095c6090, 0x000001df095c8710
}

Java Threads: ( => current thread )
  0x000001df072d8420 JavaThread "Reference Handler" daemon [_thread_blocked, id=6584, stack(0x000000623a800000,0x000000623a900000)]
  0x000001df072d8ee0 JavaThread "Finalizer" daemon [_thread_blocked, id=20524, stack(0x000000623a900000,0x000000623aa00000)]
  0x000001df07301130 JavaThread "Signal Dispatcher" daemon [_thread_blocked, id=3988, stack(0x000000623aa00000,0x000000623ab00000)]
  0x000001df073019f0 JavaThread "Attach Listener" daemon [_thread_blocked, id=20816, stack(0x000000623ab00000,0x000000623ac00000)]
  0x000001df073022b0 JavaThread "Service Thread" daemon [_thread_blocked, id=21288, stack(0x000000623ac00000,0x000000623ad00000)]
  0x000001df07302b70 JavaThread "Monitor Deflation Thread" daemon [_thread_blocked, id=8820, stack(0x000000623ad00000,0x000000623ae00000)]
  0x000001df07305440 JavaThread "C1 CompilerThread0" daemon [_thread_blocked, id=3144, stack(0x000000623ae00000,0x000000623af00000)]
  0x000001df07d1bfe0 JavaThread "Sweeper thread" daemon [_thread_blocked, id=1288, stack(0x000000623af00000,0x000000623b000000)]
  0x000001df07f09d20 JavaThread "C1 CompilerThread1" daemon [_thread_blocked, id=5552, stack(0x000000623b000000,0x000000623b100000)]
  0x000001df07f14710 JavaThread "C1 CompilerThread2" daemon [_thread_blocked, id=15716, stack(0x000000623b100000,0x000000623b200000)]
  0x000001df07f18280 JavaThread "Notification Thread" daemon [_thread_blocked, id=13692, stack(0x000000623b200000,0x000000623b300000)]
  0x000001df07f1f5c0 JavaThread "Common-Cleaner" daemon [_thread_blocked, id=20576, stack(0x000000623b400000,0x000000623b500000)]
  0x000001df08e047e0 JavaThread "C1 CompilerThread3" daemon [_thread_blocked, id=16932, stack(0x000000623bd00000,0x000000623be00000)]
  0x000001df0940d840 JavaThread "boundedElastic-evictor-1" daemon [_thread_blocked, id=3616, stack(0x000000623bc00000,0x000000623bd00000)]
  0x000001df094b2030 JavaThread "boundedElastic-evictor-2" daemon [_thread_blocked, id=21440, stack(0x000000623bf00000,0x000000623c000000)]
  0x000001df094b3650 JavaThread "pool-10-thread-1" [_thread_blocked, id=18652, stack(0x000000623c000000,0x000000623c100000)]
  0x000001df094b3b20 JavaThread "LanguageServerApp-lifecycle" [_thread_blocked, id=10252, stack(0x000000623c100000,0x000000623c200000)]
  0x000001df7c439e50 JavaThread "DestroyJavaVM" [_thread_blocked, id=11664, stack(0x000000623a100000,0x000000623a200000)]
  0x000001df0908bdb0 JavaThread "pool-11-thread-1" [_thread_in_native, id=11236, stack(0x000000623c200000,0x000000623c300000)]
  0x000001df09501ac0 JavaThread "Simple-Language-Server main thread" daemon [_thread_blocked, id=21500, stack(0x000000623c300000,0x000000623c400000)]
  0x000001df09512f70 JavaThread "ForkJoinPool.commonPool-worker-1" daemon [_thread_blocked, id=21332, stack(0x000000623c400000,0x000000623c500000)]
  0x000001df09562bd0 JavaThread "ClassGraph-worker-0" daemon [_thread_blocked, id=19708, stack(0x000000623c500000,0x000000623c600000)]
  0x000001df095630a0 JavaThread "ClassGraph-worker-1" daemon [_thread_blocked, id=19756, stack(0x000000623c600000,0x000000623c700000)]
  0x000001df09561890 JavaThread "ClassGraph-worker-2" daemon [_thread_blocked, id=20988, stack(0x000000623c700000,0x000000623c800000)]
  0x000001df09561d60 JavaThread "ClassGraph-worker-3" daemon [_thread_blocked, id=4488, stack(0x000000623c800000,0x000000623c900000)]
  0x000001df09562230 JavaThread "ClassGraph-worker-4" daemon [_thread_blocked, id=17276, stack(0x000000623c900000,0x000000623ca00000)]
  0x000001df09562700 JavaThread "ClassGraph-worker-5" daemon [_thread_blocked, id=17344, stack(0x000000623ca00000,0x000000623cb00000)]
  0x000001df095c5220 JavaThread "ClassGraph-worker-6" daemon [_thread_blocked, id=11484, stack(0x000000623cb00000,0x000000623cc00000)]
  0x000001df095c8be0 JavaThread "ClassGraph-worker-7" daemon [_thread_blocked, id=17984, stack(0x000000623cc00000,0x000000623cd00000)]
  0x000001df095c90b0 JavaThread "ClassGraph-worker-8" daemon [_thread_blocked, id=20116, stack(0x000000623cd00000,0x000000623ce00000)]
  0x000001df095c43b0 JavaThread "ClassGraph-worker-9" daemon [_thread_blocked, id=11752, stack(0x000000623ce00000,0x000000623cf00000)]
  0x000001df095c9f20 JavaThread "ClassGraph-worker-10" daemon [_thread_blocked, id=14332, stack(0x000000623cf00000,0x000000623d000000)]
  0x000001df095c56f0 JavaThread "ClassGraph-worker-11" daemon [_thread_blocked, id=10348, stack(0x000000623d000000,0x000000623d100000)]
  0x000001df095c6090 JavaThread "ClassGraph-worker-12" daemon [_thread_blocked, id=13124, stack(0x000000623d100000,0x000000623d200000)]
  0x000001df095c8710 JavaThread "ClassGraph-worker-13" daemon [_thread_blocked, id=4448, stack(0x000000623d200000,0x000000623d300000)]

Other Threads:
=>0x000001df0728b4a0 VMThread "VM Thread" [stack: 0x000000623a700000,0x000000623a800000] [id=5660]
  0x000001df7c48db70 WatcherThread [stack: 0x000000623b300000,0x000000623b400000] [id=20264]
  0x000001df7c478890 GCTaskThread "GC Thread#0" [stack: 0x000000623a200000,0x000000623a300000] [id=21436]
  0x000001df08a7f460 GCTaskThread "GC Thread#1" [stack: 0x000000623b500000,0x000000623b600000] [id=12640]
  0x000001df08af2310 GCTaskThread "GC Thread#2" [stack: 0x000000623b600000,0x000000623b700000] [id=1868]
  0x000001df08af25c0 GCTaskThread "GC Thread#3" [stack: 0x000000623b700000,0x000000623b800000] [id=3748]
  0x000001df08af2870 GCTaskThread "GC Thread#4" [stack: 0x000000623b800000,0x000000623b900000] [id=9312]
  0x000001df08d49be0 GCTaskThread "GC Thread#5" [stack: 0x000000623b900000,0x000000623ba00000] [id=4092]
  0x000001df08d49e90 GCTaskThread "GC Thread#6" [stack: 0x000000623ba00000,0x000000623bb00000] [id=12356]
  0x000001df08d4a140 GCTaskThread "GC Thread#7" [stack: 0x000000623bb00000,0x000000623bc00000] [id=14556]
  0x000001df7c481840 ConcurrentGCThread "G1 Main Marker" [stack: 0x000000623a300000,0x000000623a400000] [id=17332]
  0x000001df7c482900 ConcurrentGCThread "G1 Conc#0" [stack: 0x000000623a400000,0x000000623a500000] [id=5612]
  0x000001df08dfa660 ConcurrentGCThread "G1 Conc#1" [stack: 0x000000623be00000,0x000000623bf00000] [id=20788]
  0x000001df7c4eda10 ConcurrentGCThread "G1 Refine#0" [stack: 0x000000623a500000,0x000000623a600000] [id=15040]
  0x000001df09654350 ConcurrentGCThread "G1 Refine#1" [stack: 0x000000623d300000,0x000000623d400000] [id=13408]
  0x000001df7c4ee1e0 ConcurrentGCThread "G1 Service" [stack: 0x000000623a600000,0x000000623a700000] [id=18548]

Threads with active compile tasks:

VM state: at safepoint (normal execution)

VM Mutex/Monitor currently owned by a thread:  ([mutex/lock_event])
[0x000001df7c4348f0] Threads_lock - owner thread: 0x000001df0728b4a0
[0x000001df7c433c00] Heap_lock - owner thread: 0x000001df09562700

Heap address: 0x00000000c0000000, size: 1024 MB, Compressed Oops mode: 32-bit

CDS archive(s) not mapped
Compressed class space mapped at: 0x0000000100000000-0x0000000140000000, reserved size: 1073741824
Narrow klass base: 0x0000000000000000, Narrow klass shift: 3, Narrow klass range: 0x140000000

GC Precious Log:
 CPUs: 8 total, 8 available
 Memory: 7886M
 Large Page Support: Disabled
 NUMA Support: Disabled
 Compressed Oops: Enabled (32-bit)
 Heap Region Size: 1M
 Heap Min Capacity: 8M
 Heap Initial Capacity: 124M
 Heap Max Capacity: 1G
 Pre-touch: Disabled
 Parallel Workers: 8
 Concurrent Workers: 2
 Concurrent Refinement Workers: 8
 Periodic GC: Disabled

Heap:
 garbage-first heap   total 259072K, used 83345K [0x00000000c0000000, 0x0000000100000000)
  region size 1024K, 10 young (10240K), 10 survivors (10240K)
 Metaspace       used 35421K, committed 35776K, reserved 1081344K
  class space    used 4593K, committed 4800K, reserved 1048576K

Heap Regions: E=young(eden), S=young(survivor), O=old, HS=humongous(starts), HC=humongous(continues), CS=collection set, F=free, OA=open archive, CA=closed archive, TAMS=top-at-mark-start (previous, next)
|   0|0x00000000c0000000, 0x00000000c0100000, 0x00000000c0100000|100%| O|  |TAMS 0x00000000c0100000, 0x00000000c0000000| Untracked 
|   1|0x00000000c0100000, 0x00000000c0200000, 0x00000000c0200000|100%| O|  |TAMS 0x00000000c0200000, 0x00000000c0100000| Untracked 
|   2|0x00000000c0200000, 0x00000000c0300000, 0x00000000c0300000|100%| O|  |TAMS 0x00000000c0300000, 0x00000000c0200000| Untracked 
|   3|0x00000000c0300000, 0x00000000c0400000, 0x00000000c0400000|100%| O|  |TAMS 0x00000000c0400000, 0x00000000c0300000| Untracked 
|   4|0x00000000c0400000, 0x00000000c0500000, 0x00000000c0500000|100%| O|  |TAMS 0x00000000c0500000, 0x00000000c0400000| Untracked 
|   5|0x00000000c0500000, 0x00000000c0600000, 0x00000000c0600000|100%| O|  |TAMS 0x00000000c0600000, 0x00000000c0500000| Untracked 
|   6|0x00000000c0600000, 0x00000000c0700000, 0x00000000c0700000|100%| O|  |TAMS 0x00000000c0700000, 0x00000000c0600000| Untracked 
|   7|0x00000000c0700000, 0x00000000c07acc00, 0x00000000c0800000| 67%| O|  |TAMS 0x00000000c07acc00, 0x00000000c0700000| Untracked 
|   8|0x00000000c0800000, 0x00000000c0900000, 0x00000000c0900000|100%| O|  |TAMS 0x00000000c0900000, 0x00000000c0800000| Untracked 
|   9|0x00000000c0900000, 0x00000000c0a00000, 0x00000000c0a00000|100%| O|  |TAMS 0x00000000c0a00000, 0x00000000c0900000| Untracked 
|  10|0x00000000c0a00000, 0x00000000c0b00000, 0x00000000c0b00000|100%| O|  |TAMS 0x00000000c0b00000, 0x00000000c0a00000| Untracked 
|  11|0x00000000c0b00000, 0x00000000c0c00000, 0x00000000c0c00000|100%| O|  |TAMS 0x00000000c0c00000, 0x00000000c0b00000| Untracked 
|  12|0x00000000c0c00000, 0x00000000c0d00000, 0x00000000c0d00000|100%| O|  |TAMS 0x00000000c0d00000, 0x00000000c0c00000| Untracked 
|  13|0x00000000c0d00000, 0x00000000c0e00000, 0x00000000c0e00000|100%| O|  |TAMS 0x00000000c0e00000, 0x00000000c0d00000| Untracked 
|  14|0x00000000c0e00000, 0x00000000c0f00000, 0x00000000c0f00000|100%| O|  |TAMS 0x00000000c0f00000, 0x00000000c0e00000| Untracked 
|  15|0x00000000c0f00000, 0x00000000c1000000, 0x00000000c1000000|100%| O|  |TAMS 0x00000000c1000000, 0x00000000c0f00000| Untracked 
|  16|0x00000000c1000000, 0x00000000c1100000, 0x00000000c1100000|100%| O|  |TAMS 0x00000000c1100000, 0x00000000c1000000| Untracked 
|  17|0x00000000c1100000, 0x00000000c1200000, 0x00000000c1200000|100%| O|  |TAMS 0x00000000c1200000, 0x00000000c1100000| Untracked 
|  18|0x00000000c1200000, 0x00000000c1300000, 0x00000000c1300000|100%| O|  |TAMS 0x00000000c1300000, 0x00000000c1200000| Untracked 
|  19|0x00000000c1300000, 0x00000000c1400000, 0x00000000c1400000|100%| O|  |TAMS 0x00000000c1400000, 0x00000000c1300000| Untracked 
|  20|0x00000000c1400000, 0x00000000c1500000, 0x00000000c1500000|100%| O|  |TAMS 0x00000000c1500000, 0x00000000c1400000| Untracked 
|  21|0x00000000c1500000, 0x00000000c1600000, 0x00000000c1600000|100%| O|  |TAMS 0x00000000c1600000, 0x00000000c1500000| Untracked 
|  22|0x00000000c1600000, 0x00000000c1700000, 0x00000000c1700000|100%| O|  |TAMS 0x00000000c1700000, 0x00000000c1600000| Untracked 
|  23|0x00000000c1700000, 0x00000000c1800000, 0x00000000c1800000|100%| O|  |TAMS 0x00000000c1800000, 0x00000000c1700000| Untracked 
|  24|0x00000000c1800000, 0x00000000c1900000, 0x00000000c1900000|100%| O|  |TAMS 0x00000000c1900000, 0x00000000c1800000| Untracked 
|  25|0x00000000c1900000, 0x00000000c1a00000, 0x00000000c1a00000|100%| O|  |TAMS 0x00000000c1a00000, 0x00000000c1900000| Untracked 
|  26|0x00000000c1a00000, 0x00000000c1b00000, 0x00000000c1b00000|100%| O|  |TAMS 0x00000000c1b00000, 0x00000000c1a00000| Untracked 
|  27|0x00000000c1b00000, 0x00000000c1c00000, 0x00000000c1c00000|100%| O|  |TAMS 0x00000000c1c00000, 0x00000000c1b00000| Untracked 
|  28|0x00000000c1c00000, 0x00000000c1d00000, 0x00000000c1d00000|100%| O|  |TAMS 0x00000000c1d00000, 0x00000000c1c00000| Untracked 
|  29|0x00000000c1d00000, 0x00000000c1e00000, 0x00000000c1e00000|100%| O|  |TAMS 0x00000000c1e00000, 0x00000000c1d00000| Untracked 
|  30|0x00000000c1e00000, 0x00000000c1f00000, 0x00000000c1f00000|100%| O|  |TAMS 0x00000000c1f00000, 0x00000000c1e00000| Untracked 
|  31|0x00000000c1f00000, 0x00000000c2000000, 0x00000000c2000000|100%| O|  |TAMS 0x00000000c2000000, 0x00000000c1f00000| Untracked 
|  32|0x00000000c2000000, 0x00000000c2100000, 0x00000000c2100000|100%| O|  |TAMS 0x00000000c2100000, 0x00000000c2000000| Untracked 
|  33|0x00000000c2100000, 0x00000000c2200000, 0x00000000c2200000|100%| O|  |TAMS 0x00000000c2200000, 0x00000000c2100000| Untracked 
|  34|0x00000000c2200000, 0x00000000c2300000, 0x00000000c2300000|100%| O|  |TAMS 0x00000000c2300000, 0x00000000c2200000| Untracked 
|  35|0x00000000c2300000, 0x00000000c2400000, 0x00000000c2400000|100%| O|  |TAMS 0x00000000c2400000, 0x00000000c2300000| Untracked 
|  36|0x00000000c2400000, 0x00000000c2500000, 0x00000000c2500000|100%| O|  |TAMS 0x00000000c2500000, 0x00000000c2400000| Untracked 
|  37|0x00000000c2500000, 0x00000000c2600000, 0x00000000c2600000|100%| O|  |TAMS 0x00000000c2600000, 0x00000000c2500000| Untracked 
|  38|0x00000000c2600000, 0x00000000c2700000, 0x00000000c2700000|100%| O|  |TAMS 0x00000000c2700000, 0x00000000c2600000| Untracked 
|  39|0x00000000c2700000, 0x00000000c2800000, 0x00000000c2800000|100%| O|  |TAMS 0x00000000c2800000, 0x00000000c2700000| Untracked 
|  40|0x00000000c2800000, 0x00000000c2900000, 0x00000000c2900000|100%| O|  |TAMS 0x00000000c2900000, 0x00000000c2800000| Untracked 
|  41|0x00000000c2900000, 0x00000000c2a00000, 0x00000000c2a00000|100%| O|  |TAMS 0x00000000c2a00000, 0x00000000c2900000| Untracked 
|  42|0x00000000c2a00000, 0x00000000c2b00000, 0x00000000c2b00000|100%| O|  |TAMS 0x00000000c2b00000, 0x00000000c2a00000| Untracked 
|  43|0x00000000c2b00000, 0x00000000c2c00000, 0x00000000c2c00000|100%| O|  |TAMS 0x00000000c2b00000, 0x00000000c2b00000| Untracked 
|  44|0x00000000c2c00000, 0x00000000c2d00000, 0x00000000c2d00000|100%|HS|  |TAMS 0x00000000c2d00000, 0x00000000c2c00000| Complete 
|  45|0x00000000c2d00000, 0x00000000c2e00000, 0x00000000c2e00000|100%| O|  |TAMS 0x00000000c2e00000, 0x00000000c2d00000| Untracked 
|  46|0x00000000c2e00000, 0x00000000c2f00000, 0x00000000c2f00000|100%| O|  |TAMS 0x00000000c2f00000, 0x00000000c2e00000| Untracked 
|  47|0x00000000c2f00000, 0x00000000c3000000, 0x00000000c3000000|100%| O|  |TAMS 0x00000000c3000000, 0x00000000c2f00000| Untracked 
|  48|0x00000000c3000000, 0x00000000c3100000, 0x00000000c3100000|100%| O|  |TAMS 0x00000000c3100000, 0x00000000c3000000| Untracked 
|  49|0x00000000c3100000, 0x00000000c3200000, 0x00000000c3200000|100%| O|  |TAMS 0x00000000c3200000, 0x00000000c3100000| Untracked 
|  50|0x00000000c3200000, 0x00000000c3300000, 0x00000000c3300000|100%| O|  |TAMS 0x00000000c3300000, 0x00000000c3200000| Untracked 
|  51|0x00000000c3300000, 0x00000000c3400000, 0x00000000c3400000|100%| O|  |TAMS 0x00000000c3400000, 0x00000000c3300000| Untracked 
|  52|0x00000000c3400000, 0x00000000c3500000, 0x00000000c3500000|100%| O|  |TAMS 0x00000000c3500000, 0x00000000c3400000| Untracked 
|  53|0x00000000c3500000, 0x00000000c3600000, 0x00000000c3600000|100%| O|  |TAMS 0x00000000c3600000, 0x00000000c3500000| Untracked 
|  54|0x00000000c3600000, 0x00000000c3700000, 0x00000000c3700000|100%| O|  |TAMS 0x00000000c3700000, 0x00000000c3600000| Untracked 
|  55|0x00000000c3700000, 0x00000000c3800000, 0x00000000c3800000|100%| O|  |TAMS 0x00000000c3800000, 0x00000000c3700000| Untracked 
|  56|0x00000000c3800000, 0x00000000c3900000, 0x00000000c3900000|100%| O|  |TAMS 0x00000000c3900000, 0x00000000c3800000| Untracked 
|  57|0x00000000c3900000, 0x00000000c3a00000, 0x00000000c3a00000|100%| O|  |TAMS 0x00000000c3a00000, 0x00000000c3900000| Untracked 
|  58|0x00000000c3a00000, 0x00000000c3a00000, 0x00000000c3b00000|  0%| F|  |TAMS 0x00000000c3a00000, 0x00000000c3a00000| Untracked 
|  59|0x00000000c3b00000, 0x00000000c3c00000, 0x00000000c3c00000|100%| O|  |TAMS 0x00000000c3b2de00, 0x00000000c3b00000| Untracked 
|  60|0x00000000c3c00000, 0x00000000c3d00000, 0x00000000c3d00000|100%| O|  |TAMS 0x00000000c3c00000, 0x00000000c3c00000| Untracked 
|  61|0x00000000c3d00000, 0x00000000c3e00000, 0x00000000c3e00000|100%| O|  |TAMS 0x00000000c3d00000, 0x00000000c3d00000| Untracked 
|  62|0x00000000c3e00000, 0x00000000c3f00000, 0x00000000c3f00000|100%| O|  |TAMS 0x00000000c3e00000, 0x00000000c3e00000| Untracked 
|  63|0x00000000c3f00000, 0x00000000c4000000, 0x00000000c4000000|100%| O|  |TAMS 0x00000000c3f00000, 0x00000000c3f00000| Untracked 
|  64|0x00000000c4000000, 0x00000000c4100000, 0x00000000c4100000|100%| O|  |TAMS 0x00000000c4000000, 0x00000000c4000000| Untracked 
|  65|0x00000000c4100000, 0x00000000c4200000, 0x00000000c4200000|100%| O|  |TAMS 0x00000000c4100000, 0x00000000c4100000| Untracked 
|  66|0x00000000c4200000, 0x00000000c4300000, 0x00000000c4300000|100%| O|  |TAMS 0x00000000c4200000, 0x00000000c4200000| Untracked 
|  67|0x00000000c4300000, 0x00000000c4400000, 0x00000000c4400000|100%| O|  |TAMS 0x00000000c4300000, 0x00000000c4300000| Untracked 
|  68|0x00000000c4400000, 0x00000000c4500000, 0x00000000c4500000|100%| O|  |TAMS 0x00000000c4400000, 0x00000000c4400000| Untracked 
|  69|0x00000000c4500000, 0x00000000c4600000, 0x00000000c4600000|100%| O|  |TAMS 0x00000000c4500000, 0x00000000c4500000| Untracked 
|  70|0x00000000c4600000, 0x00000000c4700000, 0x00000000c4700000|100%| O|  |TAMS 0x00000000c4600000, 0x00000000c4600000| Untracked 
|  71|0x00000000c4700000, 0x00000000c4800000, 0x00000000c4800000|100%| O|  |TAMS 0x00000000c4700000, 0x00000000c4700000| Untracked 
|  72|0x00000000c4800000, 0x00000000c4900000, 0x00000000c4900000|100%| O|  |TAMS 0x00000000c4800000, 0x00000000c4800000| Untracked 
|  73|0x00000000c4900000, 0x00000000c4912800, 0x00000000c4a00000|  7%| O|  |TAMS 0x00000000c4900000, 0x00000000c4900000| Untracked 
|  74|0x00000000c4a00000, 0x00000000c4a00000, 0x00000000c4b00000|  0%| F|  |TAMS 0x00000000c4a00000, 0x00000000c4a00000| Untracked 
|  75|0x00000000c4b00000, 0x00000000c4b00000, 0x00000000c4c00000|  0%| F|  |TAMS 0x00000000c4b00000, 0x00000000c4b00000| Untracked 
|  76|0x00000000c4c00000, 0x00000000c4c00000, 0x00000000c4d00000|  0%| F|  |TAMS 0x00000000c4c00000, 0x00000000c4c00000| Untracked 
|  77|0x00000000c4d00000, 0x00000000c4d00000, 0x00000000c4e00000|  0%| F|  |TAMS 0x00000000c4d00000, 0x00000000c4d00000| Untracked 
|  78|0x00000000c4e00000, 0x00000000c4e00000, 0x00000000c4f00000|  0%| F|  |TAMS 0x00000000c4e00000, 0x00000000c4e00000| Untracked 
|  79|0x00000000c4f00000, 0x00000000c4f00000, 0x00000000c5000000|  0%| F|  |TAMS 0x00000000c4f00000, 0x00000000c4f00000| Untracked 
|  80|0x00000000c5000000, 0x00000000c5000000, 0x00000000c5100000|  0%| F|  |TAMS 0x00000000c5000000, 0x00000000c5000000| Untracked 
|  81|0x00000000c5100000, 0x00000000c5100000, 0x00000000c5200000|  0%| F|  |TAMS 0x00000000c5100000, 0x00000000c5100000| Untracked 
|  82|0x00000000c5200000, 0x00000000c5200000, 0x00000000c5300000|  0%| F|  |TAMS 0x00000000c5200000, 0x00000000c5200000| Untracked 
|  83|0x00000000c5300000, 0x00000000c5300000, 0x00000000c5400000|  0%| F|  |TAMS 0x00000000c5300000, 0x00000000c5300000| Untracked 
|  84|0x00000000c5400000, 0x00000000c5400000, 0x00000000c5500000|  0%| F|  |TAMS 0x00000000c5400000, 0x00000000c5400000| Untracked 
|  85|0x00000000c5500000, 0x00000000c5500000, 0x00000000c5600000|  0%| F|  |TAMS 0x00000000c5500000, 0x00000000c5500000| Untracked 
|  86|0x00000000c5600000, 0x00000000c5600000, 0x00000000c5700000|  0%| F|  |TAMS 0x00000000c5600000, 0x00000000c5600000| Untracked 
|  87|0x00000000c5700000, 0x00000000c5700000, 0x00000000c5800000|  0%| F|  |TAMS 0x00000000c5700000, 0x00000000c5700000| Untracked 
|  88|0x00000000c5800000, 0x00000000c5800000, 0x00000000c5900000|  0%| F|  |TAMS 0x00000000c5800000, 0x00000000c5800000| Untracked 
|  89|0x00000000c5900000, 0x00000000c5900000, 0x00000000c5a00000|  0%| F|  |TAMS 0x00000000c5900000, 0x00000000c5900000| Untracked 
|  90|0x00000000c5a00000, 0x00000000c5a00000, 0x00000000c5b00000|  0%| F|  |TAMS 0x00000000c5a00000, 0x00000000c5a00000| Untracked 
|  91|0x00000000c5b00000, 0x00000000c5b00000, 0x00000000c5c00000|  0%| F|  |TAMS 0x00000000c5b00000, 0x00000000c5b00000| Untracked 
|  92|0x00000000c5c00000, 0x00000000c5c00000, 0x00000000c5d00000|  0%| F|  |TAMS 0x00000000c5c00000, 0x00000000c5c00000| Untracked 
|  93|0x00000000c5d00000, 0x00000000c5d00000, 0x00000000c5e00000|  0%| F|  |TAMS 0x00000000c5d00000, 0x00000000c5d00000| Untracked 
|  94|0x00000000c5e00000, 0x00000000c5e00000, 0x00000000c5f00000|  0%| F|  |TAMS 0x00000000c5e00000, 0x00000000c5e00000| Untracked 
|  95|0x00000000c5f00000, 0x00000000c5f00000, 0x00000000c6000000|  0%| F|  |TAMS 0x00000000c5f00000, 0x00000000c5f00000| Untracked 
|  96|0x00000000c6000000, 0x00000000c6000000, 0x00000000c6100000|  0%| F|  |TAMS 0x00000000c6000000, 0x00000000c6000000| Untracked 
|  97|0x00000000c6100000, 0x00000000c6100000, 0x00000000c6200000|  0%| F|  |TAMS 0x00000000c6100000, 0x00000000c6100000| Untracked 
|  98|0x00000000c6200000, 0x00000000c6200000, 0x00000000c6300000|  0%| F|  |TAMS 0x00000000c6200000, 0x00000000c6200000| Untracked 
|  99|0x00000000c6300000, 0x00000000c6300000, 0x00000000c6400000|  0%| F|  |TAMS 0x00000000c6300000, 0x00000000c6300000| Untracked 
| 100|0x00000000c6400000, 0x00000000c6400000, 0x00000000c6500000|  0%| F|  |TAMS 0x00000000c6400000, 0x00000000c6400000| Untracked 
| 101|0x00000000c6500000, 0x00000000c6500000, 0x00000000c6600000|  0%| F|  |TAMS 0x00000000c6500000, 0x00000000c6500000| Untracked 
| 102|0x00000000c6600000, 0x00000000c6600000, 0x00000000c6700000|  0%| F|  |TAMS 0x00000000c6600000, 0x00000000c6600000| Untracked 
| 103|0x00000000c6700000, 0x00000000c6700000, 0x00000000c6800000|  0%| F|  |TAMS 0x00000000c6700000, 0x00000000c6700000| Untracked 
| 104|0x00000000c6800000, 0x00000000c6800000, 0x00000000c6900000|  0%| F|  |TAMS 0x00000000c6800000, 0x00000000c6800000| Untracked 
| 105|0x00000000c6900000, 0x00000000c6900000, 0x00000000c6a00000|  0%| F|  |TAMS 0x00000000c6900000, 0x00000000c6900000| Untracked 
| 106|0x00000000c6a00000, 0x00000000c6a00000, 0x00000000c6b00000|  0%| F|  |TAMS 0x00000000c6a00000, 0x00000000c6a00000| Untracked 
| 107|0x00000000c6b00000, 0x00000000c6b00000, 0x00000000c6c00000|  0%| F|  |TAMS 0x00000000c6b00000, 0x00000000c6b00000| Untracked 
| 108|0x00000000c6c00000, 0x00000000c6c00000, 0x00000000c6d00000|  0%| F|  |TAMS 0x00000000c6c00000, 0x00000000c6c00000| Untracked 
| 109|0x00000000c6d00000, 0x00000000c6d00000, 0x00000000c6e00000|  0%| F|  |TAMS 0x00000000c6d00000, 0x00000000c6d00000| Untracked 
| 110|0x00000000c6e00000, 0x00000000c6e00000, 0x00000000c6f00000|  0%| F|  |TAMS 0x00000000c6e00000, 0x00000000c6e00000| Untracked 
| 111|0x00000000c6f00000, 0x00000000c6f00000, 0x00000000c7000000|  0%| F|  |TAMS 0x00000000c6f00000, 0x00000000c6f00000| Untracked 
| 112|0x00000000c7000000, 0x00000000c7000000, 0x00000000c7100000|  0%| F|  |TAMS 0x00000000c7000000, 0x00000000c7000000| Untracked 
| 113|0x00000000c7100000, 0x00000000c7100000, 0x00000000c7200000|  0%| F|  |TAMS 0x00000000c7100000, 0x00000000c7100000| Untracked 
| 114|0x00000000c7200000, 0x00000000c7200000, 0x00000000c7300000|  0%| F|  |TAMS 0x00000000c7200000, 0x00000000c7200000| Untracked 
| 115|0x00000000c7300000, 0x00000000c7300000, 0x00000000c7400000|  0%| F|  |TAMS 0x00000000c7300000, 0x00000000c7300000| Untracked 
| 116|0x00000000c7400000, 0x00000000c7400000, 0x00000000c7500000|  0%| F|  |TAMS 0x00000000c7400000, 0x00000000c7400000| Untracked 
| 117|0x00000000c7500000, 0x00000000c7500000, 0x00000000c7600000|  0%| F|  |TAMS 0x00000000c7500000, 0x00000000c7500000| Untracked 
| 118|0x00000000c7600000, 0x00000000c7600000, 0x00000000c7700000|  0%| F|  |TAMS 0x00000000c7600000, 0x00000000c7600000| Untracked 
| 119|0x00000000c7700000, 0x00000000c7700000, 0x00000000c7800000|  0%| F|  |TAMS 0x00000000c7700000, 0x00000000c7700000| Untracked 
| 120|0x00000000c7800000, 0x00000000c7800000, 0x00000000c7900000|  0%| F|  |TAMS 0x00000000c7800000, 0x00000000c7800000| Untracked 
| 121|0x00000000c7900000, 0x00000000c79a5398, 0x00000000c7a00000| 64%| S|CS|TAMS 0x00000000c7900000, 0x00000000c7900000| Complete 
| 122|0x00000000c7a00000, 0x00000000c7b00000, 0x00000000c7b00000|100%| S|CS|TAMS 0x00000000c7a00000, 0x00000000c7a00000| Complete 
| 123|0x00000000c7b00000, 0x00000000c7c00000, 0x00000000c7c00000|100%| S|CS|TAMS 0x00000000c7b00000, 0x00000000c7b00000| Complete 
| 124|0x00000000c7c00000, 0x00000000c7d00000, 0x00000000c7d00000|100%| S|CS|TAMS 0x00000000c7c00000, 0x00000000c7c00000| Complete 
| 125|0x00000000c7d00000, 0x00000000c7e00000, 0x00000000c7e00000|100%| S|CS|TAMS 0x00000000c7d00000, 0x00000000c7d00000| Complete 
| 126|0x00000000c7e00000, 0x00000000c7f00000, 0x00000000c7f00000|100%| S|CS|TAMS 0x00000000c7e00000, 0x00000000c7e00000| Complete 
| 127|0x00000000c7f00000, 0x00000000c8000000, 0x00000000c8000000|100%| S|CS|TAMS 0x00000000c7f00000, 0x00000000c7f00000| Complete 
| 128|0x00000000c8000000, 0x00000000c8100000, 0x00000000c8100000|100%| S|CS|TAMS 0x00000000c8000000, 0x00000000c8000000| Complete 
| 129|0x00000000c8100000, 0x00000000c8200000, 0x00000000c8200000|100%| S|CS|TAMS 0x00000000c8100000, 0x00000000c8100000| Complete 
| 130|0x00000000c8200000, 0x00000000c8300000, 0x00000000c8300000|100%| S|CS|TAMS 0x00000000c8200000, 0x00000000c8200000| Complete 
| 131|0x00000000c8300000, 0x00000000c8300000, 0x00000000c8400000|  0%| F|  |TAMS 0x00000000c8300000, 0x00000000c8300000| Untracked 
| 132|0x00000000c8400000, 0x00000000c8400000, 0x00000000c8500000|  0%| F|  |TAMS 0x00000000c8400000, 0x00000000c8400000| Untracked 
| 133|0x00000000c8500000, 0x00000000c8500000, 0x00000000c8600000|  0%| F|  |TAMS 0x00000000c8500000, 0x00000000c8500000| Untracked 
| 134|0x00000000c8600000, 0x00000000c8600000, 0x00000000c8700000|  0%| F|  |TAMS 0x00000000c8600000, 0x00000000c8600000| Untracked 
| 135|0x00000000c8700000, 0x00000000c8700000, 0x00000000c8800000|  0%| F|  |TAMS 0x00000000c8700000, 0x00000000c8700000| Untracked 
| 136|0x00000000c8800000, 0x00000000c8800000, 0x00000000c8900000|  0%| F|  |TAMS 0x00000000c8800000, 0x00000000c8800000| Untracked 
| 137|0x00000000c8900000, 0x00000000c8900000, 0x00000000c8a00000|  0%| F|  |TAMS 0x00000000c8900000, 0x00000000c8900000| Untracked 
| 138|0x00000000c8a00000, 0x00000000c8a00000, 0x00000000c8b00000|  0%| F|  |TAMS 0x00000000c8a00000, 0x00000000c8a00000| Untracked 
| 139|0x00000000c8b00000, 0x00000000c8b00000, 0x00000000c8c00000|  0%| F|  |TAMS 0x00000000c8b00000, 0x00000000c8b00000| Untracked 
| 140|0x00000000c8c00000, 0x00000000c8c00000, 0x00000000c8d00000|  0%| F|  |TAMS 0x00000000c8c00000, 0x00000000c8c00000| Untracked 
| 141|0x00000000c8d00000, 0x00000000c8d00000, 0x00000000c8e00000|  0%| F|  |TAMS 0x00000000c8d00000, 0x00000000c8d00000| Untracked 
| 142|0x00000000c8e00000, 0x00000000c8e00000, 0x00000000c8f00000|  0%| F|  |TAMS 0x00000000c8e00000, 0x00000000c8e00000| Untracked 
| 143|0x00000000c8f00000, 0x00000000c8f00000, 0x00000000c9000000|  0%| F|  |TAMS 0x00000000c8f00000, 0x00000000c8f00000| Untracked 
| 144|0x00000000c9000000, 0x00000000c9000000, 0x00000000c9100000|  0%| F|  |TAMS 0x00000000c9000000, 0x00000000c9000000| Untracked 
| 145|0x00000000c9100000, 0x00000000c9100000, 0x00000000c9200000|  0%| F|  |TAMS 0x00000000c9100000, 0x00000000c9100000| Untracked 
| 146|0x00000000c9200000, 0x00000000c9200000, 0x00000000c9300000|  0%| F|  |TAMS 0x00000000c9200000, 0x00000000c9200000| Untracked 
| 147|0x00000000c9300000, 0x00000000c9300000, 0x00000000c9400000|  0%| F|  |TAMS 0x00000000c9300000, 0x00000000c9300000| Untracked 
| 148|0x00000000c9400000, 0x00000000c9400000, 0x00000000c9500000|  0%| F|  |TAMS 0x00000000c9400000, 0x00000000c9400000| Untracked 
| 149|0x00000000c9500000, 0x00000000c9500000, 0x00000000c9600000|  0%| F|  |TAMS 0x00000000c9500000, 0x00000000c9500000| Untracked 
| 150|0x00000000c9600000, 0x00000000c9600000, 0x00000000c9700000|  0%| F|  |TAMS 0x00000000c9600000, 0x00000000c9600000| Untracked 
| 151|0x00000000c9700000, 0x00000000c9700000, 0x00000000c9800000|  0%| F|  |TAMS 0x00000000c9700000, 0x00000000c9700000| Untracked 
| 152|0x00000000c9800000, 0x00000000c9800000, 0x00000000c9900000|  0%| F|  |TAMS 0x00000000c9800000, 0x00000000c9800000| Untracked 
| 153|0x00000000c9900000, 0x00000000c9900000, 0x00000000c9a00000|  0%| F|  |TAMS 0x00000000c9900000, 0x00000000c9900000| Untracked 
| 154|0x00000000c9a00000, 0x00000000c9a00000, 0x00000000c9b00000|  0%| F|  |TAMS 0x00000000c9a00000, 0x00000000c9a00000| Untracked 
| 155|0x00000000c9b00000, 0x00000000c9b00000, 0x00000000c9c00000|  0%| F|  |TAMS 0x00000000c9b00000, 0x00000000c9b00000| Untracked 
| 156|0x00000000c9c00000, 0x00000000c9c00000, 0x00000000c9d00000|  0%| F|  |TAMS 0x00000000c9c00000, 0x00000000c9c00000| Untracked 
| 157|0x00000000c9d00000, 0x00000000c9d00000, 0x00000000c9e00000|  0%| F|  |TAMS 0x00000000c9d00000, 0x00000000c9d00000| Untracked 
| 158|0x00000000c9e00000, 0x00000000c9e00000, 0x00000000c9f00000|  0%| F|  |TAMS 0x00000000c9e00000, 0x00000000c9e00000| Untracked 
| 159|0x00000000c9f00000, 0x00000000c9f00000, 0x00000000ca000000|  0%| F|  |TAMS 0x00000000c9f00000, 0x00000000c9f00000| Untracked 
| 160|0x00000000ca000000, 0x00000000ca000000, 0x00000000ca100000|  0%| F|  |TAMS 0x00000000ca000000, 0x00000000ca000000| Untracked 
| 161|0x00000000ca100000, 0x00000000ca100000, 0x00000000ca200000|  0%| F|  |TAMS 0x00000000ca100000, 0x00000000ca100000| Untracked 
| 162|0x00000000ca200000, 0x00000000ca200000, 0x00000000ca300000|  0%| F|  |TAMS 0x00000000ca200000, 0x00000000ca200000| Untracked 
| 163|0x00000000ca300000, 0x00000000ca300000, 0x00000000ca400000|  0%| F|  |TAMS 0x00000000ca300000, 0x00000000ca300000| Untracked 
| 164|0x00000000ca400000, 0x00000000ca400000, 0x00000000ca500000|  0%| F|  |TAMS 0x00000000ca400000, 0x00000000ca400000| Untracked 
| 165|0x00000000ca500000, 0x00000000ca500000, 0x00000000ca600000|  0%| F|  |TAMS 0x00000000ca500000, 0x00000000ca500000| Untracked 
| 166|0x00000000ca600000, 0x00000000ca600000, 0x00000000ca700000|  0%| F|  |TAMS 0x00000000ca600000, 0x00000000ca600000| Untracked 
| 167|0x00000000ca700000, 0x00000000ca700000, 0x00000000ca800000|  0%| F|  |TAMS 0x00000000ca700000, 0x00000000ca700000| Untracked 
| 168|0x00000000ca800000, 0x00000000ca800000, 0x00000000ca900000|  0%| F|  |TAMS 0x00000000ca800000, 0x00000000ca800000| Untracked 
| 169|0x00000000ca900000, 0x00000000ca900000, 0x00000000caa00000|  0%| F|  |TAMS 0x00000000ca900000, 0x00000000ca900000| Untracked 
| 170|0x00000000caa00000, 0x00000000caa00000, 0x00000000cab00000|  0%| F|  |TAMS 0x00000000caa00000, 0x00000000caa00000| Untracked 
| 171|0x00000000cab00000, 0x00000000cab00000, 0x00000000cac00000|  0%| F|  |TAMS 0x00000000cab00000, 0x00000000cab00000| Untracked 
| 172|0x00000000cac00000, 0x00000000cac00000, 0x00000000cad00000|  0%| F|  |TAMS 0x00000000cac00000, 0x00000000cac00000| Untracked 
| 173|0x00000000cad00000, 0x00000000cad00000, 0x00000000cae00000|  0%| F|  |TAMS 0x00000000cad00000, 0x00000000cad00000| Untracked 
| 174|0x00000000cae00000, 0x00000000cae00000, 0x00000000caf00000|  0%| F|  |TAMS 0x00000000cae00000, 0x00000000cae00000| Untracked 
| 175|0x00000000caf00000, 0x00000000caf00000, 0x00000000cb000000|  0%| F|  |TAMS 0x00000000caf00000, 0x00000000caf00000| Untracked 
| 176|0x00000000cb000000, 0x00000000cb000000, 0x00000000cb100000|  0%| F|  |TAMS 0x00000000cb000000, 0x00000000cb000000| Untracked 
| 177|0x00000000cb100000, 0x00000000cb100000, 0x00000000cb200000|  0%| F|  |TAMS 0x00000000cb100000, 0x00000000cb100000| Untracked 
| 178|0x00000000cb200000, 0x00000000cb200000, 0x00000000cb300000|  0%| F|  |TAMS 0x00000000cb200000, 0x00000000cb200000| Untracked 
| 179|0x00000000cb300000, 0x00000000cb300000, 0x00000000cb400000|  0%| F|  |TAMS 0x00000000cb300000, 0x00000000cb300000| Untracked 
| 180|0x00000000cb400000, 0x00000000cb400000, 0x00000000cb500000|  0%| F|  |TAMS 0x00000000cb400000, 0x00000000cb400000| Untracked 
| 181|0x00000000cb500000, 0x00000000cb500000, 0x00000000cb600000|  0%| F|  |TAMS 0x00000000cb500000, 0x00000000cb500000| Untracked 
| 182|0x00000000cb600000, 0x00000000cb600000, 0x00000000cb700000|  0%| F|  |TAMS 0x00000000cb600000, 0x00000000cb600000| Untracked 
| 183|0x00000000cb700000, 0x00000000cb700000, 0x00000000cb800000|  0%| F|  |TAMS 0x00000000cb700000, 0x00000000cb700000| Untracked 
| 184|0x00000000cb800000, 0x00000000cb800000, 0x00000000cb900000|  0%| F|  |TAMS 0x00000000cb800000, 0x00000000cb800000| Untracked 
| 185|0x00000000cb900000, 0x00000000cb900000, 0x00000000cba00000|  0%| F|  |TAMS 0x00000000cb900000, 0x00000000cb900000| Untracked 
| 186|0x00000000cba00000, 0x00000000cba00000, 0x00000000cbb00000|  0%| F|  |TAMS 0x00000000cba00000, 0x00000000cba00000| Untracked 
| 187|0x00000000cbb00000, 0x00000000cbb00000, 0x00000000cbc00000|  0%| F|  |TAMS 0x00000000cbb00000, 0x00000000cbb00000| Untracked 
| 188|0x00000000cbc00000, 0x00000000cbc00000, 0x00000000cbd00000|  0%| F|  |TAMS 0x00000000cbc00000, 0x00000000cbc00000| Untracked 
| 189|0x00000000cbd00000, 0x00000000cbd00000, 0x00000000cbe00000|  0%| F|  |TAMS 0x00000000cbd00000, 0x00000000cbd00000| Untracked 
| 190|0x00000000cbe00000, 0x00000000cbe00000, 0x00000000cbf00000|  0%| F|  |TAMS 0x00000000cbe00000, 0x00000000cbe00000| Untracked 
| 191|0x00000000cbf00000, 0x00000000cbf00000, 0x00000000cc000000|  0%| F|  |TAMS 0x00000000cbf00000, 0x00000000cbf00000| Untracked 
| 192|0x00000000cc000000, 0x00000000cc000000, 0x00000000cc100000|  0%| F|  |TAMS 0x00000000cc000000, 0x00000000cc000000| Untracked 
| 193|0x00000000cc100000, 0x00000000cc100000, 0x00000000cc200000|  0%| F|  |TAMS 0x00000000cc100000, 0x00000000cc100000| Untracked 
| 194|0x00000000cc200000, 0x00000000cc200000, 0x00000000cc300000|  0%| F|  |TAMS 0x00000000cc200000, 0x00000000cc200000| Untracked 
| 195|0x00000000cc300000, 0x00000000cc300000, 0x00000000cc400000|  0%| F|  |TAMS 0x00000000cc300000, 0x00000000cc300000| Untracked 
| 196|0x00000000cc400000, 0x00000000cc400000, 0x00000000cc500000|  0%| F|  |TAMS 0x00000000cc400000, 0x00000000cc400000| Untracked 
| 197|0x00000000cc500000, 0x00000000cc500000, 0x00000000cc600000|  0%| F|  |TAMS 0x00000000cc500000, 0x00000000cc500000| Untracked 
| 198|0x00000000cc600000, 0x00000000cc600000, 0x00000000cc700000|  0%| F|  |TAMS 0x00000000cc600000, 0x00000000cc600000| Untracked 
| 199|0x00000000cc700000, 0x00000000cc700000, 0x00000000cc800000|  0%| F|  |TAMS 0x00000000cc700000, 0x00000000cc700000| Untracked 
| 200|0x00000000cc800000, 0x00000000cc800000, 0x00000000cc900000|  0%| F|  |TAMS 0x00000000cc800000, 0x00000000cc800000| Untracked 
| 201|0x00000000cc900000, 0x00000000cc900000, 0x00000000cca00000|  0%| F|  |TAMS 0x00000000cc900000, 0x00000000cc900000| Untracked 
| 202|0x00000000cca00000, 0x00000000cca00000, 0x00000000ccb00000|  0%| F|  |TAMS 0x00000000cca00000, 0x00000000cca00000| Untracked 
| 203|0x00000000ccb00000, 0x00000000ccb00000, 0x00000000ccc00000|  0%| F|  |TAMS 0x00000000ccb00000, 0x00000000ccb00000| Untracked 
| 204|0x00000000ccc00000, 0x00000000ccc00000, 0x00000000ccd00000|  0%| F|  |TAMS 0x00000000ccc00000, 0x00000000ccc00000| Untracked 
| 205|0x00000000ccd00000, 0x00000000ccd00000, 0x00000000cce00000|  0%| F|  |TAMS 0x00000000ccd00000, 0x00000000ccd00000| Untracked 
| 206|0x00000000cce00000, 0x00000000cce00000, 0x00000000ccf00000|  0%| F|  |TAMS 0x00000000cce00000, 0x00000000cce00000| Untracked 
| 207|0x00000000ccf00000, 0x00000000ccf00000, 0x00000000cd000000|  0%| F|  |TAMS 0x00000000ccf00000, 0x00000000ccf00000| Untracked 
| 208|0x00000000cd000000, 0x00000000cd000000, 0x00000000cd100000|  0%| F|  |TAMS 0x00000000cd000000, 0x00000000cd000000| Untracked 
| 209|0x00000000cd100000, 0x00000000cd100000, 0x00000000cd200000|  0%| F|  |TAMS 0x00000000cd100000, 0x00000000cd100000| Untracked 
| 210|0x00000000cd200000, 0x00000000cd200000, 0x00000000cd300000|  0%| F|  |TAMS 0x00000000cd200000, 0x00000000cd200000| Untracked 
| 211|0x00000000cd300000, 0x00000000cd300000, 0x00000000cd400000|  0%| F|  |TAMS 0x00000000cd300000, 0x00000000cd300000| Untracked 
| 212|0x00000000cd400000, 0x00000000cd400000, 0x00000000cd500000|  0%| F|  |TAMS 0x00000000cd400000, 0x00000000cd400000| Untracked 
| 213|0x00000000cd500000, 0x00000000cd500000, 0x00000000cd600000|  0%| F|  |TAMS 0x00000000cd500000, 0x00000000cd500000| Untracked 
| 214|0x00000000cd600000, 0x00000000cd600000, 0x00000000cd700000|  0%| F|  |TAMS 0x00000000cd600000, 0x00000000cd600000| Untracked 
| 215|0x00000000cd700000, 0x00000000cd700000, 0x00000000cd800000|  0%| F|  |TAMS 0x00000000cd700000, 0x00000000cd700000| Untracked 
| 216|0x00000000cd800000, 0x00000000cd800000, 0x00000000cd900000|  0%| F|  |TAMS 0x00000000cd800000, 0x00000000cd800000| Untracked 
| 217|0x00000000cd900000, 0x00000000cd900000, 0x00000000cda00000|  0%| F|  |TAMS 0x00000000cd900000, 0x00000000cd900000| Untracked 
| 218|0x00000000cda00000, 0x00000000cda00000, 0x00000000cdb00000|  0%| F|  |TAMS 0x00000000cda00000, 0x00000000cda00000| Untracked 
| 219|0x00000000cdb00000, 0x00000000cdb00000, 0x00000000cdc00000|  0%| F|  |TAMS 0x00000000cdb00000, 0x00000000cdb00000| Untracked 
| 220|0x00000000cdc00000, 0x00000000cdc00000, 0x00000000cdd00000|  0%| F|  |TAMS 0x00000000cdc00000, 0x00000000cdc00000| Untracked 
| 221|0x00000000cdd00000, 0x00000000cdd00000, 0x00000000cde00000|  0%| F|  |TAMS 0x00000000cdd00000, 0x00000000cdd00000| Untracked 
| 222|0x00000000cde00000, 0x00000000cde00000, 0x00000000cdf00000|  0%| F|  |TAMS 0x00000000cde00000, 0x00000000cde00000| Untracked 
| 223|0x00000000cdf00000, 0x00000000cdf00000, 0x00000000ce000000|  0%| F|  |TAMS 0x00000000cdf00000, 0x00000000cdf00000| Untracked 
| 224|0x00000000ce000000, 0x00000000ce000000, 0x00000000ce100000|  0%| F|  |TAMS 0x00000000ce000000, 0x00000000ce000000| Untracked 
| 225|0x00000000ce100000, 0x00000000ce100000, 0x00000000ce200000|  0%| F|  |TAMS 0x00000000ce100000, 0x00000000ce100000| Untracked 
| 226|0x00000000ce200000, 0x00000000ce200000, 0x00000000ce300000|  0%| F|  |TAMS 0x00000000ce200000, 0x00000000ce200000| Untracked 
| 227|0x00000000ce300000, 0x00000000ce300000, 0x00000000ce400000|  0%| F|  |TAMS 0x00000000ce300000, 0x00000000ce300000| Untracked 
| 228|0x00000000ce400000, 0x00000000ce400000, 0x00000000ce500000|  0%| F|  |TAMS 0x00000000ce400000, 0x00000000ce400000| Untracked 
| 229|0x00000000ce500000, 0x00000000ce500000, 0x00000000ce600000|  0%| F|  |TAMS 0x00000000ce500000, 0x00000000ce500000| Untracked 
| 230|0x00000000ce600000, 0x00000000ce600000, 0x00000000ce700000|  0%| F|  |TAMS 0x00000000ce600000, 0x00000000ce600000| Untracked 
| 231|0x00000000ce700000, 0x00000000ce700000, 0x00000000ce800000|  0%| F|  |TAMS 0x00000000ce700000, 0x00000000ce700000| Untracked 
| 232|0x00000000ce800000, 0x00000000ce800000, 0x00000000ce900000|  0%| F|  |TAMS 0x00000000ce800000, 0x00000000ce800000| Untracked 
| 233|0x00000000ce900000, 0x00000000ce900000, 0x00000000cea00000|  0%| F|  |TAMS 0x00000000ce900000, 0x00000000ce900000| Untracked 
| 234|0x00000000cea00000, 0x00000000cea00000, 0x00000000ceb00000|  0%| F|  |TAMS 0x00000000cea00000, 0x00000000cea00000| Untracked 
| 235|0x00000000ceb00000, 0x00000000ceb00000, 0x00000000cec00000|  0%| F|  |TAMS 0x00000000ceb00000, 0x00000000ceb00000| Untracked 
| 236|0x00000000cec00000, 0x00000000cec00000, 0x00000000ced00000|  0%| F|  |TAMS 0x00000000cec00000, 0x00000000cec00000| Untracked 
| 237|0x00000000ced00000, 0x00000000ced00000, 0x00000000cee00000|  0%| F|  |TAMS 0x00000000ced00000, 0x00000000ced00000| Untracked 
| 238|0x00000000cee00000, 0x00000000cee00000, 0x00000000cef00000|  0%| F|  |TAMS 0x00000000cee00000, 0x00000000cee00000| Untracked 
| 239|0x00000000cef00000, 0x00000000cef00000, 0x00000000cf000000|  0%| F|  |TAMS 0x00000000cef00000, 0x00000000cef00000| Untracked 
| 240|0x00000000cf000000, 0x00000000cf000000, 0x00000000cf100000|  0%| F|  |TAMS 0x00000000cf000000, 0x00000000cf000000| Untracked 
| 241|0x00000000cf100000, 0x00000000cf100000, 0x00000000cf200000|  0%| F|  |TAMS 0x00000000cf100000, 0x00000000cf100000| Untracked 
| 242|0x00000000cf200000, 0x00000000cf200000, 0x00000000cf300000|  0%| F|  |TAMS 0x00000000cf200000, 0x00000000cf200000| Untracked 
| 243|0x00000000cf300000, 0x00000000cf300000, 0x00000000cf400000|  0%| F|  |TAMS 0x00000000cf300000, 0x00000000cf300000| Untracked 
| 244|0x00000000cf400000, 0x00000000cf400000, 0x00000000cf500000|  0%| F|  |TAMS 0x00000000cf400000, 0x00000000cf400000| Untracked 
| 245|0x00000000cf500000, 0x00000000cf500000, 0x00000000cf600000|  0%| F|  |TAMS 0x00000000cf500000, 0x00000000cf500000| Untracked 
| 246|0x00000000cf600000, 0x00000000cf600000, 0x00000000cf700000|  0%| F|  |TAMS 0x00000000cf600000, 0x00000000cf600000| Untracked 
| 247|0x00000000cf700000, 0x00000000cf700000, 0x00000000cf800000|  0%| F|  |TAMS 0x00000000cf700000, 0x00000000cf700000| Untracked 
| 248|0x00000000cf800000, 0x00000000cf800000, 0x00000000cf900000|  0%| F|  |TAMS 0x00000000cf800000, 0x00000000cf800000| Untracked 
| 249|0x00000000cf900000, 0x00000000cf900000, 0x00000000cfa00000|  0%| F|  |TAMS 0x00000000cf900000, 0x00000000cf900000| Untracked 
| 250|0x00000000cfa00000, 0x00000000cfa00000, 0x00000000cfb00000|  0%| F|  |TAMS 0x00000000cfa00000, 0x00000000cfa00000| Untracked 
| 251|0x00000000cfb00000, 0x00000000cfb00000, 0x00000000cfc00000|  0%| F|  |TAMS 0x00000000cfb00000, 0x00000000cfb00000| Untracked 
| 252|0x00000000cfc00000, 0x00000000cfc00000, 0x00000000cfd00000|  0%| F|  |TAMS 0x00000000cfc00000, 0x00000000cfc00000| Untracked 

Card table byte_map: [0x000001df7f3c0000,0x000001df7f5c0000] _byte_map_base: 0x000001df7edc0000

Marking Bits (Prev, Next): (CMBitMap*) 0x000001df7c478df0, (CMBitMap*) 0x000001df7c478db0
 Prev Bits: [0x000001df04000000, 0x000001df05000000)
 Next Bits: [0x000001df03000000, 0x000001df04000000)

Polling page: 0x000001df7bbf0000

Metaspace:

Usage:
  Non-class:     30.11 MB used.
      Class:      4.49 MB used.
       Both:     34.59 MB used.

Virtual space:
  Non-class space:       32.00 MB reserved,      30.25 MB ( 95%) committed,  4 nodes.
      Class space:        1.00 GB reserved,       4.69 MB ( <1%) committed,  1 nodes.
             Both:        1.03 GB reserved,      34.94 MB (  3%) committed. 

Chunk freelists:
   Non-Class:  1.25 MB
       Class:  3.22 MB
        Both:  4.47 MB

MaxMetaspaceSize: unlimited
CompressedClassSpaceSize: 1.00 GB
Initial GC threshold: 21.00 MB
Current GC threshold: 58.12 MB
CDS: off
MetaspaceReclaimPolicy: balanced
 - commit_granule_bytes: 65536.
 - commit_granule_words: 8192.
 - virtual_space_node_default_size: 1048576.
 - enlarge_chunks_in_place: 1.
 - new_chunks_are_fully_committed: 0.
 - uncommit_free_chunks: 1.
 - use_allocation_guard: 0.
 - handle_deallocations: 1.


Internal statistics:

num_allocs_failed_limit: 5.
num_arena_births: 452.
num_arena_deaths: 0.
num_vsnodes_births: 5.
num_vsnodes_deaths: 0.
num_space_committed: 559.
num_space_uncommitted: 0.
num_chunks_returned_to_freelist: 5.
num_chunks_taken_from_freelist: 1479.
num_chunk_merges: 5.
num_chunk_splits: 1006.
num_chunks_enlarged: 749.
num_purges: 0.
num_inconsistent_stats: 0.

CodeCache: size=49152Kb used=9120Kb max_used=9120Kb free=40031Kb
 bounds [0x000001df00000000, 0x000001df008f0000, 0x000001df03000000]
 total_blobs=4307 nmethods=3767 adapters=464
 compilation: enabled
              stopped_count=0, restarted_count=0
 full_count=0

Compilation events (20 events):
Event: 1.848 Thread 0x000001df07305440 3756       1       java.util.Optional::map (30 bytes)
Event: 1.848 Thread 0x000001df07f09d20 3757       1       jdk.internal.module.SystemModuleFinders$SystemModuleReader$$Lambda$206/0x00000001001d23f8::apply (12 bytes)
Event: 1.848 Thread 0x000001df07f09d20 nmethod 3757 0x000001df008e1410 code [0x000001df008e15a0, 0x000001df008e16c8]
Event: 1.848 Thread 0x000001df07f09d20 3753       1       jdk.internal.module.SystemModuleFinders$SystemModuleReader::release (10 bytes)
Event: 1.848 Thread 0x000001df07305440 nmethod 3756 0x000001df008e1790 code [0x000001df008e1940, 0x000001df008e1bf8]
Event: 1.848 Thread 0x000001df07f09d20 nmethod 3753 0x000001df008e1d10 code [0x000001df008e1ec0, 0x000001df008e20b8]
Event: 1.848 Thread 0x000001df07305440 3754       1       jdk.internal.jimage.ImageReader::releaseByteBuffer (5 bytes)
Event: 1.848 Thread 0x000001df07f09d20 3755       1       jdk.internal.jimage.BasicImageReader::releaseByteBuffer (16 bytes)
Event: 1.848 Thread 0x000001df08e047e0 nmethod 3759 0x000001df008e2210 code [0x000001df008e2420, 0x000001df008e29e8]
Event: 1.848 Thread 0x000001df08e047e0 3758       1       java.nio.HeapByteBuffer::get (64 bytes)
Event: 1.848 Thread 0x000001df07f09d20 nmethod 3755 0x000001df008e2d10 code [0x000001df008e2ea0, 0x000001df008e2fe8]
Event: 1.848 Thread 0x000001df07305440 nmethod 3754 0x000001df008e3090 code [0x000001df008e3220, 0x000001df008e3368]
Event: 1.848 Thread 0x000001df07f09d20 3760   !   1       jdk.internal.module.SystemModuleFinders$SystemModuleReader::toInputStream (43 bytes)
Event: 1.848 Thread 0x000001df07305440 3766   !   1       jdk.internal.reflect.GeneratedMethodAccessor19::invoke (67 bytes)
Event: 1.849 Thread 0x000001df07305440 nmethod 3766 0x000001df008e3410 code [0x000001df008e3600, 0x000001df008e3a38]
Event: 1.849 Thread 0x000001df08e047e0 nmethod 3758 0x000001df008e3d10 code [0x000001df008e3f00, 0x000001df008e4298]
Event: 1.849 Thread 0x000001df07f09d20 nmethod 3760 0x000001df008e4490 code [0x000001df008e4680, 0x000001df008e4ba8]
Event: 1.849 Thread 0x000001df07f14710 nmethod 3761 0x000001df008e4e90 code [0x000001df008e5200, 0x000001df008e6028]
Event: 1.876 Thread 0x000001df07f09d20 3767  s!   1       jdk.internal.loader.URLClassPath::getLoader (196 bytes)
Event: 1.877 Thread 0x000001df07f09d20 nmethod 3767 0x000001df008e6b90 code [0x000001df008e6e40, 0x000001df008e7858]

GC Heap History (20 events):
Event: 1.624 GC heap after
{Heap after GC invocations=11 (full 0):
 garbage-first heap   total 105472K, used 31904K [0x00000000c0000000, 0x0000000100000000)
  region size 1024K, 3 young (3072K), 3 survivors (3072K)
 Metaspace       used 35265K, committed 35712K, reserved 1081344K
  class space    used 4569K, committed 4800K, reserved 1048576K
}
Event: 1.674 GC heap before
{Heap before GC invocations=12 (full 0):
 garbage-first heap   total 105472K, used 71840K [0x00000000c0000000, 0x0000000100000000)
  region size 1024K, 42 young (43008K), 3 survivors (3072K)
 Metaspace       used 35265K, committed 35712K, reserved 1081344K
  class space    used 4569K, committed 4800K, reserved 1048576K
}
Event: 1.679 GC heap after
{Heap after GC invocations=13 (full 0):
 garbage-first heap   total 105472K, used 40098K [0x00000000c0000000, 0x0000000100000000)
  region size 1024K, 6 young (6144K), 6 survivors (6144K)
 Metaspace       used 35265K, committed 35712K, reserved 1081344K
  class space    used 4569K, committed 4800K, reserved 1048576K
}
Event: 1.731 GC heap before
{Heap before GC invocations=13 (full 0):
 garbage-first heap   total 105472K, used 71842K [0x00000000c0000000, 0x0000000100000000)
  region size 1024K, 38 young (38912K), 6 survivors (6144K)
 Metaspace       used 35265K, committed 35712K, reserved 1081344K
  class space    used 4569K, committed 4800K, reserved 1048576K
}
Event: 1.737 GC heap after
{Heap after GC invocations=14 (full 0):
 garbage-first heap   total 105472K, used 48321K [0x00000000c0000000, 0x0000000100000000)
  region size 1024K, 5 young (5120K), 5 survivors (5120K)
 Metaspace       used 35265K, committed 35712K, reserved 1081344K
  class space    used 4569K, committed 4800K, reserved 1048576K
}
Event: 1.804 GC heap before
{Heap before GC invocations=14 (full 0):
 garbage-first heap   total 105472K, used 78017K [0x00000000c0000000, 0x0000000100000000)
  region size 1024K, 32 young (32768K), 5 survivors (5120K)
 Metaspace       used 35267K, committed 35712K, reserved 1081344K
  class space    used 4571K, committed 4800K, reserved 1048576K
}
Event: 1.819 GC heap after
{Heap after GC invocations=15 (full 0):
 garbage-first heap   total 105472K, used 64362K [0x00000000c0000000, 0x0000000100000000)
  region size 1024K, 4 young (4096K), 4 survivors (4096K)
 Metaspace       used 35267K, committed 35712K, reserved 1081344K
  class space    used 4571K, committed 4800K, reserved 1048576K
}
Event: 1.828 GC heap before
{Heap before GC invocations=15 (full 0):
 garbage-first heap   total 105472K, used 77674K [0x00000000c0000000, 0x0000000100000000)
  region size 1024K, 18 young (18432K), 4 survivors (4096K)
 Metaspace       used 35317K, committed 35712K, reserved 1081344K
  class space    used 4578K, committed 4800K, reserved 1048576K
}
Event: 1.833 GC heap after
{Heap after GC invocations=16 (full 0):
 garbage-first heap   total 105472K, used 66987K [0x00000000c0000000, 0x0000000100000000)
  region size 1024K, 2 young (2048K), 2 survivors (2048K)
 Metaspace       used 35317K, committed 35712K, reserved 1081344K
  class space    used 4578K, committed 4800K, reserved 1048576K
}
Event: 1.841 GC heap before
{Heap before GC invocations=16 (full 0):
 garbage-first heap   total 105472K, used 79275K [0x00000000c0000000, 0x0000000100000000)
  region size 1024K, 15 young (15360K), 2 survivors (2048K)
 Metaspace       used 35321K, committed 35712K, reserved 1081344K
  class space    used 4579K, committed 4800K, reserved 1048576K
}
Event: 1.846 GC heap after
{Heap after GC invocations=17 (full 0):
 garbage-first heap   total 259072K, used 67974K [0x00000000c0000000, 0x0000000100000000)
  region size 1024K, 1 young (1024K), 1 survivors (1024K)
 Metaspace       used 35321K, committed 35712K, reserved 1081344K
  class space    used 4579K, committed 4800K, reserved 1048576K
}
Event: 1.869 GC heap before
{Heap before GC invocations=17 (full 0):
 garbage-first heap   total 259072K, used 144774K [0x00000000c0000000, 0x0000000100000000)
  region size 1024K, 77 young (78848K), 1 survivors (1024K)
 Metaspace       used 35341K, committed 35712K, reserved 1081344K
  class space    used 4583K, committed 4800K, reserved 1048576K
}
Event: 1.871 GC heap after
{Heap after GC invocations=18 (full 0):
 garbage-first heap   total 259072K, used 71053K [0x00000000c0000000, 0x0000000100000000)
  region size 1024K, 4 young (4096K), 4 survivors (4096K)
 Metaspace       used 35341K, committed 35712K, reserved 1081344K
  class space    used 4583K, committed 4800K, reserved 1048576K
}
Event: 1.916 GC heap before
{Heap before GC invocations=19 (full 0):
 garbage-first heap   total 259072K, used 179597K [0x00000000c0000000, 0x0000000100000000)
  region size 1024K, 112 young (114688K), 4 survivors (4096K)
 Metaspace       used 35421K, committed 35776K, reserved 1081344K
  class space    used 4593K, committed 4800K, reserved 1048576K
}
Event: 1.921 GC heap after
{Heap after GC invocations=20 (full 0):
 garbage-first heap   total 259072K, used 74388K [0x00000000c0000000, 0x0000000100000000)
  region size 1024K, 9 young (9216K), 9 survivors (9216K)
 Metaspace       used 35421K, committed 35776K, reserved 1081344K
  class space    used 4593K, committed 4800K, reserved 1048576K
}
Event: 1.922 GC heap before
{Heap before GC invocations=20 (full 0):
 garbage-first heap   total 259072K, used 76436K [0x00000000c0000000, 0x0000000100000000)
  region size 1024K, 12 young (12288K), 9 survivors (9216K)
 Metaspace       used 35421K, committed 35776K, reserved 1081344K
  class space    used 4593K, committed 4800K, reserved 1048576K
}
Event: 1.926 GC heap after
{Heap after GC invocations=21 (full 0):
 garbage-first heap   total 259072K, used 74493K [0x00000000c0000000, 0x0000000100000000)
  region size 1024K, 1 young (1024K), 1 survivors (1024K)
 Metaspace       used 35421K, committed 35776K, reserved 1081344K
  class space    used 4593K, committed 4800K, reserved 1048576K
}
Event: 1.951 GC heap before
{Heap before GC invocations=21 (full 0):
 garbage-first heap   total 259072K, used 190205K [0x00000000c0000000, 0x0000000100000000)
  region size 1024K, 115 young (117760K), 1 survivors (1024K)
 Metaspace       used 35421K, committed 35776K, reserved 1081344K
  class space    used 4593K, committed 4800K, reserved 1048576K
}
Event: 1.953 GC heap after
{Heap after GC invocations=22 (full 0):
 garbage-first heap   total 259072K, used 78157K [0x00000000c0000000, 0x0000000100000000)
  region size 1024K, 5 young (5120K), 5 survivors (5120K)
 Metaspace       used 35421K, committed 35776K, reserved 1081344K
  class space    used 4593K, committed 4800K, reserved 1048576K
}
Event: 1.980 GC heap before
{Heap before GC invocations=22 (full 0):
 garbage-first heap   total 259072K, used 196941K [0x00000000c0000000, 0x0000000100000000)
  region size 1024K, 122 young (124928K), 5 survivors (5120K)
 Metaspace       used 35421K, committed 35776K, reserved 1081344K
  class space    used 4593K, committed 4800K, reserved 1048576K
}

Dll operation events (8 events):
Event: 0.005 Loaded shared library c:\Users\Vidusha\.vscode\extensions\redhat.java-1.15.0-win32-x64\jre\17.0.6-win32-x86_64\bin\java.dll
Event: 0.116 Loaded shared library C:\Users\Vidusha\.vscode\extensions\redhat.java-1.15.0-win32-x64\jre\17.0.6-win32-x86_64\bin\net.dll
Event: 0.117 Loaded shared library C:\Users\Vidusha\.vscode\extensions\redhat.java-1.15.0-win32-x64\jre\17.0.6-win32-x86_64\bin\nio.dll
Event: 0.122 Loaded shared library C:\Users\Vidusha\.vscode\extensions\redhat.java-1.15.0-win32-x64\jre\17.0.6-win32-x86_64\bin\zip.dll
Event: 0.195 Loaded shared library C:\Users\Vidusha\.vscode\extensions\redhat.java-1.15.0-win32-x64\jre\17.0.6-win32-x86_64\bin\jimage.dll
Event: 0.248 Loaded shared library c:\Users\Vidusha\.vscode\extensions\redhat.java-1.15.0-win32-x64\jre\17.0.6-win32-x86_64\bin\verify.dll
Event: 1.357 Loaded shared library C:\Users\Vidusha\.vscode\extensions\redhat.java-1.15.0-win32-x64\jre\17.0.6-win32-x86_64\bin\management.dll
Event: 1.359 Loaded shared library C:\Users\Vidusha\.vscode\extensions\redhat.java-1.15.0-win32-x64\jre\17.0.6-win32-x86_64\bin\management_ext.dll

Deoptimization events (10 events):
Event: 0.746 Thread 0x000001df7c439e50 DEOPT PACKING pc=0x000001df00592b99 sp=0x000000623a1fd870
Event: 0.746 Thread 0x000001df7c439e50 DEOPT UNPACKING pc=0x000001df0005ace3 sp=0x000000623a1fcd50 mode 3
Event: 1.474 Thread 0x000001df09501ac0 DEOPT PACKING pc=0x000001df007927b5 sp=0x000000623c3fcfc0
Event: 1.474 Thread 0x000001df09501ac0 DEOPT UNPACKING pc=0x000001df0005ace3 sp=0x000000623c3fc4e8 mode 3
Event: 1.510 Thread 0x000001df09512f70 DEOPT PACKING pc=0x000001df007aa0ab sp=0x000000623c4fe4b0
Event: 1.510 Thread 0x000001df09512f70 DEOPT UNPACKING pc=0x000001df0005ace3 sp=0x000000623c4fd9f8 mode 3
Event: 1.590 Thread 0x000001df09562bd0 DEOPT PACKING pc=0x000001df00591d01 sp=0x000000623c5fec20
Event: 1.590 Thread 0x000001df09562bd0 DEOPT UNPACKING pc=0x000001df0005ace3 sp=0x000000623c5fe0b0 mode 3
Event: 1.752 Thread 0x000001df09561d60 DEOPT PACKING pc=0x000001df0058f517 sp=0x000000623c8fed10
Event: 1.752 Thread 0x000001df09561d60 DEOPT UNPACKING pc=0x000001df0005ace3 sp=0x000000623c8fe168 mode 3

Classes unloaded (0 events):
No events

Classes redefined (0 events):
No events

Internal exceptions (20 events):
Event: 1.524 Thread 0x000001df095630a0 Exception <a 'sun/nio/fs/WindowsException'{0x00000000c23859d8}> (0x00000000c23859d8) 
thrown [s\src\hotspot\share\prims\jni.cpp, line 516]
Event: 1.524 Thread 0x000001df095630a0 Exception <a 'sun/nio/fs/WindowsException'{0x00000000c2385db8}> (0x00000000c2385db8) 
thrown [s\src\hotspot\share\prims\jni.cpp, line 516]
Event: 1.525 Thread 0x000001df095630a0 Exception <a 'sun/nio/fs/WindowsException'{0x00000000c2386808}> (0x00000000c2386808) 
thrown [s\src\hotspot\share\prims\jni.cpp, line 516]
Event: 1.525 Thread 0x000001df095630a0 Exception <a 'sun/nio/fs/WindowsException'{0x00000000c2386c18}> (0x00000000c2386c18) 
thrown [s\src\hotspot\share\prims\jni.cpp, line 516]
Event: 1.525 Thread 0x000001df095630a0 Exception <a 'sun/nio/fs/WindowsException'{0x00000000c2387640}> (0x00000000c2387640) 
thrown [s\src\hotspot\share\prims\jni.cpp, line 516]
Event: 1.525 Thread 0x000001df095630a0 Exception <a 'sun/nio/fs/WindowsException'{0x00000000c2387a20}> (0x00000000c2387a20) 
thrown [s\src\hotspot\share\prims\jni.cpp, line 516]
Event: 1.525 Thread 0x000001df095630a0 Exception <a 'sun/nio/fs/WindowsException'{0x00000000c2388420}> (0x00000000c2388420) 
thrown [s\src\hotspot\share\prims\jni.cpp, line 516]
Event: 1.525 Thread 0x000001df095630a0 Exception <a 'sun/nio/fs/WindowsException'{0x00000000c23887d0}> (0x00000000c23887d0) 
thrown [s\src\hotspot\share\prims\jni.cpp, line 516]
Event: 1.525 Thread 0x000001df095630a0 Exception <a 'sun/nio/fs/WindowsException'{0x00000000c23891d8}> (0x00000000c23891d8) 
thrown [s\src\hotspot\share\prims\jni.cpp, line 516]
Event: 1.525 Thread 0x000001df095630a0 Exception <a 'sun/nio/fs/WindowsException'{0x00000000c2389598}> (0x00000000c2389598) 
thrown [s\src\hotspot\share\prims\jni.cpp, line 516]
Event: 1.525 Thread 0x000001df095630a0 Exception <a 'sun/nio/fs/WindowsException'{0x00000000c2389f98}> (0x00000000c2389f98) 
thrown [s\src\hotspot\share\prims\jni.cpp, line 516]
Event: 1.525 Thread 0x000001df095630a0 Exception <a 'sun/nio/fs/WindowsException'{0x00000000c238a348}> (0x00000000c238a348) 
thrown [s\src\hotspot\share\prims\jni.cpp, line 516]
Event: 1.525 Thread 0x000001df095630a0 Exception <a 'sun/nio/fs/WindowsException'{0x00000000c238ad50}> (0x00000000c238ad50) 
thrown [s\src\hotspot\share\prims\jni.cpp, line 516]
Event: 1.525 Thread 0x000001df095630a0 Exception <a 'sun/nio/fs/WindowsException'{0x00000000c238b110}> (0x00000000c238b110) 
thrown [s\src\hotspot\share\prims\jni.cpp, line 516]
Event: 1.525 Thread 0x000001df095630a0 Exception <a 'sun/nio/fs/WindowsException'{0x00000000c238bb38}> (0x00000000c238bb38) 
thrown [s\src\hotspot\share\prims\jni.cpp, line 516]
Event: 1.525 Thread 0x000001df095630a0 Exception <a 'sun/nio/fs/WindowsException'{0x00000000c238bf18}> (0x00000000c238bf18) 
thrown [s\src\hotspot\share\prims\jni.cpp, line 516]
Event: 1.525 Thread 0x000001df095630a0 Exception <a 'sun/nio/fs/WindowsException'{0x00000000c238c950}> (0x00000000c238c950) 
thrown [s\src\hotspot\share\prims\jni.cpp, line 516]
Event: 1.525 Thread 0x000001df095630a0 Exception <a 'sun/nio/fs/WindowsException'{0x00000000c238cd40}> (0x00000000c238cd40) 
thrown [s\src\hotspot\share\prims\jni.cpp, line 516]
Event: 1.525 Thread 0x000001df095630a0 Exception <a 'sun/nio/fs/WindowsException'{0x00000000c238d770}> (0x00000000c238d770) 
thrown [s\src\hotspot\share\prims\jni.cpp, line 516]
Event: 1.525 Thread 0x000001df095630a0 Exception <a 'sun/nio/fs/WindowsException'{0x00000000c238db60}> (0x00000000c238db60) 
thrown [s\src\hotspot\share\prims\jni.cpp, line 516]

VM Operations (20 events):
Event: 1.894 Executing VM operation: G1Concurrent done
Event: 1.916 Executing VM operation: G1CollectForAllocation
Event: 1.916 Executing VM operation: G1CollectForAllocation done
Event: 1.916 Executing VM operation: G1Concurrent
Event: 1.916 Executing VM operation: G1Concurrent done
Event: 1.916 Executing VM operation: G1CollectForAllocation
Event: 1.916 Executing VM operation: G1CollectForAllocation done
Event: 1.916 Executing VM operation: G1CollectForAllocation
Event: 1.921 Executing VM operation: G1CollectForAllocation done
Event: 1.922 Executing VM operation: G1CollectForAllocation
Event: 1.922 Executing VM operation: G1CollectForAllocation done
Event: 1.922 Executing VM operation: G1CollectForAllocation
Event: 1.926 Executing VM operation: G1CollectForAllocation done
Event: 1.950 Executing VM operation: G1CollectForAllocation
Event: 1.951 Executing VM operation: G1CollectForAllocation done
Event: 1.951 Executing VM operation: G1CollectForAllocation
Event: 1.953 Executing VM operation: G1CollectForAllocation done
Event: 1.980 Executing VM operation: G1CollectForAllocation
Event: 1.980 Executing VM operation: G1CollectForAllocation done
Event: 1.980 Executing VM operation: G1CollectForAllocation

Events (20 events):
Event: 1.596 loading class java/util/stream/Collectors$1PairBox
Event: 1.597 loading class java/util/stream/Collectors$1PairBox done
Event: 1.597 loading class jdk/internal/module/SystemModuleFinders$ModuleContentSpliterator
Event: 1.597 loading class jdk/internal/module/SystemModuleFinders$ModuleContentSpliterator done
Event: 1.597 loading class jdk/internal/jimage/ImageReader$Directory
Event: 1.597 loading class jdk/internal/jimage/ImageReader$Node
Event: 1.597 loading class jdk/internal/jimage/ImageReader$Node done
Event: 1.597 loading class jdk/internal/jimage/ImageReader$Directory done
Event: 1.597 loading class jdk/internal/jimage/ImageReader$SharedImageReader$LocationVisitor
Event: 1.597 loading class jdk/internal/jimage/ImageReader$SharedImageReader$LocationVisitor done
Event: 1.597 loading class java/nio/ByteBufferAsIntBufferL
Event: 1.598 loading class java/nio/ByteBufferAsIntBufferL done
Event: 1.598 loading class jdk/internal/jimage/ImageReader$Resource
Event: 1.598 loading class jdk/internal/jimage/ImageReader$Resource done
Event: 1.598 loading class java/util/stream/LongStream
Event: 1.598 loading class java/util/concurrent/locks/AbstractQueuedSynchronizer$SharedNode
Event: 1.598 loading class java/util/concurrent/locks/AbstractQueuedSynchronizer$SharedNode done
Event: 1.598 loading class java/util/stream/LongStream done
Event: 1.598 loading class java/util/stream/DoubleStream
Event: 1.599 loading class java/util/stream/DoubleStream done


Dynamic libraries:
0x00007ff7222e0000 - 0x00007ff7222ee000 	c:\Users\Vidusha\.vscode\extensions\redhat.java-1.15.0-win32-x64\jre\17.0.6-win32-x86_64\bin\java.exe
0x00007ff81b870000 - 0x00007ff81ba84000 	C:\WINDOWS\SYSTEM32\ntdll.dll
0x00007ff81aa60000 - 0x00007ff81ab23000 	C:\WINDOWS\System32\KERNEL32.DLL
0x00007ff818e60000 - 0x00007ff8191fc000 	C:\WINDOWS\System32\KERNELBASE.dll
0x00007ff8192a0000 - 0x00007ff8193b1000 	C:\WINDOWS\System32\ucrtbase.dll
0x00007ff808710000 - 0x00007ff808727000 	c:\Users\Vidusha\.vscode\extensions\redhat.java-1.15.0-win32-x64\jre\17.0.6-win32-x86_64\bin\jli.dll
0x00007ff8086d0000 - 0x00007ff8086e9000 	c:\Users\Vidusha\.vscode\extensions\redhat.java-1.15.0-win32-x64\jre\17.0.6-win32-x86_64\bin\VCRUNTIME140.dll
0x00007ff81ab30000 - 0x00007ff81acdd000 	C:\WINDOWS\System32\USER32.dll
0x00007ffff8cc0000 - 0x00007ffff8f4e000 	C:\WINDOWS\WinSxS\amd64_microsoft.windows.common-controls_6595b64144ccf1df_6.0.22621.608_none_a9444ca7c10bb01d\COMCTL32.dll
0x00007ff819650000 - 0x00007ff819676000 	C:\WINDOWS\System32\win32u.dll
0x00007ff81b160000 - 0x00007ff81b189000 	C:\WINDOWS\System32\GDI32.dll
0x00007ff81b680000 - 0x00007ff81b727000 	C:\WINDOWS\System32\msvcrt.dll
0x00007ff819530000 - 0x00007ff819642000 	C:\WINDOWS\System32\gdi32full.dll
0x00007ff819200000 - 0x00007ff81929a000 	C:\WINDOWS\System32\msvcp_win.dll
0x00007ff81b3d0000 - 0x00007ff81b402000 	C:\WINDOWS\System32\IMM32.DLL
0x00007ff80f2c0000 - 0x00007ff80f2cc000 	c:\Users\Vidusha\.vscode\extensions\redhat.java-1.15.0-win32-x64\jre\17.0.6-win32-x86_64\bin\vcruntime140_1.dll
0x00007fffd01b0000 - 0x00007fffd0241000 	c:\Users\Vidusha\.vscode\extensions\redhat.java-1.15.0-win32-x64\jre\17.0.6-win32-x86_64\bin\msvcp140.dll
0x00007fffc1ef0000 - 0x00007fffc2b37000 	c:\Users\Vidusha\.vscode\extensions\redhat.java-1.15.0-win32-x64\jre\17.0.6-win32-x86_64\bin\server\jvm.dll
0x00007ff819da0000 - 0x00007ff819e4e000 	C:\WINDOWS\System32\ADVAPI32.dll
0x00007ff819c10000 - 0x00007ff819cb4000 	C:\WINDOWS\System32\sechost.dll
0x00007ff81b560000 - 0x00007ff81b675000 	C:\WINDOWS\System32\RPCRT4.dll
0x00007ff80de00000 - 0x00007ff80de34000 	C:\WINDOWS\SYSTEM32\WINMM.dll
0x00007ff810d70000 - 0x00007ff810d79000 	C:\WINDOWS\SYSTEM32\WSOCK32.dll
0x00007ff80baa0000 - 0x00007ff80baaa000 	C:\WINDOWS\SYSTEM32\VERSION.dll
0x00007ff819cc0000 - 0x00007ff819d31000 	C:\WINDOWS\System32\WS2_32.dll
0x00007ff817df0000 - 0x00007ff817e08000 	C:\WINDOWS\SYSTEM32\kernel.appcore.dll
0x00007ff80bde0000 - 0x00007ff80bdea000 	c:\Users\Vidusha\.vscode\extensions\redhat.java-1.15.0-win32-x64\jre\17.0.6-win32-x86_64\bin\jimage.dll
0x00007ff8165d0000 - 0x00007ff8167fe000 	C:\WINDOWS\SYSTEM32\DBGHELP.DLL
0x00007ff819820000 - 0x00007ff819baa000 	C:\WINDOWS\System32\combase.dll
0x00007ff81b410000 - 0x00007ff81b4e7000 	C:\WINDOWS\System32\OLEAUT32.dll
0x00007ff8077f0000 - 0x00007ff807822000 	C:\WINDOWS\SYSTEM32\dbgcore.DLL
0x00007ff818d20000 - 0x00007ff818d9b000 	C:\WINDOWS\System32\bcryptPrimitives.dll
0x00007ff808570000 - 0x00007ff808595000 	c:\Users\Vidusha\.vscode\extensions\redhat.java-1.15.0-win32-x64\jre\17.0.6-win32-x86_64\bin\java.dll
0x00007ff8084a0000 - 0x00007ff8084b8000 	c:\Users\Vidusha\.vscode\extensions\redhat.java-1.15.0-win32-x64\jre\17.0.6-win32-x86_64\bin\zip.dll
0x00007ff81a170000 - 0x00007ff81a95f000 	C:\WINDOWS\System32\SHELL32.dll
0x00007ff816ce0000 - 0x00007ff8175a8000 	C:\WINDOWS\SYSTEM32\windows.storage.dll
0x00007ff816ba0000 - 0x00007ff816cde000 	C:\WINDOWS\SYSTEM32\wintypes.dll
0x00007ff81b730000 - 0x00007ff81b821000 	C:\WINDOWS\System32\SHCORE.dll
0x00007ff819bb0000 - 0x00007ff819c0e000 	C:\WINDOWS\System32\shlwapi.dll
0x00007ff818be0000 - 0x00007ff818c01000 	C:\WINDOWS\SYSTEM32\profapi.dll
0x00007ff808480000 - 0x00007ff808499000 	C:\Users\Vidusha\.vscode\extensions\redhat.java-1.15.0-win32-x64\jre\17.0.6-win32-x86_64\bin\net.dll
0x00007ff810df0000 - 0x00007ff810f1f000 	C:\WINDOWS\SYSTEM32\WINHTTP.dll
0x00007ff818260000 - 0x00007ff8182c9000 	C:\WINDOWS\system32\mswsock.dll
0x00007ff800970000 - 0x00007ff800985000 	C:\Users\Vidusha\.vscode\extensions\redhat.java-1.15.0-win32-x64\jre\17.0.6-win32-x86_64\bin\nio.dll
0x00007ff80a800000 - 0x00007ff80a810000 	c:\Users\Vidusha\.vscode\extensions\redhat.java-1.15.0-win32-x64\jre\17.0.6-win32-x86_64\bin\verify.dll
0x00007ff8184b0000 - 0x00007ff8184cb000 	C:\WINDOWS\SYSTEM32\CRYPTSP.dll
0x00007ff817d60000 - 0x00007ff817d95000 	C:\WINDOWS\system32\rsaenh.dll
0x00007ff818350000 - 0x00007ff818378000 	C:\WINDOWS\SYSTEM32\USERENV.dll
0x00007ff818670000 - 0x00007ff818698000 	C:\WINDOWS\SYSTEM32\bcrypt.dll
0x00007ff8184d0000 - 0x00007ff8184dc000 	C:\WINDOWS\SYSTEM32\CRYPTBASE.dll
0x00007ff817900000 - 0x00007ff81792d000 	C:\WINDOWS\SYSTEM32\IPHLPAPI.DLL
0x00007ff81a040000 - 0x00007ff81a049000 	C:\WINDOWS\System32\NSI.dll
0x00007ff80f420000 - 0x00007ff80f439000 	C:\WINDOWS\SYSTEM32\dhcpcsvc6.DLL
0x00007ff80ed60000 - 0x00007ff80ed7f000 	C:\WINDOWS\SYSTEM32\dhcpcsvc.DLL
0x00007ff817930000 - 0x00007ff817a23000 	C:\WINDOWS\SYSTEM32\DNSAPI.dll
0x00007ff811580000 - 0x00007ff811589000 	C:\Users\Vidusha\.vscode\extensions\redhat.java-1.15.0-win32-x64\jre\17.0.6-win32-x86_64\bin\management.dll
0x00007ff810d50000 - 0x00007ff810d5b000 	C:\Users\Vidusha\.vscode\extensions\redhat.java-1.15.0-win32-x64\jre\17.0.6-win32-x86_64\bin\management_ext.dll
0x00007ff81aa50000 - 0x00007ff81aa58000 	C:\WINDOWS\System32\PSAPI.DLL

dbghelp: loaded successfully - version: 4.0.5 - missing functions: none
symbol engine: initialized successfully - sym options: 0x614 - pdb path: .;c:\Users\Vidusha\.vscode\extensions\redhat.java-1.15.0-win32-x64\jre\17.0.6-win32-x86_64\bin;C:\WINDOWS\SYSTEM32;C:\WINDOWS\WinSxS\amd64_microsoft.windows.common-controls_6595b64144ccf1df_6.0.22621.608_none_a9444ca7c10bb01d;c:\Users\Vidusha\.vscode\extensions\redhat.java-1.15.0-win32-x64\jre\17.0.6-win32-x86_64\bin\server

VM Arguments:
jvm_args: -XX:+HeapDumpOnOutOfMemoryError -Xmx1024m -Dsts.lsp.client=vscode -Dsts.log.file=/dev/null -XX:TieredStopAtLevel=1 -Xlog:jni+resolve=off -Dspring.config.location=file:c:\Users\Vidusha\.vscode\extensions\vmware.vscode-spring-boot-1.44.0\language-server\BOOT-INF\classes\application.properties 
java_command: org.springframework.ide.vscode.boot.app.BootLanguageServerBootApp
java_class_path (initial): c:\Users\Vidusha\.vscode\extensions\vmware.vscode-spring-boot-1.44.0\language-server\BOOT-INF\classes;c:\Users\Vidusha\.vscode\extensions\vmware.vscode-spring-boot-1.44.0\language-server\BOOT-INF\lib\annotations-24.0.0.jar;c:\Users\Vidusha\.vscode\extensions\vmware.vscode-spring-boot-1.44.0\language-server\BOOT-INF\lib\ant-1.10.13.jar;c:\Users\Vidusha\.vscode\extensions\vmware.vscode-spring-boot-1.44.0\language-server\BOOT-INF\lib\ant-launcher-1.10.13.jar;c:\Users\Vidusha\.vscode\extensions\vmware.vscode-spring-boot-1.44.0\language-server\BOOT-INF\lib\antlr-runtime-3.5.2.jar;c:\Users\Vidusha\.vscode\extensions\vmware.vscode-spring-boot-1.44.0\language-server\BOOT-INF\lib\antlr4-4.9.3.jar;c:\Users\Vidusha\.vscode\extensions\vmware.vscode-spring-boot-1.44.0\language-server\BOOT-INF\lib\antlr4-runtime-4.9.3.jar;c:\Users\Vidusha\.vscode\extensions\vmware.vscode-spring-boot-1.44.0\language-server\BOOT-INF\lib\apiguardian-api-1.1.2.jar;c:\Users\Vidusha\.vscode\extensions\vmware.vscode-spring-boot-1.44.0\language-server\BOOT-INF\lib\asm-9.4.jar;c:\Users\Vidusha\.vscode\extensions\vmware.vscode-spring-boot-1.44.0\language-server\BOOT-INF\lib\asm-analysis-9.4.jar;c:\Users\Vidusha\.vscode\extensions\vmware.vscode-spring-boot-1.44.0\language-server\BOOT-INF\lib\asm-tree-9.4.jar;c:\Users\Vidusha\.vscode\extensions\vmware.vscode-spring-boot-1.44.0\language-server\BOOT-INF\lib\asm-util-9.4.jar;c:\Users\Vidusha\.vscode\extensions\vmware.vscode-spring-boot-1.44.0\language-server\BOOT-INF\lib\caffeine-3.1.2.jar;c:\Users\Vidusha\.vscode\extensions\vmware.vscode-spring-boot-1.44.0\language-server\BOOT-INF\lib\checker-qual-3.12.0.jar;c:\Users\Vidusha\.vscode\extensions\vmware.vscode-spring-boot-1.44.0\language-server\BOOT-INF\lib\ci-environment-9.1.0.jar;c:\Users\Vidusha\.vscode\extensions\vmware.vscode-spring-boot-1.44.0\language-server\BOOT-INF\lib\classgraph-4.8.149.jar;c:\Users\Vidusha\.vscode\extensions\vmware.vscode-spring-boot-1.44.0\language-server\
Launcher Type: SUN_STANDARD

[Global flags]
     intx CICompilerCount                          = 4                                         {product} {ergonomic}
     uint ConcGCThreads                            = 2                                         {product} {ergonomic}
     uint G1ConcRefinementThreads                  = 8                                         {product} {ergonomic}
   size_t G1HeapRegionSize                         = 1048576                                   {product} {ergonomic}
    uintx GCDrainStackTargetSize                   = 64                                        {product} {ergonomic}
     bool HeapDumpOnOutOfMemoryError               = true                                   {manageable} {command line}
   size_t InitialHeapSize                          = 130023424                                 {product} {ergonomic}
   size_t MarkStackSize                            = 4194304                                   {product} {ergonomic}
   size_t MaxHeapSize                              = 1073741824                                {product} {command line}
   size_t MaxNewSize                               = 643825664                                 {product} {ergonomic}
   size_t MinHeapDeltaBytes                        = 1048576                                   {product} {ergonomic}
   size_t MinHeapSize                              = 8388608                                   {product} {ergonomic}
    uintx NonProfiledCodeHeapSize                  = 0                                      {pd product} {ergonomic}
     bool ProfileInterpreter                       = false                                  {pd product} {command line}
    uintx ProfiledCodeHeapSize                     = 0                                      {pd product} {ergonomic}
   size_t SoftMaxHeapSize                          = 1073741824                             {manageable} {ergonomic}
     intx TieredStopAtLevel                        = 1                                         {product} {command line}
     bool UseCompressedClassPointers               = true                           {product lp64_product} {ergonomic}
     bool UseCompressedOops                        = true                           {product lp64_product} {ergonomic}
     bool UseG1GC                                  = true                                      {product} {ergonomic}
     bool UseLargePagesIndividualAllocation        = false                                  {pd product} {ergonomic}

Logging:
Log output configuration:
 #0: stdout all=warning,jni+resolve=off uptime,level,tags
 #1: stderr all=off uptime,level,tags

Environment Variables:
PATH=C:\Program Files\Java\jdk1.8.0_271\bin;C:\Program Files\Java\jdk-11.0.16.1\bin;C:\Program Files\Common Files\Oracle\Java\javapath;C:\Program Files (x86)\Common Files\Oracle\Java\javapath;C:\Windows\system32;C:\Windows;C:\Windows\System32\Wbem;C:\Windows\System32\WindowsPowerShell\v1.0\;C:\Windows\System32\OpenSSH\;C:\Program Files (x86)\NVIDIA Corporation\PhysX\Common;C:\Program Files\MySQL\MySQL Server 8.0\bin;C:\Program Files\Git\cmd;C:\WINDOWS\system32;C:\WINDOWS;C:\WINDOWS\System32\Wbem;C:\WINDOWS\System32\WindowsPowerShell\v1.0\;C:\WINDOWS\System32\OpenSSH\;C:\Program Files\nodejs\;C:\Users\Vidusha\AppData\Local\Android\Sdk\platform-tools;C:\Program Files\MySQL\MySQL Shell 8.0\bin\;C:\Users\Vidusha\AppData\Local\Microsoft\WindowsApps;C:\Program Files\JetBrains\IntelliJ IDEA Community Edition 2020.3.3\bin;;C:\Users\Vidusha\AppData\Local\Programs\Microsoft VS Code\bin;C:\Users\Vidusha\AppData\Local\GitHubDesktop\bin;C:\Users\Vidusha\AppData\Roaming\npm;
USERNAME=Vidusha
OS=Windows_NT
PROCESSOR_IDENTIFIER=Intel64 Family 6 Model 140 Stepping 1, GenuineIntel
TMP=C:\Users\Vidusha\AppData\Local\Temp
TEMP=C:\Users\Vidusha\AppData\Local\Temp



---------------  S Y S T E M  ---------------

OS:
 Windows 11 , 64 bit Build 22621 (10.0.22621.1194)
OS uptime: 0 days 3:22 hours

CPU: total 8 (initial active 8) (4 cores per cpu, 2 threads per core) family 6 model 140 stepping 1 microcode 0x9a, cx8, cmov, fxsr, ht, mmx, 3dnowpref, sse, sse2, sse3, ssse3, sse4.1, sse4.2, popcnt, lzcnt, tsc, tscinvbit, avx, avx2, aes, erms, clmul, bmi1, bmi2, adx, avx512f, avx512dq, avx512cd, avx512bw, avx512vl, sha, fma, vzeroupper, avx512_vpopcntdq, avx512_vpclmulqdq, avx512_vaes, avx512_vnni, clflush, clflushopt, clwb, avx512_vbmi2, avx512_vbmi

Memory: 4k page, system-wide physical 7886M (333M free)
TotalPageFile size 17882M (AvailPageFile size 45M)
current process WorkingSet (physical memory assigned to process): 342M, peak: 342M
current process commit charge ("private bytes"): 396M, peak: 705M

vm_info: OpenJDK 64-Bit Server VM (17.0.6+10) for windows-amd64 JRE (17.0.6+10), built on Jan 18 2023 10:08:59 by "temurin" with MS VC++ 16.7 (VS2019)

END.
